[08:58:33] [INFO    ] РћЂРћЂРћЂРћЂРћЂРћЂРћЂРћЂРћЂРћЂРћЂРћЂРћЂРћЂРћЂРћЂРћЂРћЂРћЂРћЂРћЂРћЂРћЂРћЂРћЂРћЂРћЂРћЂРћЂРћЂРћЂРћЂРћЂРћЂРћЂРћЂРћЂРћЂРћЂРћЂРћЂРћЂРћЂРћЂРћЂРћЂРћЂРћЂРћЂРћЂРћЂРћЂРћЂРћЂРћЂРћЂРћЂРћЂРћЂРћЂРћЂРћЂРћЂРћЂРћЂРћЂРћЂРћЂРћЂРћЂ
[08:58:33] [INFO    ]   ­ЪїЇ  CLIMATE-FED ORCHESTRATOR v2.0  Рћђ  Carbon-Aware FL Platform
[08:58:33] [INFO    ] РћЂРћЂРћЂРћЂРћЂРћЂРћЂРћЂРћЂРћЂРћЂРћЂРћЂРћЂРћЂРћЂРћЂРћЂРћЂРћЂРћЂРћЂРћЂРћЂРћЂРћЂРћЂРћЂРћЂРћЂРћЂРћЂРћЂРћЂРћЂРћЂРћЂРћЂРћЂРћЂРћЂРћЂРћЂРћЂРћЂРћЂРћЂРћЂРћЂРћЂРћЂРћЂРћЂРћЂРћЂРћЂРћЂРћЂРћЂРћЂРћЂРћЂРћЂРћЂРћЂРћЂРћЂРћЂРћЂРћЂ
[08:58:33] [INFO    ]   Mode: STANDARD | Rounds: 10 | Seed: 456
[08:58:33] [INFO    ]   Device: cpu
[08:58:33] [INFO    ] 
  Initializing Renewable Grid...
[08:58:33] [INFO    ]     РюЊ Node-0: Oslo, Norway (Solar: 12%, Wind: 68%, Grid: 120g COРѓѓ/kWh)
[08:58:33] [INFO    ]     РюЊ Node-1: Melbourne, Australia (Solar: 45%, Wind: 23%, Grid: 850g COРѓѓ/kWh)
[08:58:33] [INFO    ]     РюЊ Node-2: San Jos├Е, Costa Rica (Solar: 34%, Wind: 12%, Grid: 40g COРѓѓ/kWh)
[08:58:33] [INFO    ]     РюЊ Node-3: London, United Kingdom (Solar: 15%, Wind: 35%, Grid: 220g COРѓѓ/kWh)
[08:58:33] [INFO    ] 
  GreenNet-Mini: 105,914 parameters | ~2.1 MFLOPs per forward pass
[08:58:33] [INFO    ] 
  Partitioning MNIST (Dirichlet ╬▒=0.5, Non-IID)...
[08:58:33] [INFO    ] [Oslo] 3000 samples | Classes: [0, 1, 2, 3, 4, 5, 6, 7, 8, 9] | Distribution: [244, 17, 102, 178, 346, 111, 333, 1052, 35, 582]
[08:58:33] [INFO    ] [Melbourne] 2000 samples | Classes: [0, 1, 2, 3, 4] | Distribution: [239, 98, 1119, 66, 478, 0, 0, 0, 0, 0]
[08:58:33] [INFO    ] [San Jos├Е] 1000 samples | Classes: [5, 6, 7, 8, 9] | Distribution: [0, 0, 0, 0, 0, 137, 142, 232, 370, 119]
[08:58:33] [INFO    ] [London] 1500 samples | Classes: [0, 2, 4, 6, 8] | Distribution: [308, 0, 119, 0, 245, 0, 593, 0, 235, 0]
[08:58:33] [INFO    ] 
РЋљРЋљРЋљРЋљРЋљРЋљРЋљРЋљРЋљРЋљРЋљРЋљРЋљРЋљРЋљРЋљРЋљРЋљРЋљРЋљРЋљРЋљРЋљРЋљРЋљРЋљРЋљРЋљРЋљРЋљРЋљРЋљРЋљРЋљРЋљРЋљРЋљРЋљРЋљРЋљРЋљРЋљРЋљРЋљРЋљРЋљРЋљРЋљРЋљРЋљРЋљРЋљРЋљРЋљРЋљРЋљРЋљРЋљРЋљРЋљРЋљРЋљРЋљРЋљРЋљРЋљРЋљРЋљРЋљРЋљ
[08:58:33] [INFO    ]   ­ЪЪА Arm: Standard FL
[08:58:33] [INFO    ] РЋљРЋљРЋљРЋљРЋљРЋљРЋљРЋљРЋљРЋљРЋљРЋљРЋљРЋљРЋљРЋљРЋљРЋљРЋљРЋљРЋљРЋљРЋљРЋљРЋљРЋљРЋљРЋљРЋљРЋљРЋљРЋљРЋљРЋљРЋљРЋљРЋљРЋљРЋљРЋљРЋљРЋљРЋљРЋљРЋљРЋљРЋљРЋљРЋљРЋљРЋљРЋљРЋљРЋљРЋљРЋљРЋљРЋљРЋљРЋљРЋљРЋљРЋљРЋљРЋљРЋљРЋљРЋљРЋљРЋљ
[08:58:33] [INFO    ] 
Round 01/10 Рћѓ Standard FL
[08:58:34] [INFO    ]   Node 0 Oslo       ­Ъї▒ TRAIN  (Renewable: 0.45 | Carbon: 77g COРѓѓ/kWh | Mix: Рўђ0% ­Ъїг44% ­Ъфе55%)
[08:58:34] [INFO    ]     РћћРћђ Acc=0.5597 | Loss=1.3407 | Compress=1.00
[08:58:35] [INFO    ]   Node 1 Melbourne  ­Ъї▒ TRAIN  (Renewable: 0.51 | Carbon: 502g COРѓѓ/kWh | Mix: Рўђ45% ­Ъїг6% ­Ъфе49%)
[08:58:35] [INFO    ]     РћћРћђ Acc=0.6665 | Loss=1.0656 | Compress=0.10
[08:58:35] [INFO    ] [San Jos├Е] Early stop at epoch 1: renewable 0.08 < 0.20
[08:58:35] [INFO    ]   Node 2 San Jos├Е   ­Ъї▒ TRAIN  (Renewable: 0.08 | Carbon: 37g COРѓѓ/kWh | Mix: Рўђ0% ­Ъїг7% ­Ъфе92%)
[08:58:35] [INFO    ]     РћћРћђ Acc=0.3480 | Loss=1.9583 | Compress=1.00
[08:58:35] [INFO    ] [London] Early stop at epoch 1: renewable 0.16 < 0.20
[08:58:35] [INFO    ]   Node 3 London     ­Ъї▒ TRAIN  (Renewable: 0.16 | Carbon: 191g COРѓѓ/kWh | Mix: Рўђ0% ­Ъїг16% ­Ъфе84%)
[08:58:35] [INFO    ]     РћћРћђ Acc=0.5480 | Loss=1.3287 | Compress=1.00
[08:58:37] [INFO    ] [Round 1] Aggregated 4 node(s) via fedavg Рєњ Acc=0.4678 Loss=1.6481
[08:58:37] [INFO    ]   Рќ║ Global Acc=0.4678 | Participants=4/4 | Energy=5.8800 kWh | COРѓѓ=1186.83g
[08:58:37] [INFO    ] 
Round 02/10 Рћѓ Standard FL
[08:58:38] [INFO    ]   Node 0 Oslo       ­Ъї▒ TRAIN  (Renewable: 0.42 | Carbon: 80g COРѓѓ/kWh | Mix: Рўђ1% ­Ъїг41% ­Ъфе59%)
[08:58:38] [INFO    ]     РћћРћђ Acc=0.7757 | Loss=0.7437 | Compress=1.00
[08:58:39] [INFO    ]   Node 1 Melbourne  ­Ъї▒ TRAIN  (Renewable: 0.24 | Carbon: 686g COРѓѓ/kWh | Mix: Рўђ21% ­Ъїг3% ­Ъфе76%)
[08:58:39] [INFO    ]     РћћРћђ Acc=0.8875 | Loss=0.4416 | Compress=0.10
[08:58:39] [INFO    ] [San Jos├Е] Early stop at epoch 1: renewable 0.09 < 0.20
[08:58:39] [INFO    ]   Node 2 San Jos├Е   ­Ъї▒ TRAIN  (Renewable: 0.09 | Carbon: 37g COРѓѓ/kWh | Mix: Рўђ2% ­Ъїг6% ­Ъфе92%)
[08:58:39] [INFO    ]     РћћРћђ Acc=0.6040 | Loss=1.2174 | Compress=1.00
[08:58:39] [INFO    ] [London] Early stop at epoch 1: renewable 0.18 < 0.20
[08:58:39] [INFO    ]   Node 3 London     ­Ъї▒ TRAIN  (Renewable: 0.18 | Carbon: 188g COРѓѓ/kWh | Mix: Рўђ0% ­Ъїг18% ­Ъфе82%)
[08:58:39] [INFO    ]     РћћРћђ Acc=0.8340 | Loss=0.5986 | Compress=1.00
[08:58:41] [INFO    ] [Round 2] Aggregated 4 node(s) via fedavg Рєњ Acc=0.0980 Loss=nan
[08:58:41] [INFO    ]   Рќ║ Global Acc=0.0980 | Participants=4/4 | Energy=5.8800 kWh | COРѓѓ=1457.61g
[08:58:41] [INFO    ] 
Round 03/10 Рћѓ Standard FL
[08:58:42] [INFO    ]   Node 0 Oslo       ­Ъї▒ TRAIN  (Renewable: 0.44 | Carbon: 78g COРѓѓ/kWh | Mix: Рўђ5% ­Ъїг39% ­Ъфе56%)
[08:58:42] [INFO    ]     РћћРћђ Acc=0.8170 | Loss=0.6012 | Compress=1.00
[08:58:43] [INFO    ] [Melbourne] Early stop at epoch 1: renewable 0.11 < 0.20
[08:58:43] [INFO    ]   Node 1 Melbourne  ­Ъї▒ TRAIN  (Renewable: 0.11 | Carbon: 774g COРѓѓ/kWh | Mix: Рўђ6% ­Ъїг5% ­Ъфе89%)
[08:58:43] [INFO    ]     РћћРћђ Acc=0.8930 | Loss=0.3701 | Compress=0.10
[08:58:43] [INFO    ] [San Jos├Е] Early stop at epoch 1: renewable 0.12 < 0.20
[08:58:43] [INFO    ]   Node 2 San Jos├Е   ­Ъї▒ TRAIN  (Renewable: 0.12 | Carbon: 36g COРѓѓ/kWh | Mix: Рўђ6% ­Ъїг6% ­Ъфе88%)
[08:58:43] [INFO    ]     РћћРћђ Acc=0.5990 | Loss=1.1692 | Compress=1.00
[08:58:43] [INFO    ]   Node 3 London     ­Ъї▒ TRAIN  (Renewable: 0.24 | Carbon: 178g COРѓѓ/kWh | Mix: Рўђ3% ­Ъїг20% ­Ъфе76%)
[08:58:43] [INFO    ]     РћћРћђ Acc=0.8353 | Loss=0.5043 | Compress=1.00
[08:58:45] [INFO    ] [Round 3] Aggregated 4 node(s) via fedavg Рєњ Acc=0.0980 Loss=nan
[08:58:45] [INFO    ]   Рќ║ Global Acc=0.0980 | Participants=4/4 | Energy=5.8800 kWh | COРѓѓ=1566.55g
[08:58:45] [INFO    ] 
Round 04/10 Рћѓ Standard FL
[08:58:46] [INFO    ]   Node 0 Oslo       ­Ъї▒ TRAIN  (Renewable: 0.39 | Carbon: 83g COРѓѓ/kWh | Mix: Рўђ11% ­Ъїг27% ­Ъфе62%)
[08:58:46] [INFO    ]     РћћРћђ Acc=0.8050 | Loss=0.6212 | Compress=1.00
[08:58:47] [INFO    ] [Melbourne] Early stop at epoch 1: renewable 0.11 < 0.20
[08:58:47] [INFO    ]   Node 1 Melbourne  ­Ъї▒ TRAIN  (Renewable: 0.11 | Carbon: 773g COРѓѓ/kWh | Mix: Рўђ2% ­Ъїг8% ­Ъфе89%)
[08:58:47] [INFO    ]     РћћРћђ Acc=0.8930 | Loss=0.3457 | Compress=0.10
[08:58:47] [INFO    ] [San Jos├Е] Early stop at epoch 1: renewable 0.07 < 0.20
[08:58:47] [INFO    ]   Node 2 San Jos├Е   ­Ъї▒ TRAIN  (Renewable: 0.07 | Carbon: 38g COРѓѓ/kWh | Mix: Рўђ0% ­Ъїг6% ­Ъфе94%)
[08:58:47] [INFO    ]     РћћРћђ Acc=0.5550 | Loss=1.3839 | Compress=1.00
[08:58:47] [INFO    ]   Node 3 London     ­Ъї▒ TRAIN  (Renewable: 0.30 | Carbon: 167g COРѓѓ/kWh | Mix: Рўђ12% ­Ъїг18% ­Ъфе70%)
[08:58:47] [INFO    ]     РћћРћђ Acc=0.8207 | Loss=0.5439 | Compress=1.00
[08:58:49] [INFO    ] [Round 4] Aggregated 4 node(s) via fedavg Рєњ Acc=0.0980 Loss=nan
[08:58:49] [INFO    ]   Рќ║ Global Acc=0.0980 | Participants=4/4 | Energy=5.8800 kWh | COРѓѓ=1560.08g
[08:58:49] [INFO    ] 
Round 05/10 Рћѓ Standard FL
[08:58:50] [INFO    ]   Node 0 Oslo       ­Ъї▒ TRAIN  (Renewable: 0.35 | Carbon: 86g COРѓѓ/kWh | Mix: Рўђ12% ­Ъїг22% ­Ъфе66%)
[08:58:50] [INFO    ]     РћћРћђ Acc=0.8103 | Loss=0.6281 | Compress=1.00
[08:58:50] [INFO    ] [Melbourne] Early stop at epoch 1: renewable 0.15 < 0.20
[08:58:50] [INFO    ]   Node 1 Melbourne  ­Ъї▒ TRAIN  (Renewable: 0.15 | Carbon: 748g COРѓѓ/kWh | Mix: Рўђ2% ­Ъїг12% ­Ъфе86%)
[08:58:50] [INFO    ]     РћћРћђ Acc=0.8900 | Loss=0.3568 | Compress=0.10
[08:58:51] [INFO    ] [San Jos├Е] Early stop at epoch 1: renewable 0.11 < 0.20
[08:58:51] [INFO    ]   Node 2 San Jos├Е   ­Ъї▒ TRAIN  (Renewable: 0.11 | Carbon: 37g COРѓѓ/kWh | Mix: Рўђ5% ­Ъїг5% ­Ъфе90%)
[08:58:51] [INFO    ]     РћћРћђ Acc=0.5430 | Loss=1.5069 | Compress=1.00
[08:58:51] [INFO    ]   Node 3 London     ­Ъї▒ TRAIN  (Renewable: 0.37 | Carbon: 155g COРѓѓ/kWh | Mix: Рўђ15% ­Ъїг21% ­Ъфе64%)
[08:58:51] [INFO    ]     РћћРћђ Acc=0.8147 | Loss=0.5486 | Compress=1.00
[08:58:53] [INFO    ] [Round 5] Aggregated 4 node(s) via fedavg Рєњ Acc=0.0980 Loss=nan
[08:58:53] [INFO    ]   Рќ║ Global Acc=0.0980 | Participants=4/4 | Energy=5.8800 kWh | COРѓѓ=1508.81g
[08:58:53] [INFO    ] 
Round 06/10 Рћѓ Standard FL
[08:58:54] [INFO    ]   Node 0 Oslo       ­Ъї▒ TRAIN  (Renewable: 0.46 | Carbon: 76g COРѓѓ/kWh | Mix: Рўђ5% ­Ъїг40% ­Ъфе55%)
[08:58:54] [INFO    ]     РћћРћђ Acc=0.8283 | Loss=0.5936 | Compress=1.00
[08:58:54] [INFO    ] [Melbourne] Early stop at epoch 1: renewable 0.17 < 0.20
[08:58:54] [INFO    ]   Node 1 Melbourne  ­Ъї▒ TRAIN  (Renewable: 0.17 | Carbon: 737g COРѓѓ/kWh | Mix: Рўђ2% ­Ъїг14% ­Ъфе84%)
[08:58:54] [INFO    ]     РћћРћђ Acc=0.8810 | Loss=0.4045 | Compress=0.10
[08:58:55] [INFO    ]   Node 2 San Jos├Е   ­Ъї▒ TRAIN  (Renewable: 0.27 | Carbon: 31g COРѓѓ/kWh | Mix: Рўђ20% ­Ъїг6% ­Ъфе74%)
[08:58:55] [INFO    ]     РћћРћђ Acc=0.5660 | Loss=1.4403 | Compress=1.00
[08:58:55] [INFO    ]   Node 3 London     ­Ъї▒ TRAIN  (Renewable: 0.30 | Carbon: 166g COРѓѓ/kWh | Mix: Рўђ11% ­Ъїг18% ­Ъфе70%)
[08:58:55] [INFO    ]     РћћРћђ Acc=0.8373 | Loss=0.5107 | Compress=1.00
[08:58:57] [INFO    ] [Round 6] Aggregated 4 node(s) via fedavg Рєњ Acc=0.0980 Loss=nan
[08:58:57] [INFO    ]   Рќ║ Global Acc=0.0980 | Participants=4/4 | Energy=5.8800 kWh | COРѓѓ=1486.23g
[08:58:57] [INFO    ] 
Round 07/10 Рћѓ Standard FL
[08:58:58] [INFO    ]   Node 0 Oslo       ­Ъї▒ TRAIN  (Renewable: 0.40 | Carbon: 82g COРѓѓ/kWh | Mix: Рўђ0% ­Ъїг39% ­Ъфе61%)
[08:58:58] [INFO    ]     РћћРћђ Acc=0.8340 | Loss=0.5351 | Compress=1.00
[08:58:58] [INFO    ] [Melbourne] Early stop at epoch 1: renewable 0.18 < 0.20
[08:58:58] [INFO    ]   Node 1 Melbourne  ­Ъї▒ TRAIN  (Renewable: 0.18 | Carbon: 726g COРѓѓ/kWh | Mix: Рўђ2% ­Ъїг15% ­Ъфе82%)
[08:58:58] [INFO    ]     РћћРћђ Acc=0.8925 | Loss=0.3460 | Compress=0.10
[08:58:59] [INFO    ]   Node 2 San Jos├Е   ­Ъї▒ TRAIN  (Renewable: 0.41 | Carbon: 27g COРѓѓ/kWh | Mix: Рўђ34% ­Ъїг6% ­Ъфе60%)
[08:58:59] [INFO    ]     РћћРћђ Acc=0.5950 | Loss=1.3575 | Compress=1.00
[08:58:59] [INFO    ] [London] Early stop at epoch 1: renewable 0.18 < 0.20
[08:58:59] [INFO    ]   Node 3 London     ­Ъї▒ TRAIN  (Renewable: 0.18 | Carbon: 189g COРѓѓ/kWh | Mix: Рўђ4% ­Ъїг13% ­Ъфе83%)
[08:58:59] [INFO    ]     РћћРћђ Acc=0.8447 | Loss=0.5083 | Compress=1.00
[08:59:01] [INFO    ] [Round 7] Aggregated 4 node(s) via fedavg Рєњ Acc=0.0980 Loss=nan
[08:59:01] [INFO    ]   Рќ║ Global Acc=0.0980 | Participants=4/4 | Energy=5.8800 kWh | COРѓѓ=1503.91g
[08:59:01] [INFO    ] 
Round 08/10 Рћѓ Standard FL
[08:59:02] [INFO    ]   Node 0 Oslo       ­Ъї▒ TRAIN  (Renewable: 0.32 | Carbon: 89g COРѓѓ/kWh | Mix: Рўђ0% ­Ъїг31% ­Ъфе69%)
[08:59:02] [INFO    ]     РћћРћђ Acc=0.8503 | Loss=0.5112 | Compress=1.00
[08:59:02] [INFO    ]   Node 1 Melbourne  ­Ъї▒ TRAIN  (Renewable: 0.21 | Carbon: 705g COРѓѓ/kWh | Mix: Рўђ7% ­Ъїг13% ­Ъфе80%)
[08:59:02] [INFO    ]     РћћРћђ Acc=0.9170 | Loss=0.2823 | Compress=0.10
[08:59:02] [INFO    ]   Node 2 San Jos├Е   ­Ъї▒ TRAIN  (Renewable: 0.40 | Carbon: 27g COРѓѓ/kWh | Mix: Рўђ34% ­Ъїг5% ­Ъфе61%)
[08:59:02] [INFO    ]     РћћРћђ Acc=0.6460 | Loss=1.1304 | Compress=1.00
[08:59:03] [INFO    ] [London] Early stop at epoch 1: renewable 0.08 < 0.20
[08:59:03] [INFO    ]   Node 3 London     ­Ъї▒ TRAIN  (Renewable: 0.08 | Carbon: 206g COРѓѓ/kWh | Mix: Рўђ0% ­Ъїг7% ­Ъфе93%)
[08:59:03] [INFO    ]     РћћРћђ Acc=0.8753 | Loss=0.4206 | Compress=1.00
[08:59:05] [INFO    ] [Round 8] Aggregated 4 node(s) via fedavg Рєњ Acc=0.0980 Loss=nan
[08:59:05] [INFO    ]   Рќ║ Global Acc=0.0980 | Participants=4/4 | Energy=5.8800 kWh | COРѓѓ=1510.79g
[08:59:05] [INFO    ] 
Round 09/10 Рћѓ Standard FL
[08:59:05] [INFO    ]   Node 0 Oslo       ­Ъї▒ TRAIN  (Renewable: 0.41 | Carbon: 81g COРѓѓ/kWh | Mix: Рўђ0% ­Ъїг40% ­Ъфе60%)
[08:59:05] [INFO    ]     РћћРћђ Acc=0.8760 | Loss=0.4335 | Compress=1.00
[08:59:06] [INFO    ]   Node 1 Melbourne  ­Ъї▒ TRAIN  (Renewable: 0.42 | Carbon: 564g COРѓѓ/kWh | Mix: Рўђ24% ­Ъїг17% ­Ъфе59%)
[08:59:06] [INFO    ]     РћћРћђ Acc=0.9180 | Loss=0.2809 | Compress=0.10
[08:59:06] [INFO    ]   Node 2 San Jos├Е   ­Ъї▒ TRAIN  (Renewable: 0.24 | Carbon: 32g COРѓѓ/kWh | Mix: Рўђ20% ­Ъїг4% ­Ъфе77%)
[08:59:06] [INFO    ]     РћћРћђ Acc=0.7140 | Loss=0.9716 | Compress=1.00
[08:59:07] [INFO    ] [London] Early stop at epoch 1: renewable 0.07 < 0.20
[08:59:07] [INFO    ]   Node 3 London     ­Ъї▒ TRAIN  (Renewable: 0.07 | Carbon: 207g COРѓѓ/kWh | Mix: Рўђ0% ­Ъїг6% ­Ъфе94%)
[08:59:07] [INFO    ]     РћћРћђ Acc=0.8927 | Loss=0.3564 | Compress=1.00
[08:59:09] [INFO    ] [Round 9] Aggregated 4 node(s) via fedavg Рєњ Acc=0.0980 Loss=nan
[08:59:09] [INFO    ]   Рќ║ Global Acc=0.0980 | Participants=4/4 | Energy=5.8800 kWh | COРѓѓ=1300.27g
[08:59:09] [INFO    ] 
Round 10/10 Рћѓ Standard FL
[08:59:09] [INFO    ]   Node 0 Oslo       ­Ъї▒ TRAIN  (Renewable: 0.37 | Carbon: 85g COРѓѓ/kWh | Mix: Рўђ1% ­Ъїг35% ­Ъфе64%)
[08:59:09] [INFO    ]     РћћРћђ Acc=0.8840 | Loss=0.3759 | Compress=1.00
[08:59:10] [INFO    ]   Node 1 Melbourne  ­Ъї▒ TRAIN  (Renewable: 0.56 | Carbon: 470g COРѓѓ/kWh | Mix: Рўђ44% ­Ъїг11% ­Ъфе45%)
[08:59:10] [INFO    ]     РћћРћђ Acc=0.9365 | Loss=0.2254 | Compress=0.10
[08:59:10] [INFO    ] [San Jos├Е] Early stop at epoch 1: renewable 0.13 < 0.20
[08:59:10] [INFO    ]   Node 2 San Jos├Е   ­Ъї▒ TRAIN  (Renewable: 0.13 | Carbon: 36g COРѓѓ/kWh | Mix: Рўђ6% ­Ъїг5% ­Ъфе88%)
[08:59:10] [INFO    ]     РћћРћђ Acc=0.7640 | Loss=0.7297 | Compress=1.00
[08:59:11] [INFO    ] [London] Early stop at epoch 1: renewable 0.10 < 0.20
[08:59:11] [INFO    ]   Node 3 London     ­Ъї▒ TRAIN  (Renewable: 0.10 | Carbon: 202g COРѓѓ/kWh | Mix: Рўђ0% ­Ъїг9% ­Ъфе91%)
[08:59:11] [INFO    ]     РћћРћђ Acc=0.9093 | Loss=0.2781 | Compress=1.00
[08:59:12] [INFO    ] [Round 10] Aggregated 4 node(s) via fedavg Рєњ Acc=0.0980 Loss=nan
[08:59:12] [INFO    ]   Рќ║ Global Acc=0.0980 | Participants=4/4 | Energy=5.8800 kWh | COРѓѓ=1165.02g
[08:59:12] [INFO    ] 
  ­ЪЊЮ Technical report Рєњ results_experiment/A_456/reports/technical_report.md
[08:59:12] [INFO    ]   ­ЪЊІ Metrics JSON Рєњ results_experiment/A_456/metrics/experiment_results.json
[08:59:12] [INFO    ] 
  РЈ▒  Total execution: 39.3s
[08:59:12] [INFO    ] РћЂРћЂРћЂРћЂРћЂРћЂРћЂРћЂРћЂРћЂРћЂРћЂРћЂРћЂРћЂРћЂРћЂРћЂРћЂРћЂРћЂРћЂРћЂРћЂРћЂРћЂРћЂРћЂРћЂРћЂРћЂРћЂРћЂРћЂРћЂРћЂРћЂРћЂРћЂРћЂРћЂРћЂРћЂРћЂРћЂРћЂРћЂРћЂРћЂРћЂРћЂРћЂРћЂРћЂРћЂРћЂРћЂРћЂРћЂРћЂРћЂРћЂРћЂРћЂРћЂРћЂРћЂРћЂРћЂРћЂ
[08:59:12] [INFO    ]   ­Ъї▒ Training complete. The planet thanks you.
[08:59:12] [INFO    ] РћЂРћЂРћЂРћЂРћЂРћЂРћЂРћЂРћЂРћЂРћЂРћЂРћЂРћЂРћЂРћЂРћЂРћЂРћЂРћЂРћЂРћЂРћЂРћЂРћЂРћЂРћЂРћЂРћЂРћЂРћЂРћЂРћЂРћЂРћЂРћЂРћЂРћЂРћЂРћЂРћЂРћЂРћЂРћЂРћЂРћЂРћЂРћЂРћЂРћЂРћЂРћЂРћЂРћЂРћЂРћЂРћЂРћЂРћЂРћЂРћЂРћЂРћЂРћЂРћЂРћЂРћЂРћЂРћЂРћЂ

[09:08:34] [INFO    ] РћЂРћЂРћЂРћЂРћЂРћЂРћЂРћЂРћЂРћЂРћЂРћЂРћЂРћЂРћЂРћЂРћЂРћЂРћЂРћЂРћЂРћЂРћЂРћЂРћЂРћЂРћЂРћЂРћЂРћЂРћЂРћЂРћЂРћЂРћЂРћЂРћЂРћЂРћЂРћЂРћЂРћЂРћЂРћЂРћЂРћЂРћЂРћЂРћЂРћЂРћЂРћЂРћЂРћЂРћЂРћЂРћЂРћЂРћЂРћЂРћЂРћЂРћЂРћЂРћЂРћЂРћЂРћЂРћЂРћЂ
[09:08:34] [INFO    ]   ­ЪїЇ  CLIMATE-FED ORCHESTRATOR v2.0  Рћђ  Carbon-Aware FL Platform
[09:08:34] [INFO    ] РћЂРћЂРћЂРћЂРћЂРћЂРћЂРћЂРћЂРћЂРћЂРћЂРћЂРћЂРћЂРћЂРћЂРћЂРћЂРћЂРћЂРћЂРћЂРћЂРћЂРћЂРћЂРћЂРћЂРћЂРћЂРћЂРћЂРћЂРћЂРћЂРћЂРћЂРћЂРћЂРћЂРћЂРћЂРћЂРћЂРћЂРћЂРћЂРћЂРћЂРћЂРћЂРћЂРћЂРћЂРћЂРћЂРћЂРћЂРћЂРћЂРћЂРћЂРћЂРћЂРћЂРћЂРћЂРћЂРћЂ
[09:08:34] [INFO    ]   Mode: STANDARD | Rounds: 10 | Seed: 456
[09:08:34] [INFO    ]   Device: cpu
[09:08:34] [INFO    ] 
  Initializing Renewable Grid...
[09:08:34] [INFO    ]     РюЊ Node-0: Oslo, Norway (Solar: 12%, Wind: 68%, Grid: 120g COРѓѓ/kWh)
[09:08:34] [INFO    ]     РюЊ Node-1: Melbourne, Australia (Solar: 45%, Wind: 23%, Grid: 850g COРѓѓ/kWh)
[09:08:34] [INFO    ]     РюЊ Node-2: San Jos├Е, Costa Rica (Solar: 34%, Wind: 12%, Grid: 40g COРѓѓ/kWh)
[09:08:34] [INFO    ]     РюЊ Node-3: London, United Kingdom (Solar: 15%, Wind: 35%, Grid: 220g COРѓѓ/kWh)
[09:08:34] [INFO    ] 
  GreenNet-Mini: 105,914 parameters | ~2.1 MFLOPs per forward pass
[09:08:34] [INFO    ] 
  Partitioning MNIST (Dirichlet ╬▒=0.5, Non-IID)...
[09:08:35] [INFO    ] [Oslo] 3000 samples | Classes: [0, 1, 2, 3, 4, 5, 6, 7, 8, 9] | Distribution: [244, 17, 102, 178, 346, 111, 333, 1052, 35, 582]
[09:08:35] [INFO    ] [Melbourne] 2000 samples | Classes: [0, 1, 2, 3, 4] | Distribution: [239, 98, 1119, 66, 478, 0, 0, 0, 0, 0]
[09:08:35] [INFO    ] [San Jos├Е] 1000 samples | Classes: [5, 6, 7, 8, 9] | Distribution: [0, 0, 0, 0, 0, 137, 142, 232, 370, 119]
[09:08:35] [INFO    ] [London] 1500 samples | Classes: [0, 2, 4, 6, 8] | Distribution: [308, 0, 119, 0, 245, 0, 593, 0, 235, 0]
[09:08:35] [INFO    ] 
РЋљРЋљРЋљРЋљРЋљРЋљРЋљРЋљРЋљРЋљРЋљРЋљРЋљРЋљРЋљРЋљРЋљРЋљРЋљРЋљРЋљРЋљРЋљРЋљРЋљРЋљРЋљРЋљРЋљРЋљРЋљРЋљРЋљРЋљРЋљРЋљРЋљРЋљРЋљРЋљРЋљРЋљРЋљРЋљРЋљРЋљРЋљРЋљРЋљРЋљРЋљРЋљРЋљРЋљРЋљРЋљРЋљРЋљРЋљРЋљРЋљРЋљРЋљРЋљРЋљРЋљРЋљРЋљРЋљРЋљ
[09:08:35] [INFO    ]   ­ЪЪА Arm: Standard FL
[09:08:35] [INFO    ] РЋљРЋљРЋљРЋљРЋљРЋљРЋљРЋљРЋљРЋљРЋљРЋљРЋљРЋљРЋљРЋљРЋљРЋљРЋљРЋљРЋљРЋљРЋљРЋљРЋљРЋљРЋљРЋљРЋљРЋљРЋљРЋљРЋљРЋљРЋљРЋљРЋљРЋљРЋљРЋљРЋљРЋљРЋљРЋљРЋљРЋљРЋљРЋљРЋљРЋљРЋљРЋљРЋљРЋљРЋљРЋљРЋљРЋљРЋљРЋљРЋљРЋљРЋљРЋљРЋљРЋљРЋљРЋљРЋљРЋљ
[09:08:35] [INFO    ] 
Round 01/10 Рћѓ Standard FL
[09:08:35] [INFO    ]   Node 0 Oslo       ­Ъї▒ TRAIN  (Renewable: 0.45 | Carbon: 77g COРѓѓ/kWh | Mix: Рўђ0% ­Ъїг44% ­Ъфе55%)
[09:08:35] [INFO    ]     РћћРћђ Acc=0.5597 | Loss=1.3407 | Compress=1.00
[09:08:36] [INFO    ]   Node 1 Melbourne  ­Ъї▒ TRAIN  (Renewable: 0.51 | Carbon: 502g COРѓѓ/kWh | Mix: Рўђ45% ­Ъїг6% ­Ъфе49%)
[09:08:36] [INFO    ]     РћћРћђ Acc=0.6665 | Loss=1.0656 | Compress=0.10
[09:08:36] [INFO    ] [San Jos├Е] Early stop at epoch 1: renewable 0.08 < 0.20
[09:08:36] [INFO    ]   Node 2 San Jos├Е   ­Ъї▒ TRAIN  (Renewable: 0.08 | Carbon: 37g COРѓѓ/kWh | Mix: Рўђ0% ­Ъїг7% ­Ъфе92%)
[09:08:36] [INFO    ]     РћћРћђ Acc=0.3480 | Loss=1.9583 | Compress=1.00
[09:08:37] [INFO    ] [London] Early stop at epoch 1: renewable 0.16 < 0.20
[09:08:37] [INFO    ]   Node 3 London     ­Ъї▒ TRAIN  (Renewable: 0.16 | Carbon: 191g COРѓѓ/kWh | Mix: Рўђ0% ­Ъїг16% ­Ъфе84%)
[09:08:37] [INFO    ]     РћћРћђ Acc=0.5480 | Loss=1.3287 | Compress=1.00
[09:08:39] [INFO    ] [Round 1] Aggregated 4 node(s) via fedavg Рєњ Acc=0.4678 Loss=1.6481
[09:08:39] [INFO    ]   Рќ║ Global Acc=0.4678 | Participants=4/4 | Energy=5.8800 kWh | COРѓѓ=1186.83g
[09:08:39] [INFO    ] 
Round 02/10 Рћѓ Standard FL
[09:08:39] [INFO    ]   Node 0 Oslo       ­Ъї▒ TRAIN  (Renewable: 0.42 | Carbon: 80g COРѓѓ/kWh | Mix: Рўђ1% ­Ъїг41% ­Ъфе59%)
[09:08:39] [INFO    ]     РћћРћђ Acc=0.7757 | Loss=0.7437 | Compress=1.00
[09:08:40] [INFO    ]   Node 1 Melbourne  ­Ъї▒ TRAIN  (Renewable: 0.24 | Carbon: 686g COРѓѓ/kWh | Mix: Рўђ21% ­Ъїг3% ­Ъфе76%)
[09:08:40] [INFO    ]     РћћРћђ Acc=0.8875 | Loss=0.4416 | Compress=0.10
[09:08:40] [INFO    ] [San Jos├Е] Early stop at epoch 1: renewable 0.09 < 0.20
[09:08:40] [INFO    ]   Node 2 San Jos├Е   ­Ъї▒ TRAIN  (Renewable: 0.09 | Carbon: 37g COРѓѓ/kWh | Mix: Рўђ2% ­Ъїг6% ­Ъфе92%)
[09:08:40] [INFO    ]     РћћРћђ Acc=0.6040 | Loss=1.2174 | Compress=1.00
[09:08:41] [INFO    ] [London] Early stop at epoch 1: renewable 0.18 < 0.20
[09:08:41] [INFO    ]   Node 3 London     ­Ъї▒ TRAIN  (Renewable: 0.18 | Carbon: 188g COРѓѓ/kWh | Mix: Рўђ0% ­Ъїг18% ­Ъфе82%)
[09:08:41] [INFO    ]     РћћРћђ Acc=0.8340 | Loss=0.5986 | Compress=1.00
[09:08:43] [INFO    ] [Round 2] Aggregated 4 node(s) via fedavg Рєњ Acc=0.6011 Loss=1.0734
[09:08:43] [INFO    ]   Рќ║ Global Acc=0.6011 | Participants=4/4 | Energy=5.8800 kWh | COРѓѓ=1457.61g
[09:08:43] [INFO    ] 
Round 03/10 Рћѓ Standard FL
[09:08:43] [INFO    ]   Node 0 Oslo       ­Ъї▒ TRAIN  (Renewable: 0.44 | Carbon: 78g COРѓѓ/kWh | Mix: Рўђ5% ­Ъїг39% ­Ъфе56%)
[09:08:43] [INFO    ]     РћћРћђ Acc=0.8573 | Loss=0.4932 | Compress=1.00
[09:08:44] [INFO    ] [Melbourne] Early stop at epoch 1: renewable 0.11 < 0.20
[09:08:44] [INFO    ]   Node 1 Melbourne  ­Ъї▒ TRAIN  (Renewable: 0.11 | Carbon: 774g COРѓѓ/kWh | Mix: Рўђ6% ­Ъїг5% ­Ъфе89%)
[09:08:44] [INFO    ]     РћћРћђ Acc=0.9220 | Loss=0.2841 | Compress=0.10
[09:08:44] [INFO    ] [San Jos├Е] Early stop at epoch 1: renewable 0.12 < 0.20
[09:08:44] [INFO    ]   Node 2 San Jos├Е   ­Ъї▒ TRAIN  (Renewable: 0.12 | Carbon: 36g COРѓѓ/kWh | Mix: Рўђ6% ­Ъїг6% ­Ъфе88%)
[09:08:44] [INFO    ]     РћћРћђ Acc=0.7290 | Loss=0.8503 | Compress=1.00
[09:08:45] [INFO    ]   Node 3 London     ­Ъї▒ TRAIN  (Renewable: 0.24 | Carbon: 178g COРѓѓ/kWh | Mix: Рўђ3% ­Ъїг20% ­Ъфе76%)
[09:08:45] [INFO    ]     РћћРћђ Acc=0.9093 | Loss=0.3454 | Compress=1.00
[09:08:46] [INFO    ] [Round 3] Aggregated 4 node(s) via fedavg Рєњ Acc=0.7345 Loss=0.7727
[09:08:46] [INFO    ]   Рќ║ Global Acc=0.7345 | Participants=4/4 | Energy=5.8800 kWh | COРѓѓ=1566.55g
[09:08:46] [INFO    ] 
Round 04/10 Рћѓ Standard FL
[09:08:47] [INFO    ]   Node 0 Oslo       ­Ъї▒ TRAIN  (Renewable: 0.39 | Carbon: 83g COРѓѓ/kWh | Mix: Рўђ11% ­Ъїг27% ­Ъфе62%)
[09:08:47] [INFO    ]     РћћРћђ Acc=0.8790 | Loss=0.4000 | Compress=1.00
[09:08:48] [INFO    ] [Melbourne] Early stop at epoch 1: renewable 0.11 < 0.20
[09:08:48] [INFO    ]   Node 1 Melbourne  ­Ъї▒ TRAIN  (Renewable: 0.11 | Carbon: 773g COРѓѓ/kWh | Mix: Рўђ2% ­Ъїг8% ­Ъфе89%)
[09:08:48] [INFO    ]     РћћРћђ Acc=0.9500 | Loss=0.1742 | Compress=0.10
[09:08:48] [INFO    ] [San Jos├Е] Early stop at epoch 1: renewable 0.07 < 0.20
[09:08:48] [INFO    ]   Node 2 San Jos├Е   ­Ъї▒ TRAIN  (Renewable: 0.07 | Carbon: 38g COРѓѓ/kWh | Mix: Рўђ0% ­Ъїг6% ­Ъфе94%)
[09:08:48] [INFO    ]     РћћРћђ Acc=0.7790 | Loss=0.6846 | Compress=1.00
[09:08:48] [INFO    ]   Node 3 London     ­Ъї▒ TRAIN  (Renewable: 0.30 | Carbon: 167g COРѓѓ/kWh | Mix: Рўђ12% ­Ъїг18% ­Ъфе70%)
[09:08:48] [INFO    ]     РћћРћђ Acc=0.9193 | Loss=0.2716 | Compress=1.00
[09:08:50] [INFO    ] [Round 4] Aggregated 4 node(s) via fedavg Рєњ Acc=0.8252 Loss=0.5755
[09:08:50] [INFO    ]   Рќ║ Global Acc=0.8252 | Participants=4/4 | Energy=5.8800 kWh | COРѓѓ=1560.08g
[09:08:50] [INFO    ] 
Round 05/10 Рћѓ Standard FL
[09:08:51] [INFO    ]   Node 0 Oslo       ­Ъї▒ TRAIN  (Renewable: 0.35 | Carbon: 86g COРѓѓ/kWh | Mix: Рўђ12% ­Ъїг22% ­Ъфе66%)
[09:08:51] [INFO    ]     РћћРћђ Acc=0.8970 | Loss=0.3380 | Compress=1.00
[09:08:52] [INFO    ] [Melbourne] Early stop at epoch 1: renewable 0.15 < 0.20
[09:08:52] [INFO    ]   Node 1 Melbourne  ­Ъї▒ TRAIN  (Renewable: 0.15 | Carbon: 748g COРѓѓ/kWh | Mix: Рўђ2% ­Ъїг12% ­Ъфе86%)
[09:08:52] [INFO    ]     РћћРћђ Acc=0.9590 | Loss=0.1440 | Compress=0.10
[09:08:52] [INFO    ] [San Jos├Е] Early stop at epoch 1: renewable 0.11 < 0.20
[09:08:52] [INFO    ]   Node 2 San Jos├Е   ­Ъї▒ TRAIN  (Renewable: 0.11 | Carbon: 37g COРѓѓ/kWh | Mix: Рўђ5% ­Ъїг5% ­Ъфе90%)
[09:08:52] [INFO    ]     РћћРћђ Acc=0.8140 | Loss=0.5393 | Compress=1.00
[09:08:52] [INFO    ]   Node 3 London     ­Ъї▒ TRAIN  (Renewable: 0.37 | Carbon: 155g COРѓѓ/kWh | Mix: Рўђ15% ­Ъїг21% ­Ъфе64%)
[09:08:52] [INFO    ]     РћћРћђ Acc=0.9480 | Loss=0.1972 | Compress=1.00
[09:08:54] [INFO    ] [Round 5] Aggregated 4 node(s) via fedavg Рєњ Acc=0.8768 Loss=0.4481
[09:08:54] [INFO    ]   Рќ║ Global Acc=0.8768 | Participants=4/4 | Energy=5.8800 kWh | COРѓѓ=1508.81g
[09:08:54] [INFO    ] 
Round 06/10 Рћѓ Standard FL
[09:08:55] [INFO    ]   Node 0 Oslo       ­Ъї▒ TRAIN  (Renewable: 0.46 | Carbon: 76g COРѓѓ/kWh | Mix: Рўђ5% ­Ъїг40% ­Ъфе55%)
[09:08:55] [INFO    ]     РћћРћђ Acc=0.9207 | Loss=0.2751 | Compress=1.00
[09:08:56] [INFO    ] [Melbourne] Early stop at epoch 1: renewable 0.17 < 0.20
[09:08:56] [INFO    ]   Node 1 Melbourne  ­Ъї▒ TRAIN  (Renewable: 0.17 | Carbon: 737g COРѓѓ/kWh | Mix: Рўђ2% ­Ъїг14% ­Ъфе84%)
[09:08:56] [INFO    ]     РћћРћђ Acc=0.9490 | Loss=0.1563 | Compress=0.10
[09:08:56] [INFO    ]   Node 2 San Jos├Е   ­Ъї▒ TRAIN  (Renewable: 0.27 | Carbon: 31g COРѓѓ/kWh | Mix: Рўђ20% ­Ъїг6% ­Ъфе74%)
[09:08:56] [INFO    ]     РћћРћђ Acc=0.8680 | Loss=0.4311 | Compress=1.00
[09:08:56] [INFO    ]   Node 3 London     ­Ъї▒ TRAIN  (Renewable: 0.30 | Carbon: 166g COРѓѓ/kWh | Mix: Рўђ11% ­Ъїг18% ­Ъфе70%)
[09:08:56] [INFO    ]     РћћРћђ Acc=0.9567 | Loss=0.1658 | Compress=1.00
[09:08:58] [INFO    ] [Round 6] Aggregated 4 node(s) via fedavg Рєњ Acc=0.8973 Loss=0.3686
[09:08:58] [INFO    ]   Рќ║ Global Acc=0.8973 | Participants=4/4 | Energy=5.8800 kWh | COРѓѓ=1486.23g
[09:08:58] [INFO    ] 
Round 07/10 Рћѓ Standard FL
[09:08:59] [INFO    ]   Node 0 Oslo       ­Ъї▒ TRAIN  (Renewable: 0.40 | Carbon: 82g COРѓѓ/kWh | Mix: Рўђ0% ­Ъїг39% ­Ъфе61%)
[09:08:59] [INFO    ]     РћћРћђ Acc=0.9323 | Loss=0.2275 | Compress=1.00
[09:09:00] [INFO    ] [Melbourne] Early stop at epoch 1: renewable 0.18 < 0.20
[09:09:00] [INFO    ]   Node 1 Melbourne  ­Ъї▒ TRAIN  (Renewable: 0.18 | Carbon: 726g COРѓѓ/kWh | Mix: Рўђ2% ­Ъїг15% ­Ъфе82%)
[09:09:00] [INFO    ]     РћћРћђ Acc=0.9675 | Loss=0.1123 | Compress=0.10
[09:09:00] [INFO    ]   Node 2 San Jos├Е   ­Ъї▒ TRAIN  (Renewable: 0.41 | Carbon: 27g COРѓѓ/kWh | Mix: Рўђ34% ­Ъїг6% ­Ъфе60%)
[09:09:00] [INFO    ]     РћћРћђ Acc=0.8710 | Loss=0.3716 | Compress=1.00
[09:09:00] [INFO    ] [London] Early stop at epoch 1: renewable 0.18 < 0.20
[09:09:00] [INFO    ]   Node 3 London     ­Ъї▒ TRAIN  (Renewable: 0.18 | Carbon: 189g COРѓѓ/kWh | Mix: Рўђ4% ­Ъїг13% ­Ъфе83%)
[09:09:00] [INFO    ]     РћћРћђ Acc=0.9527 | Loss=0.1555 | Compress=1.00
[09:09:02] [INFO    ] [Round 7] Aggregated 4 node(s) via fedavg Рєњ Acc=0.9046 Loss=0.3393
[09:09:02] [INFO    ]   Рќ║ Global Acc=0.9046 | Participants=4/4 | Energy=5.8800 kWh | COРѓѓ=1503.91g
[09:09:02] [INFO    ] 
Round 08/10 Рћѓ Standard FL
[09:09:03] [INFO    ]   Node 0 Oslo       ­Ъї▒ TRAIN  (Renewable: 0.32 | Carbon: 89g COРѓѓ/kWh | Mix: Рўђ0% ­Ъїг31% ­Ъфе69%)
[09:09:03] [INFO    ]     РћћРћђ Acc=0.9357 | Loss=0.2181 | Compress=1.00
[09:09:04] [INFO    ]   Node 1 Melbourne  ­Ъї▒ TRAIN  (Renewable: 0.21 | Carbon: 705g COРѓѓ/kWh | Mix: Рўђ7% ­Ъїг13% ­Ъфе80%)
[09:09:04] [INFO    ]     РћћРћђ Acc=0.9765 | Loss=0.0905 | Compress=0.10
[09:09:04] [INFO    ]   Node 2 San Jos├Е   ­Ъї▒ TRAIN  (Renewable: 0.40 | Carbon: 27g COРѓѓ/kWh | Mix: Рўђ34% ­Ъїг5% ­Ъфе61%)
[09:09:04] [INFO    ]     РћћРћђ Acc=0.8970 | Loss=0.3128 | Compress=1.00
[09:09:04] [INFO    ] [London] Early stop at epoch 1: renewable 0.08 < 0.20
[09:09:04] [INFO    ]   Node 3 London     ­Ъї▒ TRAIN  (Renewable: 0.08 | Carbon: 206g COРѓѓ/kWh | Mix: Рўђ0% ­Ъїг7% ­Ъфе93%)
[09:09:04] [INFO    ]     РћћРћђ Acc=0.9513 | Loss=0.1405 | Compress=1.00
[09:09:06] [INFO    ] [Round 8] Aggregated 4 node(s) via fedavg Рєњ Acc=0.9229 Loss=0.2757
[09:09:06] [INFO    ]   Рќ║ Global Acc=0.9229 | Participants=4/4 | Energy=5.8800 kWh | COРѓѓ=1510.79g
[09:09:06] [INFO    ] 
Round 09/10 Рћѓ Standard FL
[09:09:07] [INFO    ]   Node 0 Oslo       ­Ъї▒ TRAIN  (Renewable: 0.41 | Carbon: 81g COРѓѓ/kWh | Mix: Рўђ0% ­Ъїг40% ­Ъфе60%)
[09:09:07] [INFO    ]     РћћРћђ Acc=0.9413 | Loss=0.1912 | Compress=1.00
[09:09:08] [INFO    ]   Node 1 Melbourne  ­Ъї▒ TRAIN  (Renewable: 0.42 | Carbon: 564g COРѓѓ/kWh | Mix: Рўђ24% ­Ъїг17% ­Ъфе59%)
[09:09:08] [INFO    ]     РћћРћђ Acc=0.9750 | Loss=0.0923 | Compress=0.10
[09:09:08] [INFO    ]   Node 2 San Jos├Е   ­Ъї▒ TRAIN  (Renewable: 0.24 | Carbon: 32g COРѓѓ/kWh | Mix: Рўђ20% ­Ъїг4% ­Ъфе77%)
[09:09:08] [INFO    ]     РћћРћђ Acc=0.8990 | Loss=0.2988 | Compress=1.00
[09:09:08] [INFO    ] [London] Early stop at epoch 1: renewable 0.07 < 0.20
[09:09:08] [INFO    ]   Node 3 London     ­Ъї▒ TRAIN  (Renewable: 0.07 | Carbon: 207g COРѓѓ/kWh | Mix: Рўђ0% ­Ъїг6% ­Ъфе94%)
[09:09:08] [INFO    ]     РћћРћђ Acc=0.9500 | Loss=0.1433 | Compress=1.00
[09:09:10] [INFO    ] [Round 9] Aggregated 4 node(s) via fedavg Рєњ Acc=0.9283 Loss=0.2601
[09:09:10] [INFO    ]   Рќ║ Global Acc=0.9283 | Participants=4/4 | Energy=5.8800 kWh | COРѓѓ=1300.27g
[09:09:10] [INFO    ] 
Round 10/10 Рћѓ Standard FL
[09:09:11] [INFO    ]   Node 0 Oslo       ­Ъї▒ TRAIN  (Renewable: 0.37 | Carbon: 85g COРѓѓ/kWh | Mix: Рўђ1% ­Ъїг35% ­Ъфе64%)
[09:09:11] [INFO    ]     РћћРћђ Acc=0.9513 | Loss=0.1681 | Compress=1.00
[09:09:12] [INFO    ]   Node 1 Melbourne  ­Ъї▒ TRAIN  (Renewable: 0.56 | Carbon: 470g COРѓѓ/kWh | Mix: Рўђ44% ­Ъїг11% ­Ъфе45%)
[09:09:12] [INFO    ]     РћћРћђ Acc=0.9800 | Loss=0.0824 | Compress=0.10
[09:09:12] [INFO    ] [San Jos├Е] Early stop at epoch 1: renewable 0.13 < 0.20
[09:09:12] [INFO    ]   Node 2 San Jos├Е   ­Ъї▒ TRAIN  (Renewable: 0.13 | Carbon: 36g COРѓѓ/kWh | Mix: Рўђ6% ­Ъїг5% ­Ъфе88%)
[09:09:12] [INFO    ]     РћћРћђ Acc=0.9170 | Loss=0.2460 | Compress=1.00
[09:09:12] [INFO    ] [London] Early stop at epoch 1: renewable 0.10 < 0.20
[09:09:12] [INFO    ]   Node 3 London     ­Ъї▒ TRAIN  (Renewable: 0.10 | Carbon: 202g COРѓѓ/kWh | Mix: Рўђ0% ­Ъїг9% ­Ъфе91%)
[09:09:12] [INFO    ]     РћћРћђ Acc=0.9620 | Loss=0.1209 | Compress=1.00
[09:09:14] [INFO    ] [Round 10] Aggregated 4 node(s) via fedavg Рєњ Acc=0.9324 Loss=0.2406
[09:09:14] [INFO    ]   Рќ║ Global Acc=0.9324 | Participants=4/4 | Energy=5.8800 kWh | COРѓѓ=1165.02g
[09:09:14] [INFO    ] 
  ­ЪЊЮ Technical report Рєњ results_experiment/A_456/reports/technical_report.md
[09:09:14] [INFO    ]   ­ЪЊІ Metrics JSON Рєњ results_experiment/A_456/metrics/experiment_results.json
[09:09:14] [INFO    ] 
  РЈ▒  Total execution: 39.6s
[09:09:14] [INFO    ] РћЂРћЂРћЂРћЂРћЂРћЂРћЂРћЂРћЂРћЂРћЂРћЂРћЂРћЂРћЂРћЂРћЂРћЂРћЂРћЂРћЂРћЂРћЂРћЂРћЂРћЂРћЂРћЂРћЂРћЂРћЂРћЂРћЂРћЂРћЂРћЂРћЂРћЂРћЂРћЂРћЂРћЂРћЂРћЂРћЂРћЂРћЂРћЂРћЂРћЂРћЂРћЂРћЂРћЂРћЂРћЂРћЂРћЂРћЂРћЂРћЂРћЂРћЂРћЂРћЂРћЂРћЂРћЂРћЂРћЂ
[09:09:14] [INFO    ]   ­Ъї▒ Training complete. The planet thanks you.
[09:09:14] [INFO    ] РћЂРћЂРћЂРћЂРћЂРћЂРћЂРћЂРћЂРћЂРћЂРћЂРћЂРћЂРћЂРћЂРћЂРћЂРћЂРћЂРћЂРћЂРћЂРћЂРћЂРћЂРћЂРћЂРћЂРћЂРћЂРћЂРћЂРћЂРћЂРћЂРћЂРћЂРћЂРћЂРћЂРћЂРћЂРћЂРћЂРћЂРћЂРћЂРћЂРћЂРћЂРћЂРћЂРћЂРћЂРћЂРћЂРћЂРћЂРћЂРћЂРћЂРћЂРћЂРћЂРћЂРћЂРћЂРћЂРћЂ

[09:19:38] [INFO    ] РћЂРћЂРћЂРћЂРћЂРћЂРћЂРћЂРћЂРћЂРћЂРћЂРћЂРћЂРћЂРћЂРћЂРћЂРћЂРћЂРћЂРћЂРћЂРћЂРћЂРћЂРћЂРћЂРћЂРћЂРћЂРћЂРћЂРћЂРћЂРћЂРћЂРћЂРћЂРћЂРћЂРћЂРћЂРћЂРћЂРћЂРћЂРћЂРћЂРћЂРћЂРћЂРћЂРћЂРћЂРћЂРћЂРћЂРћЂРћЂРћЂРћЂРћЂРћЂРћЂРћЂРћЂРћЂРћЂРћЂ
[09:19:38] [INFO    ]   ­ЪїЇ  CLIMATE-FED ORCHESTRATOR v2.0  Рћђ  Carbon-Aware FL Platform
[09:19:38] [INFO    ] РћЂРћЂРћЂРћЂРћЂРћЂРћЂРћЂРћЂРћЂРћЂРћЂРћЂРћЂРћЂРћЂРћЂРћЂРћЂРћЂРћЂРћЂРћЂРћЂРћЂРћЂРћЂРћЂРћЂРћЂРћЂРћЂРћЂРћЂРћЂРћЂРћЂРћЂРћЂРћЂРћЂРћЂРћЂРћЂРћЂРћЂРћЂРћЂРћЂРћЂРћЂРћЂРћЂРћЂРћЂРћЂРћЂРћЂРћЂРћЂРћЂРћЂРћЂРћЂРћЂРћЂРћЂРћЂРћЂРћЂ
[09:19:38] [INFO    ]   Mode: STANDARD | Rounds: 10 | Seed: 456
[09:19:38] [INFO    ]   Device: cpu
[09:19:38] [INFO    ] 
  Initializing Renewable Grid...
[09:19:38] [INFO    ]     РюЊ Node-0: Oslo, Norway (Solar: 12%, Wind: 68%, Grid: 120g COРѓѓ/kWh)
[09:19:38] [INFO    ]     РюЊ Node-1: Melbourne, Australia (Solar: 45%, Wind: 23%, Grid: 850g COРѓѓ/kWh)
[09:19:38] [INFO    ]     РюЊ Node-2: San Jos├Е, Costa Rica (Solar: 34%, Wind: 12%, Grid: 40g COРѓѓ/kWh)
[09:19:38] [INFO    ]     РюЊ Node-3: London, United Kingdom (Solar: 15%, Wind: 35%, Grid: 220g COРѓѓ/kWh)
[09:19:38] [INFO    ] 
  GreenNet-Mini: 105,914 parameters | ~2.1 MFLOPs per forward pass
[09:19:38] [INFO    ] 
  Partitioning MNIST (Dirichlet ╬▒=0.5, Non-IID)...
[09:19:38] [INFO    ] [Oslo] 3000 samples | Classes: [0, 1, 2, 3, 4, 5, 6, 7, 8, 9] | Distribution: [244, 17, 102, 178, 346, 111, 333, 1052, 35, 582]
[09:19:38] [INFO    ] [Melbourne] 2000 samples | Classes: [0, 1, 2, 3, 4] | Distribution: [239, 98, 1119, 66, 478, 0, 0, 0, 0, 0]
[09:19:38] [INFO    ] [San Jos├Е] 1000 samples | Classes: [5, 6, 7, 8, 9] | Distribution: [0, 0, 0, 0, 0, 137, 142, 232, 370, 119]
[09:19:38] [INFO    ] [London] 1500 samples | Classes: [0, 2, 4, 6, 8] | Distribution: [308, 0, 119, 0, 245, 0, 593, 0, 235, 0]
[09:19:38] [INFO    ] 
РЋљРЋљРЋљРЋљРЋљРЋљРЋљРЋљРЋљРЋљРЋљРЋљРЋљРЋљРЋљРЋљРЋљРЋљРЋљРЋљРЋљРЋљРЋљРЋљРЋљРЋљРЋљРЋљРЋљРЋљРЋљРЋљРЋљРЋљРЋљРЋљРЋљРЋљРЋљРЋљРЋљРЋљРЋљРЋљРЋљРЋљРЋљРЋљРЋљРЋљРЋљРЋљРЋљРЋљРЋљРЋљРЋљРЋљРЋљРЋљРЋљРЋљРЋљРЋљРЋљРЋљРЋљРЋљРЋљРЋљ
[09:19:38] [INFO    ]   ­ЪЪА Arm: Standard FL
[09:19:38] [INFO    ] РЋљРЋљРЋљРЋљРЋљРЋљРЋљРЋљРЋљРЋљРЋљРЋљРЋљРЋљРЋљРЋљРЋљРЋљРЋљРЋљРЋљРЋљРЋљРЋљРЋљРЋљРЋљРЋљРЋљРЋљРЋљРЋљРЋљРЋљРЋљРЋљРЋљРЋљРЋљРЋљРЋљРЋљРЋљРЋљРЋљРЋљРЋљРЋљРЋљРЋљРЋљРЋљРЋљРЋљРЋљРЋљРЋљРЋљРЋљРЋљРЋљРЋљРЋљРЋљРЋљРЋљРЋљРЋљРЋљРЋљ
[09:19:38] [INFO    ] 
Round 01/10 Рћѓ Standard FL
[09:19:39] [INFO    ]   Node 0 Oslo       ­Ъї▒ TRAIN  (Renewable: 0.45 | Carbon: 77g COРѓѓ/kWh | Mix: Рўђ0% ­Ъїг44% ­Ъфе55%)
[09:19:39] [INFO    ]     РћћРћђ Acc=0.5597 | Loss=1.3407 | Compress=1.00
[09:19:39] [INFO    ]   Node 1 Melbourne  ­Ъї▒ TRAIN  (Renewable: 0.51 | Carbon: 502g COРѓѓ/kWh | Mix: Рўђ45% ­Ъїг6% ­Ъфе49%)
[09:19:39] [INFO    ]     РћћРћђ Acc=0.6665 | Loss=1.0656 | Compress=0.10
[09:19:40] [INFO    ] [San Jos├Е] Early stop at epoch 1: renewable 0.08 < 0.20
[09:19:40] [INFO    ]   Node 2 San Jos├Е   ­Ъї▒ TRAIN  (Renewable: 0.08 | Carbon: 37g COРѓѓ/kWh | Mix: Рўђ0% ­Ъїг7% ­Ъфе92%)
[09:19:40] [INFO    ]     РћћРћђ Acc=0.3480 | Loss=1.9583 | Compress=1.00
[09:19:40] [INFO    ] [London] Early stop at epoch 1: renewable 0.16 < 0.20
[09:19:40] [INFO    ]   Node 3 London     ­Ъї▒ TRAIN  (Renewable: 0.16 | Carbon: 191g COРѓѓ/kWh | Mix: Рўђ0% ­Ъїг16% ­Ъфе84%)
[09:19:40] [INFO    ]     РћћРћђ Acc=0.5480 | Loss=1.3287 | Compress=1.00
[09:19:42] [INFO    ] [Round 1] Aggregated 4 node(s) via fedavg Рєњ Acc=0.4678 Loss=1.6481
[09:19:42] [INFO    ]   Рќ║ Global Acc=0.4678 | Participants=4/4 | Energy=5.8800 kWh | COРѓѓ=1186.83g
[09:19:42] [INFO    ] 
Round 02/10 Рћѓ Standard FL
[09:19:43] [INFO    ]   Node 0 Oslo       ­Ъї▒ TRAIN  (Renewable: 0.42 | Carbon: 80g COРѓѓ/kWh | Mix: Рўђ1% ­Ъїг41% ­Ъфе59%)
[09:19:43] [INFO    ]     РћћРћђ Acc=0.7757 | Loss=0.7437 | Compress=1.00
[09:19:43] [INFO    ]   Node 1 Melbourne  ­Ъї▒ TRAIN  (Renewable: 0.24 | Carbon: 686g COРѓѓ/kWh | Mix: Рўђ21% ­Ъїг3% ­Ъфе76%)
[09:19:43] [INFO    ]     РћћРћђ Acc=0.8875 | Loss=0.4416 | Compress=0.10
[09:19:44] [INFO    ] [San Jos├Е] Early stop at epoch 1: renewable 0.09 < 0.20
[09:19:44] [INFO    ]   Node 2 San Jos├Е   ­Ъї▒ TRAIN  (Renewable: 0.09 | Carbon: 37g COРѓѓ/kWh | Mix: Рўђ2% ­Ъїг6% ­Ъфе92%)
[09:19:44] [INFO    ]     РћћРћђ Acc=0.6040 | Loss=1.2174 | Compress=1.00
[09:19:44] [INFO    ] [London] Early stop at epoch 1: renewable 0.18 < 0.20
[09:19:44] [INFO    ]   Node 3 London     ­Ъї▒ TRAIN  (Renewable: 0.18 | Carbon: 188g COРѓѓ/kWh | Mix: Рўђ0% ­Ъїг18% ­Ъфе82%)
[09:19:44] [INFO    ]     РћћРћђ Acc=0.8340 | Loss=0.5986 | Compress=1.00
[09:19:46] [INFO    ] [Round 2] Aggregated 4 node(s) via fedavg Рєњ Acc=0.6011 Loss=1.0734
[09:19:46] [INFO    ]   Рќ║ Global Acc=0.6011 | Participants=4/4 | Energy=5.8800 kWh | COРѓѓ=1457.61g
[09:19:46] [INFO    ] 
Round 03/10 Рћѓ Standard FL
[09:19:47] [INFO    ]   Node 0 Oslo       ­Ъї▒ TRAIN  (Renewable: 0.44 | Carbon: 78g COРѓѓ/kWh | Mix: Рўђ5% ­Ъїг39% ­Ъфе56%)
[09:19:47] [INFO    ]     РћћРћђ Acc=0.8573 | Loss=0.4932 | Compress=1.00
[09:19:47] [INFO    ] [Melbourne] Early stop at epoch 1: renewable 0.11 < 0.20
[09:19:47] [INFO    ]   Node 1 Melbourne  ­Ъї▒ TRAIN  (Renewable: 0.11 | Carbon: 774g COРѓѓ/kWh | Mix: Рўђ6% ­Ъїг5% ­Ъфе89%)
[09:19:47] [INFO    ]     РћћРћђ Acc=0.9220 | Loss=0.2841 | Compress=0.10
[09:19:48] [INFO    ] [San Jos├Е] Early stop at epoch 1: renewable 0.12 < 0.20
[09:19:48] [INFO    ]   Node 2 San Jos├Е   ­Ъї▒ TRAIN  (Renewable: 0.12 | Carbon: 36g COРѓѓ/kWh | Mix: Рўђ6% ­Ъїг6% ­Ъфе88%)
[09:19:48] [INFO    ]     РћћРћђ Acc=0.7290 | Loss=0.8503 | Compress=1.00
[09:19:48] [INFO    ]   Node 3 London     ­Ъї▒ TRAIN  (Renewable: 0.24 | Carbon: 178g COРѓѓ/kWh | Mix: Рўђ3% ­Ъїг20% ­Ъфе76%)
[09:19:48] [INFO    ]     РћћРћђ Acc=0.9093 | Loss=0.3454 | Compress=1.00
[09:19:50] [INFO    ] [Round 3] Aggregated 4 node(s) via fedavg Рєњ Acc=0.7345 Loss=0.7727
[09:19:50] [INFO    ]   Рќ║ Global Acc=0.7345 | Participants=4/4 | Energy=5.8800 kWh | COРѓѓ=1566.55g
[09:19:50] [INFO    ] 
Round 04/10 Рћѓ Standard FL
[09:19:51] [INFO    ]   Node 0 Oslo       ­Ъї▒ TRAIN  (Renewable: 0.39 | Carbon: 83g COРѓѓ/kWh | Mix: Рўђ11% ­Ъїг27% ­Ъфе62%)
[09:19:51] [INFO    ]     РћћРћђ Acc=0.8790 | Loss=0.4000 | Compress=1.00
[09:19:51] [INFO    ] [Melbourne] Early stop at epoch 1: renewable 0.11 < 0.20
[09:19:51] [INFO    ]   Node 1 Melbourne  ­Ъї▒ TRAIN  (Renewable: 0.11 | Carbon: 773g COРѓѓ/kWh | Mix: Рўђ2% ­Ъїг8% ­Ъфе89%)
[09:19:51] [INFO    ]     РћћРћђ Acc=0.9500 | Loss=0.1742 | Compress=0.10
[09:19:52] [INFO    ] [San Jos├Е] Early stop at epoch 1: renewable 0.07 < 0.20
[09:19:52] [INFO    ]   Node 2 San Jos├Е   ­Ъї▒ TRAIN  (Renewable: 0.07 | Carbon: 38g COРѓѓ/kWh | Mix: Рўђ0% ­Ъїг6% ­Ъфе94%)
[09:19:52] [INFO    ]     РћћРћђ Acc=0.7790 | Loss=0.6846 | Compress=1.00
[09:19:52] [INFO    ]   Node 3 London     ­Ъї▒ TRAIN  (Renewable: 0.30 | Carbon: 167g COРѓѓ/kWh | Mix: Рўђ12% ­Ъїг18% ­Ъфе70%)
[09:19:52] [INFO    ]     РћћРћђ Acc=0.9193 | Loss=0.2716 | Compress=1.00
[09:19:54] [INFO    ] [Round 4] Aggregated 4 node(s) via fedavg Рєњ Acc=0.8252 Loss=0.5755
[09:19:54] [INFO    ]   Рќ║ Global Acc=0.8252 | Participants=4/4 | Energy=5.8800 kWh | COРѓѓ=1560.08g
[09:19:54] [INFO    ] 
Round 05/10 Рћѓ Standard FL
[09:19:55] [INFO    ]   Node 0 Oslo       ­Ъї▒ TRAIN  (Renewable: 0.35 | Carbon: 86g COРѓѓ/kWh | Mix: Рўђ12% ­Ъїг22% ­Ъфе66%)
[09:19:55] [INFO    ]     РћћРћђ Acc=0.8970 | Loss=0.3380 | Compress=1.00
[09:19:55] [INFO    ] [Melbourne] Early stop at epoch 1: renewable 0.15 < 0.20
[09:19:55] [INFO    ]   Node 1 Melbourne  ­Ъї▒ TRAIN  (Renewable: 0.15 | Carbon: 748g COРѓѓ/kWh | Mix: Рўђ2% ­Ъїг12% ­Ъфе86%)
[09:19:55] [INFO    ]     РћћРћђ Acc=0.9590 | Loss=0.1440 | Compress=0.10
[09:19:56] [INFO    ] [San Jos├Е] Early stop at epoch 1: renewable 0.11 < 0.20
[09:19:56] [INFO    ]   Node 2 San Jos├Е   ­Ъї▒ TRAIN  (Renewable: 0.11 | Carbon: 37g COРѓѓ/kWh | Mix: Рўђ5% ­Ъїг5% ­Ъфе90%)
[09:19:56] [INFO    ]     РћћРћђ Acc=0.8140 | Loss=0.5393 | Compress=1.00
[09:19:56] [INFO    ]   Node 3 London     ­Ъї▒ TRAIN  (Renewable: 0.37 | Carbon: 155g COРѓѓ/kWh | Mix: Рўђ15% ­Ъїг21% ­Ъфе64%)
[09:19:56] [INFO    ]     РћћРћђ Acc=0.9480 | Loss=0.1972 | Compress=1.00
[09:19:58] [INFO    ] [Round 5] Aggregated 4 node(s) via fedavg Рєњ Acc=0.8768 Loss=0.4481
[09:19:58] [INFO    ]   Рќ║ Global Acc=0.8768 | Participants=4/4 | Energy=5.8800 kWh | COРѓѓ=1508.81g
[09:19:58] [INFO    ] 
Round 06/10 Рћѓ Standard FL
[09:19:59] [INFO    ]   Node 0 Oslo       ­Ъї▒ TRAIN  (Renewable: 0.46 | Carbon: 76g COРѓѓ/kWh | Mix: Рўђ5% ­Ъїг40% ­Ъфе55%)
[09:19:59] [INFO    ]     РћћРћђ Acc=0.9207 | Loss=0.2751 | Compress=1.00
[09:19:59] [INFO    ] [Melbourne] Early stop at epoch 1: renewable 0.17 < 0.20
[09:19:59] [INFO    ]   Node 1 Melbourne  ­Ъї▒ TRAIN  (Renewable: 0.17 | Carbon: 737g COРѓѓ/kWh | Mix: Рўђ2% ­Ъїг14% ­Ъфе84%)
[09:19:59] [INFO    ]     РћћРћђ Acc=0.9490 | Loss=0.1563 | Compress=0.10
[09:20:00] [INFO    ]   Node 2 San Jos├Е   ­Ъї▒ TRAIN  (Renewable: 0.27 | Carbon: 31g COРѓѓ/kWh | Mix: Рўђ20% ­Ъїг6% ­Ъфе74%)
[09:20:00] [INFO    ]     РћћРћђ Acc=0.8680 | Loss=0.4311 | Compress=1.00
[09:20:00] [INFO    ]   Node 3 London     ­Ъї▒ TRAIN  (Renewable: 0.30 | Carbon: 166g COРѓѓ/kWh | Mix: Рўђ11% ­Ъїг18% ­Ъфе70%)
[09:20:00] [INFO    ]     РћћРћђ Acc=0.9567 | Loss=0.1658 | Compress=1.00
[09:20:02] [INFO    ] [Round 6] Aggregated 4 node(s) via fedavg Рєњ Acc=0.8973 Loss=0.3686
[09:20:02] [INFO    ]   Рќ║ Global Acc=0.8973 | Participants=4/4 | Energy=5.8800 kWh | COРѓѓ=1486.23g
[09:20:02] [INFO    ] 
Round 07/10 Рћѓ Standard FL
[09:20:03] [INFO    ]   Node 0 Oslo       ­Ъї▒ TRAIN  (Renewable: 0.40 | Carbon: 82g COРѓѓ/kWh | Mix: Рўђ0% ­Ъїг39% ­Ъфе61%)
[09:20:03] [INFO    ]     РћћРћђ Acc=0.9323 | Loss=0.2275 | Compress=1.00
[09:20:03] [INFO    ] [Melbourne] Early stop at epoch 1: renewable 0.18 < 0.20
[09:20:03] [INFO    ]   Node 1 Melbourne  ­Ъї▒ TRAIN  (Renewable: 0.18 | Carbon: 726g COРѓѓ/kWh | Mix: Рўђ2% ­Ъїг15% ­Ъфе82%)
[09:20:03] [INFO    ]     РћћРћђ Acc=0.9675 | Loss=0.1123 | Compress=0.10
[09:20:04] [INFO    ]   Node 2 San Jos├Е   ­Ъї▒ TRAIN  (Renewable: 0.41 | Carbon: 27g COРѓѓ/kWh | Mix: Рўђ34% ­Ъїг6% ­Ъфе60%)
[09:20:04] [INFO    ]     РћћРћђ Acc=0.8710 | Loss=0.3716 | Compress=1.00
[09:20:04] [INFO    ] [London] Early stop at epoch 1: renewable 0.18 < 0.20
[09:20:04] [INFO    ]   Node 3 London     ­Ъї▒ TRAIN  (Renewable: 0.18 | Carbon: 189g COРѓѓ/kWh | Mix: Рўђ4% ­Ъїг13% ­Ъфе83%)
[09:20:04] [INFO    ]     РћћРћђ Acc=0.9527 | Loss=0.1555 | Compress=1.00
[09:20:06] [INFO    ] [Round 7] Aggregated 4 node(s) via fedavg Рєњ Acc=0.9046 Loss=0.3393
[09:20:06] [INFO    ]   Рќ║ Global Acc=0.9046 | Participants=4/4 | Energy=5.8800 kWh | COРѓѓ=1503.91g
[09:20:06] [INFO    ] 
Round 08/10 Рћѓ Standard FL
[09:20:07] [INFO    ]   Node 0 Oslo       ­Ъї▒ TRAIN  (Renewable: 0.32 | Carbon: 89g COРѓѓ/kWh | Mix: Рўђ0% ­Ъїг31% ­Ъфе69%)
[09:20:07] [INFO    ]     РћћРћђ Acc=0.9357 | Loss=0.2181 | Compress=1.00
[09:20:07] [INFO    ]   Node 1 Melbourne  ­Ъї▒ TRAIN  (Renewable: 0.21 | Carbon: 705g COРѓѓ/kWh | Mix: Рўђ7% ­Ъїг13% ­Ъфе80%)
[09:20:07] [INFO    ]     РћћРћђ Acc=0.9765 | Loss=0.0905 | Compress=0.10
[09:20:07] [INFO    ]   Node 2 San Jos├Е   ­Ъї▒ TRAIN  (Renewable: 0.40 | Carbon: 27g COРѓѓ/kWh | Mix: Рўђ34% ­Ъїг5% ­Ъфе61%)
[09:20:07] [INFO    ]     РћћРћђ Acc=0.8970 | Loss=0.3128 | Compress=1.00
[09:20:08] [INFO    ] [London] Early stop at epoch 1: renewable 0.08 < 0.20
[09:20:08] [INFO    ]   Node 3 London     ­Ъї▒ TRAIN  (Renewable: 0.08 | Carbon: 206g COРѓѓ/kWh | Mix: Рўђ0% ­Ъїг7% ­Ъфе93%)
[09:20:08] [INFO    ]     РћћРћђ Acc=0.9513 | Loss=0.1405 | Compress=1.00
[09:20:10] [INFO    ] [Round 8] Aggregated 4 node(s) via fedavg Рєњ Acc=0.9229 Loss=0.2757
[09:20:10] [INFO    ]   Рќ║ Global Acc=0.9229 | Participants=4/4 | Energy=5.8800 kWh | COРѓѓ=1510.79g
[09:20:10] [INFO    ] 
Round 09/10 Рћѓ Standard FL
[09:20:11] [INFO    ]   Node 0 Oslo       ­Ъї▒ TRAIN  (Renewable: 0.41 | Carbon: 81g COРѓѓ/kWh | Mix: Рўђ0% ­Ъїг40% ­Ъфе60%)
[09:20:11] [INFO    ]     РћћРћђ Acc=0.9413 | Loss=0.1912 | Compress=1.00
[09:20:11] [INFO    ]   Node 1 Melbourne  ­Ъї▒ TRAIN  (Renewable: 0.42 | Carbon: 564g COРѓѓ/kWh | Mix: Рўђ24% ­Ъїг17% ­Ъфе59%)
[09:20:11] [INFO    ]     РћћРћђ Acc=0.9750 | Loss=0.0923 | Compress=0.10
[09:20:11] [INFO    ]   Node 2 San Jos├Е   ­Ъї▒ TRAIN  (Renewable: 0.24 | Carbon: 32g COРѓѓ/kWh | Mix: Рўђ20% ­Ъїг4% ­Ъфе77%)
[09:20:11] [INFO    ]     РћћРћђ Acc=0.8990 | Loss=0.2988 | Compress=1.00
[09:20:12] [INFO    ] [London] Early stop at epoch 1: renewable 0.07 < 0.20
[09:20:12] [INFO    ]   Node 3 London     ­Ъї▒ TRAIN  (Renewable: 0.07 | Carbon: 207g COРѓѓ/kWh | Mix: Рўђ0% ­Ъїг6% ­Ъфе94%)
[09:20:12] [INFO    ]     РћћРћђ Acc=0.9500 | Loss=0.1433 | Compress=1.00
[09:20:14] [INFO    ] [Round 9] Aggregated 4 node(s) via fedavg Рєњ Acc=0.9283 Loss=0.2601
[09:20:14] [INFO    ]   Рќ║ Global Acc=0.9283 | Participants=4/4 | Energy=5.8800 kWh | COРѓѓ=1300.27g
[09:20:14] [INFO    ] 
Round 10/10 Рћѓ Standard FL
[09:20:15] [INFO    ]   Node 0 Oslo       ­Ъї▒ TRAIN  (Renewable: 0.37 | Carbon: 85g COРѓѓ/kWh | Mix: Рўђ1% ­Ъїг35% ­Ъфе64%)
[09:20:15] [INFO    ]     РћћРћђ Acc=0.9513 | Loss=0.1681 | Compress=1.00
[09:20:15] [INFO    ]   Node 1 Melbourne  ­Ъї▒ TRAIN  (Renewable: 0.56 | Carbon: 470g COРѓѓ/kWh | Mix: Рўђ44% ­Ъїг11% ­Ъфе45%)
[09:20:15] [INFO    ]     РћћРћђ Acc=0.9800 | Loss=0.0824 | Compress=0.10
[09:20:15] [INFO    ] [San Jos├Е] Early stop at epoch 1: renewable 0.13 < 0.20
[09:20:15] [INFO    ]   Node 2 San Jos├Е   ­Ъї▒ TRAIN  (Renewable: 0.13 | Carbon: 36g COРѓѓ/kWh | Mix: Рўђ6% ­Ъїг5% ­Ъфе88%)
[09:20:15] [INFO    ]     РћћРћђ Acc=0.9170 | Loss=0.2460 | Compress=1.00
[09:20:16] [INFO    ] [London] Early stop at epoch 1: renewable 0.10 < 0.20
[09:20:16] [INFO    ]   Node 3 London     ­Ъї▒ TRAIN  (Renewable: 0.10 | Carbon: 202g COРѓѓ/kWh | Mix: Рўђ0% ­Ъїг9% ­Ъфе91%)
[09:20:16] [INFO    ]     РћћРћђ Acc=0.9620 | Loss=0.1209 | Compress=1.00
[09:20:18] [INFO    ] [Round 10] Aggregated 4 node(s) via fedavg Рєњ Acc=0.9324 Loss=0.2406
[09:20:18] [INFO    ]   Рќ║ Global Acc=0.9324 | Participants=4/4 | Energy=5.8800 kWh | COРѓѓ=1165.02g
[09:20:18] [INFO    ] 
  ­ЪЊЮ Technical report Рєњ results_experiment/A_456/reports/technical_report.md
[09:20:18] [INFO    ]   ­ЪЊІ Metrics JSON Рєњ results_experiment/A_456/metrics/experiment_results.json
[09:20:18] [INFO    ] 
  РЈ▒  Total execution: 39.8s
[09:20:18] [INFO    ] РћЂРћЂРћЂРћЂРћЂРћЂРћЂРћЂРћЂРћЂРћЂРћЂРћЂРћЂРћЂРћЂРћЂРћЂРћЂРћЂРћЂРћЂРћЂРћЂРћЂРћЂРћЂРћЂРћЂРћЂРћЂРћЂРћЂРћЂРћЂРћЂРћЂРћЂРћЂРћЂРћЂРћЂРћЂРћЂРћЂРћЂРћЂРћЂРћЂРћЂРћЂРћЂРћЂРћЂРћЂРћЂРћЂРћЂРћЂРћЂРћЂРћЂРћЂРћЂРћЂРћЂРћЂРћЂРћЂРћЂ
[09:20:18] [INFO    ]   ­Ъї▒ Training complete. The planet thanks you.
[09:20:18] [INFO    ] РћЂРћЂРћЂРћЂРћЂРћЂРћЂРћЂРћЂРћЂРћЂРћЂРћЂРћЂРћЂРћЂРћЂРћЂРћЂРћЂРћЂРћЂРћЂРћЂРћЂРћЂРћЂРћЂРћЂРћЂРћЂРћЂРћЂРћЂРћЂРћЂРћЂРћЂРћЂРћЂРћЂРћЂРћЂРћЂРћЂРћЂРћЂРћЂРћЂРћЂРћЂРћЂРћЂРћЂРћЂРћЂРћЂРћЂРћЂРћЂРћЂРћЂРћЂРћЂРћЂРћЂРћЂРћЂРћЂРћЂ

[09:35:23] [INFO    ] РћЂРћЂРћЂРћЂРћЂРћЂРћЂРћЂРћЂРћЂРћЂРћЂРћЂРћЂРћЂРћЂРћЂРћЂРћЂРћЂРћЂРћЂРћЂРћЂРћЂРћЂРћЂРћЂРћЂРћЂРћЂРћЂРћЂРћЂРћЂРћЂРћЂРћЂРћЂРћЂРћЂРћЂРћЂРћЂРћЂРћЂРћЂРћЂРћЂРћЂРћЂРћЂРћЂРћЂРћЂРћЂРћЂРћЂРћЂРћЂРћЂРћЂРћЂРћЂРћЂРћЂРћЂРћЂРћЂРћЂ
[09:35:23] [INFO    ]   ­ЪїЇ  CLIMATE-FED ORCHESTRATOR v2.0  Рћђ  Carbon-Aware FL Platform
[09:35:23] [INFO    ] РћЂРћЂРћЂРћЂРћЂРћЂРћЂРћЂРћЂРћЂРћЂРћЂРћЂРћЂРћЂРћЂРћЂРћЂРћЂРћЂРћЂРћЂРћЂРћЂРћЂРћЂРћЂРћЂРћЂРћЂРћЂРћЂРћЂРћЂРћЂРћЂРћЂРћЂРћЂРћЂРћЂРћЂРћЂРћЂРћЂРћЂРћЂРћЂРћЂРћЂРћЂРћЂРћЂРћЂРћЂРћЂРћЂРћЂРћЂРћЂРћЂРћЂРћЂРћЂРћЂРћЂРћЂРћЂРћЂРћЂ
[09:35:23] [INFO    ]   Mode: STANDARD | Rounds: 10 | Seed: 456
[09:35:23] [INFO    ]   Device: cpu
[09:35:23] [INFO    ] 
  Initializing Renewable Grid...
[09:35:23] [INFO    ]     РюЊ Node-0: Oslo, Norway (Solar: 12%, Wind: 68%, Grid: 120g COРѓѓ/kWh)
[09:35:23] [INFO    ]     РюЊ Node-1: Melbourne, Australia (Solar: 45%, Wind: 23%, Grid: 850g COРѓѓ/kWh)
[09:35:23] [INFO    ]     РюЊ Node-2: San Jos├Е, Costa Rica (Solar: 34%, Wind: 12%, Grid: 40g COРѓѓ/kWh)
[09:35:23] [INFO    ]     РюЊ Node-3: London, United Kingdom (Solar: 15%, Wind: 35%, Grid: 220g COРѓѓ/kWh)
[09:35:23] [INFO    ] 
  GreenNet-Mini: 105,914 parameters | ~2.1 MFLOPs per forward pass
[09:35:23] [INFO    ] 
  Partitioning MNIST (Dirichlet ╬▒=0.5, Non-IID)...
[09:35:23] [INFO    ] [Oslo] 3000 samples | Classes: [0, 1, 2, 3, 4, 5, 6, 7, 8, 9] | Distribution: [244, 17, 102, 178, 346, 111, 333, 1052, 35, 582]
[09:35:23] [INFO    ] [Melbourne] 2000 samples | Classes: [0, 1, 2, 3, 4] | Distribution: [239, 98, 1119, 66, 478, 0, 0, 0, 0, 0]
[09:35:23] [INFO    ] [San Jos├Е] 1000 samples | Classes: [5, 6, 7, 8, 9] | Distribution: [0, 0, 0, 0, 0, 137, 142, 232, 370, 119]
[09:35:23] [INFO    ] [London] 1500 samples | Classes: [0, 2, 4, 6, 8] | Distribution: [308, 0, 119, 0, 245, 0, 593, 0, 235, 0]
[09:35:23] [INFO    ] 
РЋљРЋљРЋљРЋљРЋљРЋљРЋљРЋљРЋљРЋљРЋљРЋљРЋљРЋљРЋљРЋљРЋљРЋљРЋљРЋљРЋљРЋљРЋљРЋљРЋљРЋљРЋљРЋљРЋљРЋљРЋљРЋљРЋљРЋљРЋљРЋљРЋљРЋљРЋљРЋљРЋљРЋљРЋљРЋљРЋљРЋљРЋљРЋљРЋљРЋљРЋљРЋљРЋљРЋљРЋљРЋљРЋљРЋљРЋљРЋљРЋљРЋљРЋљРЋљРЋљРЋљРЋљРЋљРЋљРЋљ
[09:35:23] [INFO    ]   ­ЪЪА Arm: Standard FL
[09:35:23] [INFO    ] РЋљРЋљРЋљРЋљРЋљРЋљРЋљРЋљРЋљРЋљРЋљРЋљРЋљРЋљРЋљРЋљРЋљРЋљРЋљРЋљРЋљРЋљРЋљРЋљРЋљРЋљРЋљРЋљРЋљРЋљРЋљРЋљРЋљРЋљРЋљРЋљРЋљРЋљРЋљРЋљРЋљРЋљРЋљРЋљРЋљРЋљРЋљРЋљРЋљРЋљРЋљРЋљРЋљРЋљРЋљРЋљРЋљРЋљРЋљРЋљРЋљРЋљРЋљРЋљРЋљРЋљРЋљРЋљРЋљРЋљ
[09:35:23] [INFO    ] 
Round 01/10 Рћѓ Standard FL
[09:35:24] [INFO    ]   Node 0 Oslo       ­Ъї▒ TRAIN  (Renewable: 0.45 | Carbon: 77g COРѓѓ/kWh | Mix: Рўђ0% ­Ъїг44% ­Ъфе55%)
[09:35:24] [INFO    ]     РћћРћђ Acc=0.5597 | Loss=1.3407 | Compress=1.00
[09:35:25] [INFO    ]   Node 1 Melbourne  ­Ъї▒ TRAIN  (Renewable: 0.51 | Carbon: 502g COРѓѓ/kWh | Mix: Рўђ45% ­Ъїг6% ­Ъфе49%)
[09:35:25] [INFO    ]     РћћРћђ Acc=0.6665 | Loss=1.0656 | Compress=0.10
[09:35:25] [INFO    ] [San Jos├Е] Early stop at epoch 1: renewable 0.08 < 0.20
[09:35:25] [INFO    ]   Node 2 San Jos├Е   ­Ъї▒ TRAIN  (Renewable: 0.08 | Carbon: 37g COРѓѓ/kWh | Mix: Рўђ0% ­Ъїг7% ­Ъфе92%)
[09:35:25] [INFO    ]     РћћРћђ Acc=0.3480 | Loss=1.9583 | Compress=1.00
[09:35:26] [INFO    ] [London] Early stop at epoch 1: renewable 0.16 < 0.20
[09:35:26] [INFO    ]   Node 3 London     ­Ъї▒ TRAIN  (Renewable: 0.16 | Carbon: 191g COРѓѓ/kWh | Mix: Рўђ0% ­Ъїг16% ­Ъфе84%)
[09:35:26] [INFO    ]     РћћРћђ Acc=0.5480 | Loss=1.3287 | Compress=1.00
[09:35:28] [INFO    ] [Round 1] Aggregated 4 node(s) via fedavg Рєњ Acc=0.4678 Loss=1.6481
[09:35:28] [INFO    ]   Рќ║ Global Acc=0.4678 | Participants=4/4 | Energy=5.8800 kWh | COРѓѓ=1186.83g
[09:35:28] [INFO    ] 
Round 02/10 Рћѓ Standard FL
[09:35:29] [INFO    ]   Node 0 Oslo       ­Ъї▒ TRAIN  (Renewable: 0.42 | Carbon: 80g COРѓѓ/kWh | Mix: Рўђ1% ­Ъїг41% ­Ъфе59%)
[09:35:29] [INFO    ]     РћћРћђ Acc=0.7757 | Loss=0.7437 | Compress=1.00
[09:35:29] [INFO    ]   Node 1 Melbourne  ­Ъї▒ TRAIN  (Renewable: 0.24 | Carbon: 686g COРѓѓ/kWh | Mix: Рўђ21% ­Ъїг3% ­Ъфе76%)
[09:35:29] [INFO    ]     РћћРћђ Acc=0.8875 | Loss=0.4416 | Compress=0.10
[09:35:29] [INFO    ] [San Jos├Е] Early stop at epoch 1: renewable 0.09 < 0.20
[09:35:29] [INFO    ]   Node 2 San Jos├Е   ­Ъї▒ TRAIN  (Renewable: 0.09 | Carbon: 37g COРѓѓ/kWh | Mix: Рўђ2% ­Ъїг6% ­Ъфе92%)
[09:35:29] [INFO    ]     РћћРћђ Acc=0.6040 | Loss=1.2174 | Compress=1.00
[09:35:30] [INFO    ] [London] Early stop at epoch 1: renewable 0.18 < 0.20
[09:35:30] [INFO    ]   Node 3 London     ­Ъї▒ TRAIN  (Renewable: 0.18 | Carbon: 188g COРѓѓ/kWh | Mix: Рўђ0% ­Ъїг18% ­Ъфе82%)
[09:35:30] [INFO    ]     РћћРћђ Acc=0.8340 | Loss=0.5986 | Compress=1.00
[09:35:32] [INFO    ] [Round 2] Aggregated 4 node(s) via fedavg Рєњ Acc=0.6011 Loss=1.0734
[09:35:32] [INFO    ]   Рќ║ Global Acc=0.6011 | Participants=4/4 | Energy=5.8800 kWh | COРѓѓ=1457.61g
[09:35:32] [INFO    ] 
Round 03/10 Рћѓ Standard FL
[09:35:33] [INFO    ]   Node 0 Oslo       ­Ъї▒ TRAIN  (Renewable: 0.44 | Carbon: 78g COРѓѓ/kWh | Mix: Рўђ5% ­Ъїг39% ­Ъфе56%)
[09:35:33] [INFO    ]     РћћРћђ Acc=0.8573 | Loss=0.4932 | Compress=1.00
[09:35:33] [INFO    ] [Melbourne] Early stop at epoch 1: renewable 0.11 < 0.20
[09:35:33] [INFO    ]   Node 1 Melbourne  ­Ъї▒ TRAIN  (Renewable: 0.11 | Carbon: 774g COРѓѓ/kWh | Mix: Рўђ6% ­Ъїг5% ­Ъфе89%)
[09:35:33] [INFO    ]     РћћРћђ Acc=0.9220 | Loss=0.2841 | Compress=0.10
[09:35:34] [INFO    ] [San Jos├Е] Early stop at epoch 1: renewable 0.12 < 0.20
[09:35:34] [INFO    ]   Node 2 San Jos├Е   ­Ъї▒ TRAIN  (Renewable: 0.12 | Carbon: 36g COРѓѓ/kWh | Mix: Рўђ6% ­Ъїг6% ­Ъфе88%)
[09:35:34] [INFO    ]     РћћРћђ Acc=0.7290 | Loss=0.8503 | Compress=1.00
[09:35:34] [INFO    ]   Node 3 London     ­Ъї▒ TRAIN  (Renewable: 0.24 | Carbon: 178g COРѓѓ/kWh | Mix: Рўђ3% ­Ъїг20% ­Ъфе76%)
[09:35:34] [INFO    ]     РћћРћђ Acc=0.9093 | Loss=0.3454 | Compress=1.00
[09:35:36] [INFO    ] [Round 3] Aggregated 4 node(s) via fedavg Рєњ Acc=0.7345 Loss=0.7727
[09:35:36] [INFO    ]   Рќ║ Global Acc=0.7345 | Participants=4/4 | Energy=5.8800 kWh | COРѓѓ=1566.55g
[09:35:36] [INFO    ] 
Round 04/10 Рћѓ Standard FL
[09:35:37] [INFO    ]   Node 0 Oslo       ­Ъї▒ TRAIN  (Renewable: 0.39 | Carbon: 83g COРѓѓ/kWh | Mix: Рўђ11% ­Ъїг27% ­Ъфе62%)
[09:35:37] [INFO    ]     РћћРћђ Acc=0.8790 | Loss=0.4000 | Compress=1.00
[09:35:38] [INFO    ] [Melbourne] Early stop at epoch 1: renewable 0.11 < 0.20
[09:35:38] [INFO    ]   Node 1 Melbourne  ­Ъї▒ TRAIN  (Renewable: 0.11 | Carbon: 773g COРѓѓ/kWh | Mix: Рўђ2% ­Ъїг8% ­Ъфе89%)
[09:35:38] [INFO    ]     РћћРћђ Acc=0.9500 | Loss=0.1742 | Compress=0.10
[09:35:38] [INFO    ] [San Jos├Е] Early stop at epoch 1: renewable 0.07 < 0.20
[09:35:38] [INFO    ]   Node 2 San Jos├Е   ­Ъї▒ TRAIN  (Renewable: 0.07 | Carbon: 38g COРѓѓ/kWh | Mix: Рўђ0% ­Ъїг6% ­Ъфе94%)
[09:35:38] [INFO    ]     РћћРћђ Acc=0.7790 | Loss=0.6846 | Compress=1.00
[09:35:38] [INFO    ]   Node 3 London     ­Ъї▒ TRAIN  (Renewable: 0.30 | Carbon: 167g COРѓѓ/kWh | Mix: Рўђ12% ­Ъїг18% ­Ъфе70%)
[09:35:38] [INFO    ]     РћћРћђ Acc=0.9193 | Loss=0.2716 | Compress=1.00
[09:35:40] [INFO    ] [Round 4] Aggregated 4 node(s) via fedavg Рєњ Acc=0.8252 Loss=0.5755
[09:35:40] [INFO    ]   Рќ║ Global Acc=0.8252 | Participants=4/4 | Energy=5.8800 kWh | COРѓѓ=1560.08g
[09:35:40] [INFO    ] 
Round 05/10 Рћѓ Standard FL
[09:35:41] [INFO    ]   Node 0 Oslo       ­Ъї▒ TRAIN  (Renewable: 0.35 | Carbon: 86g COРѓѓ/kWh | Mix: Рўђ12% ­Ъїг22% ­Ъфе66%)
[09:35:41] [INFO    ]     РћћРћђ Acc=0.8970 | Loss=0.3380 | Compress=1.00
[09:35:42] [INFO    ] [Melbourne] Early stop at epoch 1: renewable 0.15 < 0.20
[09:35:42] [INFO    ]   Node 1 Melbourne  ­Ъї▒ TRAIN  (Renewable: 0.15 | Carbon: 748g COРѓѓ/kWh | Mix: Рўђ2% ­Ъїг12% ­Ъфе86%)
[09:35:42] [INFO    ]     РћћРћђ Acc=0.9590 | Loss=0.1440 | Compress=0.10
[09:35:42] [INFO    ] [San Jos├Е] Early stop at epoch 1: renewable 0.11 < 0.20
[09:35:42] [INFO    ]   Node 2 San Jos├Е   ­Ъї▒ TRAIN  (Renewable: 0.11 | Carbon: 37g COРѓѓ/kWh | Mix: Рўђ5% ­Ъїг5% ­Ъфе90%)
[09:35:42] [INFO    ]     РћћРћђ Acc=0.8140 | Loss=0.5393 | Compress=1.00
[09:35:42] [INFO    ]   Node 3 London     ­Ъї▒ TRAIN  (Renewable: 0.37 | Carbon: 155g COРѓѓ/kWh | Mix: Рўђ15% ­Ъїг21% ­Ъфе64%)
[09:35:42] [INFO    ]     РћћРћђ Acc=0.9480 | Loss=0.1972 | Compress=1.00
[09:35:44] [INFO    ] [Round 5] Aggregated 4 node(s) via fedavg Рєњ Acc=0.8768 Loss=0.4481
[09:35:44] [INFO    ]   Рќ║ Global Acc=0.8768 | Participants=4/4 | Energy=5.8800 kWh | COРѓѓ=1508.81g
[09:35:44] [INFO    ] 
Round 06/10 Рћѓ Standard FL
[09:35:45] [INFO    ]   Node 0 Oslo       ­Ъї▒ TRAIN  (Renewable: 0.46 | Carbon: 76g COРѓѓ/kWh | Mix: Рўђ5% ­Ъїг40% ­Ъфе55%)
[09:35:45] [INFO    ]     РћћРћђ Acc=0.9207 | Loss=0.2751 | Compress=1.00
[09:35:46] [INFO    ] [Melbourne] Early stop at epoch 1: renewable 0.17 < 0.20
[09:35:46] [INFO    ]   Node 1 Melbourne  ­Ъї▒ TRAIN  (Renewable: 0.17 | Carbon: 737g COРѓѓ/kWh | Mix: Рўђ2% ­Ъїг14% ­Ъфе84%)
[09:35:46] [INFO    ]     РћћРћђ Acc=0.9490 | Loss=0.1563 | Compress=0.10
[09:35:46] [INFO    ]   Node 2 San Jos├Е   ­Ъї▒ TRAIN  (Renewable: 0.27 | Carbon: 31g COРѓѓ/kWh | Mix: Рўђ20% ­Ъїг6% ­Ъфе74%)
[09:35:46] [INFO    ]     РћћРћђ Acc=0.8680 | Loss=0.4311 | Compress=1.00
[09:35:47] [INFO    ]   Node 3 London     ­Ъї▒ TRAIN  (Renewable: 0.30 | Carbon: 166g COРѓѓ/kWh | Mix: Рўђ11% ­Ъїг18% ­Ъфе70%)
[09:35:47] [INFO    ]     РћћРћђ Acc=0.9567 | Loss=0.1658 | Compress=1.00
[09:35:49] [INFO    ] [Round 6] Aggregated 4 node(s) via fedavg Рєњ Acc=0.8973 Loss=0.3686
[09:35:49] [INFO    ]   Рќ║ Global Acc=0.8973 | Participants=4/4 | Energy=5.8800 kWh | COРѓѓ=1486.23g
[09:35:49] [INFO    ] 
Round 07/10 Рћѓ Standard FL
[09:35:50] [INFO    ]   Node 0 Oslo       ­Ъї▒ TRAIN  (Renewable: 0.40 | Carbon: 82g COРѓѓ/kWh | Mix: Рўђ0% ­Ъїг39% ­Ъфе61%)
[09:35:50] [INFO    ]     РћћРћђ Acc=0.9323 | Loss=0.2275 | Compress=1.00
[09:35:50] [INFO    ] [Melbourne] Early stop at epoch 1: renewable 0.18 < 0.20
[09:35:50] [INFO    ]   Node 1 Melbourne  ­Ъї▒ TRAIN  (Renewable: 0.18 | Carbon: 726g COРѓѓ/kWh | Mix: Рўђ2% ­Ъїг15% ­Ъфе82%)
[09:35:50] [INFO    ]     РћћРћђ Acc=0.9675 | Loss=0.1123 | Compress=0.10
[09:35:50] [INFO    ]   Node 2 San Jos├Е   ­Ъї▒ TRAIN  (Renewable: 0.41 | Carbon: 27g COРѓѓ/kWh | Mix: Рўђ34% ­Ъїг6% ­Ъфе60%)
[09:35:50] [INFO    ]     РћћРћђ Acc=0.8710 | Loss=0.3716 | Compress=1.00
[09:35:51] [INFO    ] [London] Early stop at epoch 1: renewable 0.18 < 0.20
[09:35:51] [INFO    ]   Node 3 London     ­Ъї▒ TRAIN  (Renewable: 0.18 | Carbon: 189g COРѓѓ/kWh | Mix: Рўђ4% ­Ъїг13% ­Ъфе83%)
[09:35:51] [INFO    ]     РћћРћђ Acc=0.9527 | Loss=0.1555 | Compress=1.00
[09:35:53] [INFO    ] [Round 7] Aggregated 4 node(s) via fedavg Рєњ Acc=0.9046 Loss=0.3393
[09:35:53] [INFO    ]   Рќ║ Global Acc=0.9046 | Participants=4/4 | Energy=5.8800 kWh | COРѓѓ=1503.91g
[09:35:53] [INFO    ] 
Round 08/10 Рћѓ Standard FL
[09:35:54] [INFO    ]   Node 0 Oslo       ­Ъї▒ TRAIN  (Renewable: 0.32 | Carbon: 89g COРѓѓ/kWh | Mix: Рўђ0% ­Ъїг31% ­Ъфе69%)
[09:35:54] [INFO    ]     РћћРћђ Acc=0.9357 | Loss=0.2181 | Compress=1.00
[09:35:54] [INFO    ]   Node 1 Melbourne  ­Ъї▒ TRAIN  (Renewable: 0.21 | Carbon: 705g COРѓѓ/kWh | Mix: Рўђ7% ­Ъїг13% ­Ъфе80%)
[09:35:54] [INFO    ]     РћћРћђ Acc=0.9765 | Loss=0.0905 | Compress=0.10
[09:35:55] [INFO    ]   Node 2 San Jos├Е   ­Ъї▒ TRAIN  (Renewable: 0.40 | Carbon: 27g COРѓѓ/kWh | Mix: Рўђ34% ­Ъїг5% ­Ъфе61%)
[09:35:55] [INFO    ]     РћћРћђ Acc=0.8970 | Loss=0.3128 | Compress=1.00
[09:35:55] [INFO    ] [London] Early stop at epoch 1: renewable 0.08 < 0.20
[09:35:55] [INFO    ]   Node 3 London     ­Ъї▒ TRAIN  (Renewable: 0.08 | Carbon: 206g COРѓѓ/kWh | Mix: Рўђ0% ­Ъїг7% ­Ъфе93%)
[09:35:55] [INFO    ]     РћћРћђ Acc=0.9513 | Loss=0.1405 | Compress=1.00
[09:35:57] [INFO    ] [Round 8] Aggregated 4 node(s) via fedavg Рєњ Acc=0.9229 Loss=0.2757
[09:35:57] [INFO    ]   Рќ║ Global Acc=0.9229 | Participants=4/4 | Energy=5.8800 kWh | COРѓѓ=1510.79g
[09:35:57] [INFO    ] 
Round 09/10 Рћѓ Standard FL
[09:35:58] [INFO    ]   Node 0 Oslo       ­Ъї▒ TRAIN  (Renewable: 0.41 | Carbon: 81g COРѓѓ/kWh | Mix: Рўђ0% ­Ъїг40% ­Ъфе60%)
[09:35:58] [INFO    ]     РћћРћђ Acc=0.9413 | Loss=0.1912 | Compress=1.00
[09:35:58] [INFO    ]   Node 1 Melbourne  ­Ъї▒ TRAIN  (Renewable: 0.42 | Carbon: 564g COРѓѓ/kWh | Mix: Рўђ24% ­Ъїг17% ­Ъфе59%)
[09:35:58] [INFO    ]     РћћРћђ Acc=0.9750 | Loss=0.0923 | Compress=0.10
[09:35:59] [INFO    ]   Node 2 San Jos├Е   ­Ъї▒ TRAIN  (Renewable: 0.24 | Carbon: 32g COРѓѓ/kWh | Mix: Рўђ20% ­Ъїг4% ­Ъфе77%)
[09:35:59] [INFO    ]     РћћРћђ Acc=0.8990 | Loss=0.2988 | Compress=1.00
[09:35:59] [INFO    ] [London] Early stop at epoch 1: renewable 0.07 < 0.20
[09:35:59] [INFO    ]   Node 3 London     ­Ъї▒ TRAIN  (Renewable: 0.07 | Carbon: 207g COРѓѓ/kWh | Mix: Рўђ0% ­Ъїг6% ­Ъфе94%)
[09:35:59] [INFO    ]     РћћРћђ Acc=0.9500 | Loss=0.1433 | Compress=1.00
[09:36:01] [INFO    ] [Round 9] Aggregated 4 node(s) via fedavg Рєњ Acc=0.9283 Loss=0.2601
[09:36:01] [INFO    ]   Рќ║ Global Acc=0.9283 | Participants=4/4 | Energy=5.8800 kWh | COРѓѓ=1300.27g
[09:36:01] [INFO    ] 
Round 10/10 Рћѓ Standard FL
[09:36:02] [INFO    ]   Node 0 Oslo       ­Ъї▒ TRAIN  (Renewable: 0.37 | Carbon: 85g COРѓѓ/kWh | Mix: Рўђ1% ­Ъїг35% ­Ъфе64%)
[09:36:02] [INFO    ]     РћћРћђ Acc=0.9513 | Loss=0.1681 | Compress=1.00
[09:36:02] [INFO    ]   Node 1 Melbourne  ­Ъї▒ TRAIN  (Renewable: 0.56 | Carbon: 470g COРѓѓ/kWh | Mix: Рўђ44% ­Ъїг11% ­Ъфе45%)
[09:36:02] [INFO    ]     РћћРћђ Acc=0.9800 | Loss=0.0824 | Compress=0.10
[09:36:03] [INFO    ] [San Jos├Е] Early stop at epoch 1: renewable 0.13 < 0.20
[09:36:03] [INFO    ]   Node 2 San Jos├Е   ­Ъї▒ TRAIN  (Renewable: 0.13 | Carbon: 36g COРѓѓ/kWh | Mix: Рўђ6% ­Ъїг5% ­Ъфе88%)
[09:36:03] [INFO    ]     РћћРћђ Acc=0.9170 | Loss=0.2460 | Compress=1.00
[09:36:03] [INFO    ] [London] Early stop at epoch 1: renewable 0.10 < 0.20
[09:36:03] [INFO    ]   Node 3 London     ­Ъї▒ TRAIN  (Renewable: 0.10 | Carbon: 202g COРѓѓ/kWh | Mix: Рўђ0% ­Ъїг9% ­Ъфе91%)
[09:36:03] [INFO    ]     РћћРћђ Acc=0.9620 | Loss=0.1209 | Compress=1.00
[09:36:05] [INFO    ] [Round 10] Aggregated 4 node(s) via fedavg Рєњ Acc=0.9324 Loss=0.2406
[09:36:05] [INFO    ]   Рќ║ Global Acc=0.9324 | Participants=4/4 | Energy=5.8800 kWh | COРѓѓ=1165.02g
[09:36:05] [INFO    ] 
  ­ЪЊЮ Technical report Рєњ results_experiment/A_456/reports/technical_report.md
[09:36:05] [INFO    ]   ­ЪЊІ Metrics JSON Рєњ results_experiment/A_456/metrics/experiment_results.json
[09:36:05] [INFO    ] 
  РЈ▒  Total execution: 41.9s
[09:36:05] [INFO    ] РћЂРћЂРћЂРћЂРћЂРћЂРћЂРћЂРћЂРћЂРћЂРћЂРћЂРћЂРћЂРћЂРћЂРћЂРћЂРћЂРћЂРћЂРћЂРћЂРћЂРћЂРћЂРћЂРћЂРћЂРћЂРћЂРћЂРћЂРћЂРћЂРћЂРћЂРћЂРћЂРћЂРћЂРћЂРћЂРћЂРћЂРћЂРћЂРћЂРћЂРћЂРћЂРћЂРћЂРћЂРћЂРћЂРћЂРћЂРћЂРћЂРћЂРћЂРћЂРћЂРћЂРћЂРћЂРћЂРћЂ
[09:36:05] [INFO    ]   ­Ъї▒ Training complete. The planet thanks you.
[09:36:05] [INFO    ] РћЂРћЂРћЂРћЂРћЂРћЂРћЂРћЂРћЂРћЂРћЂРћЂРћЂРћЂРћЂРћЂРћЂРћЂРћЂРћЂРћЂРћЂРћЂРћЂРћЂРћЂРћЂРћЂРћЂРћЂРћЂРћЂРћЂРћЂРћЂРћЂРћЂРћЂРћЂРћЂРћЂРћЂРћЂРћЂРћЂРћЂРћЂРћЂРћЂРћЂРћЂРћЂРћЂРћЂРћЂРћЂРћЂРћЂРћЂРћЂРћЂРћЂРћЂРћЂРћЂРћЂРћЂРћЂРћЂРћЂ

[09:41:39] [INFO    ] РћЂРћЂРћЂРћЂРћЂРћЂРћЂРћЂРћЂРћЂРћЂРћЂРћЂРћЂРћЂРћЂРћЂРћЂРћЂРћЂРћЂРћЂРћЂРћЂРћЂРћЂРћЂРћЂРћЂРћЂРћЂРћЂРћЂРћЂРћЂРћЂРћЂРћЂРћЂРћЂРћЂРћЂРћЂРћЂРћЂРћЂРћЂРћЂРћЂРћЂРћЂРћЂРћЂРћЂРћЂРћЂРћЂРћЂРћЂРћЂРћЂРћЂРћЂРћЂРћЂРћЂРћЂРћЂРћЂРћЂ
[09:41:39] [INFO    ]   ­ЪїЇ  CLIMATE-FED ORCHESTRATOR v2.0  Рћђ  Carbon-Aware FL Platform
[09:41:39] [INFO    ] РћЂРћЂРћЂРћЂРћЂРћЂРћЂРћЂРћЂРћЂРћЂРћЂРћЂРћЂРћЂРћЂРћЂРћЂРћЂРћЂРћЂРћЂРћЂРћЂРћЂРћЂРћЂРћЂРћЂРћЂРћЂРћЂРћЂРћЂРћЂРћЂРћЂРћЂРћЂРћЂРћЂРћЂРћЂРћЂРћЂРћЂРћЂРћЂРћЂРћЂРћЂРћЂРћЂРћЂРћЂРћЂРћЂРћЂРћЂРћЂРћЂРћЂРћЂРћЂРћЂРћЂРћЂРћЂРћЂРћЂ
[09:41:39] [INFO    ]   Mode: STANDARD | Rounds: 10 | Seed: 456
[09:41:39] [INFO    ]   Device: cpu
[09:41:39] [INFO    ] 
  Initializing Renewable Grid...
[09:41:39] [INFO    ]     РюЊ Node-0: Oslo, Norway (Solar: 12%, Wind: 68%, Grid: 120g COРѓѓ/kWh)
[09:41:39] [INFO    ]     РюЊ Node-1: Melbourne, Australia (Solar: 45%, Wind: 23%, Grid: 850g COРѓѓ/kWh)
[09:41:39] [INFO    ]     РюЊ Node-2: San Jos├Е, Costa Rica (Solar: 34%, Wind: 12%, Grid: 40g COРѓѓ/kWh)
[09:41:39] [INFO    ]     РюЊ Node-3: London, United Kingdom (Solar: 15%, Wind: 35%, Grid: 220g COРѓѓ/kWh)
[09:41:39] [INFO    ] 
  GreenNet-Mini: 105,914 parameters | ~2.1 MFLOPs per forward pass
[09:41:39] [INFO    ] 
  Partitioning MNIST (Dirichlet ╬▒=0.5, Non-IID)...
[09:41:39] [INFO    ] [Oslo] 3000 samples | Classes: [0, 1, 2, 3, 4, 5, 6, 7, 8, 9] | Distribution: [244, 17, 102, 178, 346, 111, 333, 1052, 35, 582]
[09:41:39] [INFO    ] [Melbourne] 2000 samples | Classes: [0, 1, 2, 3, 4] | Distribution: [239, 98, 1119, 66, 478, 0, 0, 0, 0, 0]
[09:41:39] [INFO    ] [San Jos├Е] 1000 samples | Classes: [5, 6, 7, 8, 9] | Distribution: [0, 0, 0, 0, 0, 137, 142, 232, 370, 119]
[09:41:39] [INFO    ] [London] 1500 samples | Classes: [0, 2, 4, 6, 8] | Distribution: [308, 0, 119, 0, 245, 0, 593, 0, 235, 0]
[09:41:39] [INFO    ] 
РЋљРЋљРЋљРЋљРЋљРЋљРЋљРЋљРЋљРЋљРЋљРЋљРЋљРЋљРЋљРЋљРЋљРЋљРЋљРЋљРЋљРЋљРЋљРЋљРЋљРЋљРЋљРЋљРЋљРЋљРЋљРЋљРЋљРЋљРЋљРЋљРЋљРЋљРЋљРЋљРЋљРЋљРЋљРЋљРЋљРЋљРЋљРЋљРЋљРЋљРЋљРЋљРЋљРЋљРЋљРЋљРЋљРЋљРЋљРЋљРЋљРЋљРЋљРЋљРЋљРЋљРЋљРЋљРЋљРЋљ
[09:41:39] [INFO    ]   ­ЪЪА Arm: Standard FL
[09:41:39] [INFO    ] РЋљРЋљРЋљРЋљРЋљРЋљРЋљРЋљРЋљРЋљРЋљРЋљРЋљРЋљРЋљРЋљРЋљРЋљРЋљРЋљРЋљРЋљРЋљРЋљРЋљРЋљРЋљРЋљРЋљРЋљРЋљРЋљРЋљРЋљРЋљРЋљРЋљРЋљРЋљРЋљРЋљРЋљРЋљРЋљРЋљРЋљРЋљРЋљРЋљРЋљРЋљРЋљРЋљРЋљРЋљРЋљРЋљРЋљРЋљРЋљРЋљРЋљРЋљРЋљРЋљРЋљРЋљРЋљРЋљРЋљ
[09:41:39] [INFO    ] 
Round 01/10 Рћѓ Standard FL
[09:41:40] [INFO    ]   Node 0 Oslo       ­Ъї▒ TRAIN  (Renewable: 0.45 | Carbon: 77g COРѓѓ/kWh | Mix: Рўђ0% ­Ъїг44% ­Ъфе55%)
[09:41:40] [INFO    ]     РћћРћђ Acc=0.5597 | Loss=1.3407 | Compress=1.00
[09:41:41] [INFO    ]   Node 1 Melbourne  ­Ъї▒ TRAIN  (Renewable: 0.51 | Carbon: 502g COРѓѓ/kWh | Mix: Рўђ45% ­Ъїг6% ­Ъфе49%)
[09:41:41] [INFO    ]     РћћРћђ Acc=0.6665 | Loss=1.0656 | Compress=0.10
[09:41:41] [INFO    ] [San Jos├Е] Early stop at epoch 1: renewable 0.08 < 0.20
[09:41:41] [INFO    ]   Node 2 San Jos├Е   ­Ъї▒ TRAIN  (Renewable: 0.08 | Carbon: 37g COРѓѓ/kWh | Mix: Рўђ0% ­Ъїг7% ­Ъфе92%)
[09:41:41] [INFO    ]     РћћРћђ Acc=0.3480 | Loss=1.9583 | Compress=1.00
[09:41:41] [INFO    ] [London] Early stop at epoch 1: renewable 0.16 < 0.20
[09:41:41] [INFO    ]   Node 3 London     ­Ъї▒ TRAIN  (Renewable: 0.16 | Carbon: 191g COРѓѓ/kWh | Mix: Рўђ0% ­Ъїг16% ­Ъфе84%)
[09:41:41] [INFO    ]     РћћРћђ Acc=0.5480 | Loss=1.3287 | Compress=1.00
[09:41:43] [INFO    ] [Round 1] Aggregated 4 node(s) via fedavg Рєњ Acc=0.4678 Loss=1.6481
[09:41:43] [INFO    ]   Рќ║ Global Acc=0.4678 | Participants=4/4 | Energy=5.8800 kWh | COРѓѓ=1186.83g
[09:41:43] [INFO    ] 
Round 02/10 Рћѓ Standard FL
[09:41:44] [INFO    ]   Node 0 Oslo       ­Ъї▒ TRAIN  (Renewable: 0.42 | Carbon: 80g COРѓѓ/kWh | Mix: Рўђ1% ­Ъїг41% ­Ъфе59%)
[09:41:44] [INFO    ]     РћћРћђ Acc=0.7757 | Loss=0.7437 | Compress=1.00
[09:41:45] [INFO    ]   Node 1 Melbourne  ­Ъї▒ TRAIN  (Renewable: 0.24 | Carbon: 686g COРѓѓ/kWh | Mix: Рўђ21% ­Ъїг3% ­Ъфе76%)
[09:41:45] [INFO    ]     РћћРћђ Acc=0.8875 | Loss=0.4416 | Compress=0.10
[09:41:45] [INFO    ] [San Jos├Е] Early stop at epoch 1: renewable 0.09 < 0.20
[09:41:45] [INFO    ]   Node 2 San Jos├Е   ­Ъї▒ TRAIN  (Renewable: 0.09 | Carbon: 37g COРѓѓ/kWh | Mix: Рўђ2% ­Ъїг6% ­Ъфе92%)
[09:41:45] [INFO    ]     РћћРћђ Acc=0.6040 | Loss=1.2174 | Compress=1.00
[09:41:45] [INFO    ] [London] Early stop at epoch 1: renewable 0.18 < 0.20
[09:41:45] [INFO    ]   Node 3 London     ­Ъї▒ TRAIN  (Renewable: 0.18 | Carbon: 188g COРѓѓ/kWh | Mix: Рўђ0% ­Ъїг18% ­Ъфе82%)
[09:41:45] [INFO    ]     РћћРћђ Acc=0.8340 | Loss=0.5986 | Compress=1.00
[09:41:47] [INFO    ] [Round 2] Aggregated 4 node(s) via fedavg Рєњ Acc=0.6011 Loss=1.0734
[09:41:47] [INFO    ]   Рќ║ Global Acc=0.6011 | Participants=4/4 | Energy=5.8800 kWh | COРѓѓ=1457.61g
[09:41:47] [INFO    ] 
Round 03/10 Рћѓ Standard FL
[09:41:48] [INFO    ]   Node 0 Oslo       ­Ъї▒ TRAIN  (Renewable: 0.44 | Carbon: 78g COРѓѓ/kWh | Mix: Рўђ5% ­Ъїг39% ­Ъфе56%)
[09:41:48] [INFO    ]     РћћРћђ Acc=0.8573 | Loss=0.4932 | Compress=1.00
[09:41:49] [INFO    ] [Melbourne] Early stop at epoch 1: renewable 0.11 < 0.20
[09:41:49] [INFO    ]   Node 1 Melbourne  ­Ъї▒ TRAIN  (Renewable: 0.11 | Carbon: 774g COРѓѓ/kWh | Mix: Рўђ6% ­Ъїг5% ­Ъфе89%)
[09:41:49] [INFO    ]     РћћРћђ Acc=0.9220 | Loss=0.2841 | Compress=0.10
[09:41:49] [INFO    ] [San Jos├Е] Early stop at epoch 1: renewable 0.12 < 0.20
[09:41:49] [INFO    ]   Node 2 San Jos├Е   ­Ъї▒ TRAIN  (Renewable: 0.12 | Carbon: 36g COРѓѓ/kWh | Mix: Рўђ6% ­Ъїг6% ­Ъфе88%)
[09:41:49] [INFO    ]     РћћРћђ Acc=0.7290 | Loss=0.8503 | Compress=1.00
[09:41:50] [INFO    ]   Node 3 London     ­Ъї▒ TRAIN  (Renewable: 0.24 | Carbon: 178g COРѓѓ/kWh | Mix: Рўђ3% ­Ъїг20% ­Ъфе76%)
[09:41:50] [INFO    ]     РћћРћђ Acc=0.9093 | Loss=0.3454 | Compress=1.00
[09:41:52] [INFO    ] [Round 3] Aggregated 4 node(s) via fedavg Рєњ Acc=0.7345 Loss=0.7727
[09:41:52] [INFO    ]   Рќ║ Global Acc=0.7345 | Participants=4/4 | Energy=5.8800 kWh | COРѓѓ=1566.55g
[09:41:52] [INFO    ] 
Round 04/10 Рћѓ Standard FL
[09:41:52] [INFO    ]   Node 0 Oslo       ­Ъї▒ TRAIN  (Renewable: 0.39 | Carbon: 83g COРѓѓ/kWh | Mix: Рўђ11% ­Ъїг27% ­Ъфе62%)
[09:41:52] [INFO    ]     РћћРћђ Acc=0.8790 | Loss=0.4000 | Compress=1.00
[09:41:53] [INFO    ] [Melbourne] Early stop at epoch 1: renewable 0.11 < 0.20
[09:41:53] [INFO    ]   Node 1 Melbourne  ­Ъї▒ TRAIN  (Renewable: 0.11 | Carbon: 773g COРѓѓ/kWh | Mix: Рўђ2% ­Ъїг8% ­Ъфе89%)
[09:41:53] [INFO    ]     РћћРћђ Acc=0.9500 | Loss=0.1742 | Compress=0.10
[09:41:53] [INFO    ] [San Jos├Е] Early stop at epoch 1: renewable 0.07 < 0.20
[09:41:53] [INFO    ]   Node 2 San Jos├Е   ­Ъї▒ TRAIN  (Renewable: 0.07 | Carbon: 38g COРѓѓ/kWh | Mix: Рўђ0% ­Ъїг6% ­Ъфе94%)
[09:41:53] [INFO    ]     РћћРћђ Acc=0.7790 | Loss=0.6846 | Compress=1.00
[09:41:54] [INFO    ]   Node 3 London     ­Ъї▒ TRAIN  (Renewable: 0.30 | Carbon: 167g COРѓѓ/kWh | Mix: Рўђ12% ­Ъїг18% ­Ъфе70%)
[09:41:54] [INFO    ]     РћћРћђ Acc=0.9193 | Loss=0.2716 | Compress=1.00
[09:41:56] [INFO    ] [Round 4] Aggregated 4 node(s) via fedavg Рєњ Acc=0.8252 Loss=0.5755
[09:41:56] [INFO    ]   Рќ║ Global Acc=0.8252 | Participants=4/4 | Energy=5.8800 kWh | COРѓѓ=1560.08g
[09:41:56] [INFO    ] 
Round 05/10 Рћѓ Standard FL
[09:41:57] [INFO    ]   Node 0 Oslo       ­Ъї▒ TRAIN  (Renewable: 0.35 | Carbon: 86g COРѓѓ/kWh | Mix: Рўђ12% ­Ъїг22% ­Ъфе66%)
[09:41:57] [INFO    ]     РћћРћђ Acc=0.8970 | Loss=0.3380 | Compress=1.00
[09:41:57] [INFO    ] [Melbourne] Early stop at epoch 1: renewable 0.15 < 0.20
[09:41:57] [INFO    ]   Node 1 Melbourne  ­Ъї▒ TRAIN  (Renewable: 0.15 | Carbon: 748g COРѓѓ/kWh | Mix: Рўђ2% ­Ъїг12% ­Ъфе86%)
[09:41:57] [INFO    ]     РћћРћђ Acc=0.9590 | Loss=0.1440 | Compress=0.10
[09:41:57] [INFO    ] [San Jos├Е] Early stop at epoch 1: renewable 0.11 < 0.20
[09:41:57] [INFO    ]   Node 2 San Jos├Е   ­Ъї▒ TRAIN  (Renewable: 0.11 | Carbon: 37g COРѓѓ/kWh | Mix: Рўђ5% ­Ъїг5% ­Ъфе90%)
[09:41:57] [INFO    ]     РћћРћђ Acc=0.8140 | Loss=0.5393 | Compress=1.00
[09:41:58] [INFO    ]   Node 3 London     ­Ъї▒ TRAIN  (Renewable: 0.37 | Carbon: 155g COРѓѓ/kWh | Mix: Рўђ15% ­Ъїг21% ­Ъфе64%)
[09:41:58] [INFO    ]     РћћРћђ Acc=0.9480 | Loss=0.1972 | Compress=1.00
[09:42:00] [INFO    ] [Round 5] Aggregated 4 node(s) via fedavg Рєњ Acc=0.8768 Loss=0.4481
[09:42:00] [INFO    ]   Рќ║ Global Acc=0.8768 | Participants=4/4 | Energy=5.8800 kWh | COРѓѓ=1508.81g
[09:42:00] [INFO    ] 
Round 06/10 Рћѓ Standard FL
[09:42:01] [INFO    ]   Node 0 Oslo       ­Ъї▒ TRAIN  (Renewable: 0.46 | Carbon: 76g COРѓѓ/kWh | Mix: Рўђ5% ­Ъїг40% ­Ъфе55%)
[09:42:01] [INFO    ]     РћћРћђ Acc=0.9207 | Loss=0.2751 | Compress=1.00
[09:42:01] [INFO    ] [Melbourne] Early stop at epoch 1: renewable 0.17 < 0.20
[09:42:01] [INFO    ]   Node 1 Melbourne  ­Ъї▒ TRAIN  (Renewable: 0.17 | Carbon: 737g COРѓѓ/kWh | Mix: Рўђ2% ­Ъїг14% ­Ъфе84%)
[09:42:01] [INFO    ]     РћћРћђ Acc=0.9490 | Loss=0.1563 | Compress=0.10
[09:42:02] [INFO    ]   Node 2 San Jos├Е   ­Ъї▒ TRAIN  (Renewable: 0.27 | Carbon: 31g COРѓѓ/kWh | Mix: Рўђ20% ­Ъїг6% ­Ъфе74%)
[09:42:02] [INFO    ]     РћћРћђ Acc=0.8680 | Loss=0.4311 | Compress=1.00
[09:42:02] [INFO    ]   Node 3 London     ­Ъї▒ TRAIN  (Renewable: 0.30 | Carbon: 166g COРѓѓ/kWh | Mix: Рўђ11% ­Ъїг18% ­Ъфе70%)
[09:42:02] [INFO    ]     РћћРћђ Acc=0.9567 | Loss=0.1658 | Compress=1.00
[09:42:04] [INFO    ] [Round 6] Aggregated 4 node(s) via fedavg Рєњ Acc=0.8973 Loss=0.3686
[09:42:04] [INFO    ]   Рќ║ Global Acc=0.8973 | Participants=4/4 | Energy=5.8800 kWh | COРѓѓ=1486.23g
[09:42:04] [INFO    ] 
Round 07/10 Рћѓ Standard FL
[09:42:05] [INFO    ]   Node 0 Oslo       ­Ъї▒ TRAIN  (Renewable: 0.40 | Carbon: 82g COРѓѓ/kWh | Mix: Рўђ0% ­Ъїг39% ­Ъфе61%)
[09:42:05] [INFO    ]     РћћРћђ Acc=0.9323 | Loss=0.2275 | Compress=1.00
[09:42:05] [INFO    ] [Melbourne] Early stop at epoch 1: renewable 0.18 < 0.20
[09:42:05] [INFO    ]   Node 1 Melbourne  ­Ъї▒ TRAIN  (Renewable: 0.18 | Carbon: 726g COРѓѓ/kWh | Mix: Рўђ2% ­Ъїг15% ­Ъфе82%)
[09:42:05] [INFO    ]     РћћРћђ Acc=0.9675 | Loss=0.1123 | Compress=0.10
[09:42:06] [INFO    ]   Node 2 San Jos├Е   ­Ъї▒ TRAIN  (Renewable: 0.41 | Carbon: 27g COРѓѓ/kWh | Mix: Рўђ34% ­Ъїг6% ­Ъфе60%)
[09:42:06] [INFO    ]     РћћРћђ Acc=0.8710 | Loss=0.3716 | Compress=1.00
[09:42:06] [INFO    ] [London] Early stop at epoch 1: renewable 0.18 < 0.20
[09:42:06] [INFO    ]   Node 3 London     ­Ъї▒ TRAIN  (Renewable: 0.18 | Carbon: 189g COРѓѓ/kWh | Mix: Рўђ4% ­Ъїг13% ­Ъфе83%)
[09:42:06] [INFO    ]     РћћРћђ Acc=0.9527 | Loss=0.1555 | Compress=1.00
[09:42:08] [INFO    ] [Round 7] Aggregated 4 node(s) via fedavg Рєњ Acc=0.9046 Loss=0.3393
[09:42:08] [INFO    ]   Рќ║ Global Acc=0.9046 | Participants=4/4 | Energy=5.8800 kWh | COРѓѓ=1503.91g
[09:42:08] [INFO    ] 
Round 08/10 Рћѓ Standard FL
[09:42:09] [INFO    ]   Node 0 Oslo       ­Ъї▒ TRAIN  (Renewable: 0.32 | Carbon: 89g COРѓѓ/kWh | Mix: Рўђ0% ­Ъїг31% ­Ъфе69%)
[09:42:09] [INFO    ]     РћћРћђ Acc=0.9357 | Loss=0.2181 | Compress=1.00
[09:42:09] [INFO    ]   Node 1 Melbourne  ­Ъї▒ TRAIN  (Renewable: 0.21 | Carbon: 705g COРѓѓ/kWh | Mix: Рўђ7% ­Ъїг13% ­Ъфе80%)
[09:42:09] [INFO    ]     РћћРћђ Acc=0.9765 | Loss=0.0905 | Compress=0.10
[09:42:10] [INFO    ]   Node 2 San Jos├Е   ­Ъї▒ TRAIN  (Renewable: 0.40 | Carbon: 27g COРѓѓ/kWh | Mix: Рўђ34% ­Ъїг5% ­Ъфе61%)
[09:42:10] [INFO    ]     РћћРћђ Acc=0.8970 | Loss=0.3128 | Compress=1.00
[09:42:10] [INFO    ] [London] Early stop at epoch 1: renewable 0.08 < 0.20
[09:42:10] [INFO    ]   Node 3 London     ­Ъї▒ TRAIN  (Renewable: 0.08 | Carbon: 206g COРѓѓ/kWh | Mix: Рўђ0% ­Ъїг7% ­Ъфе93%)
[09:42:10] [INFO    ]     РћћРћђ Acc=0.9513 | Loss=0.1405 | Compress=1.00
[09:42:12] [INFO    ] [Round 8] Aggregated 4 node(s) via fedavg Рєњ Acc=0.9229 Loss=0.2757
[09:42:12] [INFO    ]   Рќ║ Global Acc=0.9229 | Participants=4/4 | Energy=5.8800 kWh | COРѓѓ=1510.79g
[09:42:12] [INFO    ] 
Round 09/10 Рћѓ Standard FL
[09:42:13] [INFO    ]   Node 0 Oslo       ­Ъї▒ TRAIN  (Renewable: 0.41 | Carbon: 81g COРѓѓ/kWh | Mix: Рўђ0% ­Ъїг40% ­Ъфе60%)
[09:42:13] [INFO    ]     РћћРћђ Acc=0.9413 | Loss=0.1912 | Compress=1.00
[09:42:14] [INFO    ]   Node 1 Melbourne  ­Ъї▒ TRAIN  (Renewable: 0.42 | Carbon: 564g COРѓѓ/kWh | Mix: Рўђ24% ­Ъїг17% ­Ъфе59%)
[09:42:14] [INFO    ]     РћћРћђ Acc=0.9750 | Loss=0.0923 | Compress=0.10
[09:42:14] [INFO    ]   Node 2 San Jos├Е   ­Ъї▒ TRAIN  (Renewable: 0.24 | Carbon: 32g COРѓѓ/kWh | Mix: Рўђ20% ­Ъїг4% ­Ъфе77%)
[09:42:14] [INFO    ]     РћћРћђ Acc=0.8990 | Loss=0.2988 | Compress=1.00
[09:42:14] [INFO    ] [London] Early stop at epoch 1: renewable 0.07 < 0.20
[09:42:14] [INFO    ]   Node 3 London     ­Ъї▒ TRAIN  (Renewable: 0.07 | Carbon: 207g COРѓѓ/kWh | Mix: Рўђ0% ­Ъїг6% ­Ъфе94%)
[09:42:14] [INFO    ]     РћћРћђ Acc=0.9500 | Loss=0.1433 | Compress=1.00
[09:42:16] [INFO    ] [Round 9] Aggregated 4 node(s) via fedavg Рєњ Acc=0.9283 Loss=0.2601
[09:42:16] [INFO    ]   Рќ║ Global Acc=0.9283 | Participants=4/4 | Energy=5.8800 kWh | COРѓѓ=1300.27g
[09:42:16] [INFO    ] 
Round 10/10 Рћѓ Standard FL
[09:42:17] [INFO    ]   Node 0 Oslo       ­Ъї▒ TRAIN  (Renewable: 0.37 | Carbon: 85g COРѓѓ/kWh | Mix: Рўђ1% ­Ъїг35% ­Ъфе64%)
[09:42:17] [INFO    ]     РћћРћђ Acc=0.9513 | Loss=0.1681 | Compress=1.00
[09:42:18] [INFO    ]   Node 1 Melbourne  ­Ъї▒ TRAIN  (Renewable: 0.56 | Carbon: 470g COРѓѓ/kWh | Mix: Рўђ44% ­Ъїг11% ­Ъфе45%)
[09:42:18] [INFO    ]     РћћРћђ Acc=0.9800 | Loss=0.0824 | Compress=0.10
[09:42:18] [INFO    ] [San Jos├Е] Early stop at epoch 1: renewable 0.13 < 0.20
[09:42:18] [INFO    ]   Node 2 San Jos├Е   ­Ъї▒ TRAIN  (Renewable: 0.13 | Carbon: 36g COРѓѓ/kWh | Mix: Рўђ6% ­Ъїг5% ­Ъфе88%)
[09:42:18] [INFO    ]     РћћРћђ Acc=0.9170 | Loss=0.2460 | Compress=1.00
[09:42:18] [INFO    ] [London] Early stop at epoch 1: renewable 0.10 < 0.20
[09:42:18] [INFO    ]   Node 3 London     ­Ъї▒ TRAIN  (Renewable: 0.10 | Carbon: 202g COРѓѓ/kWh | Mix: Рўђ0% ­Ъїг9% ­Ъфе91%)
[09:42:18] [INFO    ]     РћћРћђ Acc=0.9620 | Loss=0.1209 | Compress=1.00
[09:42:20] [INFO    ] [Round 10] Aggregated 4 node(s) via fedavg Рєњ Acc=0.9324 Loss=0.2406
[09:42:20] [INFO    ]   Рќ║ Global Acc=0.9324 | Participants=4/4 | Energy=5.8800 kWh | COРѓѓ=1165.02g
[09:42:20] [INFO    ] 
  ­ЪЊЮ Technical report Рєњ results_experiment/A_456/reports/technical_report.md
[09:42:20] [INFO    ]   ­ЪЊІ Metrics JSON Рєњ results_experiment/A_456/metrics/experiment_results.json
[09:42:20] [INFO    ] 
  РЈ▒  Total execution: 41.2s
[09:42:20] [INFO    ] РћЂРћЂРћЂРћЂРћЂРћЂРћЂРћЂРћЂРћЂРћЂРћЂРћЂРћЂРћЂРћЂРћЂРћЂРћЂРћЂРћЂРћЂРћЂРћЂРћЂРћЂРћЂРћЂРћЂРћЂРћЂРћЂРћЂРћЂРћЂРћЂРћЂРћЂРћЂРћЂРћЂРћЂРћЂРћЂРћЂРћЂРћЂРћЂРћЂРћЂРћЂРћЂРћЂРћЂРћЂРћЂРћЂРћЂРћЂРћЂРћЂРћЂРћЂРћЂРћЂРћЂРћЂРћЂРћЂРћЂ
[09:42:20] [INFO    ]   ­Ъї▒ Training complete. The planet thanks you.
[09:42:20] [INFO    ] РћЂРћЂРћЂРћЂРћЂРћЂРћЂРћЂРћЂРћЂРћЂРћЂРћЂРћЂРћЂРћЂРћЂРћЂРћЂРћЂРћЂРћЂРћЂРћЂРћЂРћЂРћЂРћЂРћЂРћЂРћЂРћЂРћЂРћЂРћЂРћЂРћЂРћЂРћЂРћЂРћЂРћЂРћЂРћЂРћЂРћЂРћЂРћЂРћЂРћЂРћЂРћЂРћЂРћЂРћЂРћЂРћЂРћЂРћЂРћЂРћЂРћЂРћЂРћЂРћЂРћЂРћЂРћЂРћЂРћЂ

