[09:01:42] [INFO    ] РћЂРћЂРћЂРћЂРћЂРћЂРћЂРћЂРћЂРћЂРћЂРћЂРћЂРћЂРћЂРћЂРћЂРћЂРћЂРћЂРћЂРћЂРћЂРћЂРћЂРћЂРћЂРћЂРћЂРћЂРћЂРћЂРћЂРћЂРћЂРћЂРћЂРћЂРћЂРћЂРћЂРћЂРћЂРћЂРћЂРћЂРћЂРћЂРћЂРћЂРћЂРћЂРћЂРћЂРћЂРћЂРћЂРћЂРћЂРћЂРћЂРћЂРћЂРћЂРћЂРћЂРћЂРћЂРћЂРћЂ
[09:01:42] [INFO    ]   ­ЪїЇ  CLIMATE-FED ORCHESTRATOR v2.0  Рћђ  Carbon-Aware FL Platform
[09:01:42] [INFO    ] РћЂРћЂРћЂРћЂРћЂРћЂРћЂРћЂРћЂРћЂРћЂРћЂРћЂРћЂРћЂРћЂРћЂРћЂРћЂРћЂРћЂРћЂРћЂРћЂРћЂРћЂРћЂРћЂРћЂРћЂРћЂРћЂРћЂРћЂРћЂРћЂРћЂРћЂРћЂРћЂРћЂРћЂРћЂРћЂРћЂРћЂРћЂРћЂРћЂРћЂРћЂРћЂРћЂРћЂРћЂРћЂРћЂРћЂРћЂРћЂРћЂРћЂРћЂРћЂРћЂРћЂРћЂРћЂРћЂРћЂ
[09:01:42] [INFO    ]   Mode: STANDARD | Rounds: 10 | Seed: 101112
[09:01:42] [INFO    ]   Device: cpu
[09:01:42] [INFO    ] 
  Initializing Renewable Grid...
[09:01:42] [INFO    ]     РюЊ Node-0: Oslo, Norway (Solar: 12%, Wind: 68%, Grid: 120g COРѓѓ/kWh)
[09:01:42] [INFO    ]     РюЊ Node-1: Melbourne, Australia (Solar: 45%, Wind: 23%, Grid: 850g COРѓѓ/kWh)
[09:01:42] [INFO    ]     РюЊ Node-2: San Jos├Е, Costa Rica (Solar: 34%, Wind: 12%, Grid: 40g COРѓѓ/kWh)
[09:01:42] [INFO    ]     РюЊ Node-3: London, United Kingdom (Solar: 15%, Wind: 35%, Grid: 220g COРѓѓ/kWh)
[09:01:42] [INFO    ] 
  GreenNet-Mini: 105,914 parameters | ~2.1 MFLOPs per forward pass
[09:01:42] [INFO    ] 
  Partitioning MNIST (Dirichlet ╬▒=0.5, Non-IID)...
[09:01:42] [INFO    ] [Oslo] 3000 samples | Classes: [0, 1, 2, 3, 4, 5, 6, 7, 8, 9] | Distribution: [381, 1510, 37, 58, 595, 46, 5, 231, 136, 1]
[09:01:42] [INFO    ] [Melbourne] 2000 samples | Classes: [0, 1, 2, 3, 4] | Distribution: [1427, 53, 157, 165, 198, 0, 0, 0, 0, 0]
[09:01:42] [INFO    ] [San Jos├Е] 1000 samples | Classes: [5, 6, 7, 8, 9] | Distribution: [0, 0, 0, 0, 0, 300, 19, 305, 176, 200]
[09:01:42] [INFO    ] [London] 1500 samples | Classes: [0, 2, 4, 6, 8] | Distribution: [87, 0, 56, 0, 1067, 0, 114, 0, 176, 0]
[09:01:42] [INFO    ] 
РЋљРЋљРЋљРЋљРЋљРЋљРЋљРЋљРЋљРЋљРЋљРЋљРЋљРЋљРЋљРЋљРЋљРЋљРЋљРЋљРЋљРЋљРЋљРЋљРЋљРЋљРЋљРЋљРЋљРЋљРЋљРЋљРЋљРЋљРЋљРЋљРЋљРЋљРЋљРЋљРЋљРЋљРЋљРЋљРЋљРЋљРЋљРЋљРЋљРЋљРЋљРЋљРЋљРЋљРЋљРЋљРЋљРЋљРЋљРЋљРЋљРЋљРЋљРЋљРЋљРЋљРЋљРЋљРЋљРЋљ
[09:01:42] [INFO    ]   ­ЪЪА Arm: Standard FL
[09:01:42] [INFO    ] РЋљРЋљРЋљРЋљРЋљРЋљРЋљРЋљРЋљРЋљРЋљРЋљРЋљРЋљРЋљРЋљРЋљРЋљРЋљРЋљРЋљРЋљРЋљРЋљРЋљРЋљРЋљРЋљРЋљРЋљРЋљРЋљРЋљРЋљРЋљРЋљРЋљРЋљРЋљРЋљРЋљРЋљРЋљРЋљРЋљРЋљРЋљРЋљРЋљРЋљРЋљРЋљРЋљРЋљРЋљРЋљРЋљРЋљРЋљРЋљРЋљРЋљРЋљРЋљРЋљРЋљРЋљРЋљРЋљРЋљ
[09:01:42] [INFO    ] 
Round 01/10 Рћѓ Standard FL
[09:01:43] [INFO    ]   Node 0 Oslo       ­Ъї▒ TRAIN  (Renewable: 0.45 | Carbon: 77g COРѓѓ/kWh | Mix: Рўђ0% ­Ъїг44% ­Ъфе55%)
[09:01:43] [INFO    ]     РћћРћђ Acc=0.7587 | Loss=0.8579 | Compress=1.00
[09:01:43] [INFO    ]   Node 1 Melbourne  ­Ъї▒ TRAIN  (Renewable: 0.51 | Carbon: 502g COРѓѓ/kWh | Mix: Рўђ45% ­Ъїг6% ­Ъфе49%)
[09:01:43] [INFO    ]     РћћРћђ Acc=0.7400 | Loss=0.8425 | Compress=0.10
[09:01:43] [INFO    ] [San Jos├Е] Early stop at epoch 1: renewable 0.08 < 0.20
[09:01:43] [INFO    ]   Node 2 San Jos├Е   ­Ъї▒ TRAIN  (Renewable: 0.08 | Carbon: 37g COРѓѓ/kWh | Mix: Рўђ0% ­Ъїг7% ­Ъфе92%)
[09:01:43] [INFO    ]     РћћРћђ Acc=0.3870 | Loss=1.7398 | Compress=1.00
[09:01:44] [INFO    ] [London] Early stop at epoch 1: renewable 0.16 < 0.20
[09:01:44] [INFO    ]   Node 3 London     ­Ъї▒ TRAIN  (Renewable: 0.16 | Carbon: 191g COРѓѓ/kWh | Mix: Рўђ0% ­Ъїг16% ­Ъфе84%)
[09:01:44] [INFO    ]     РћћРћђ Acc=0.5933 | Loss=1.3444 | Compress=1.00
[09:01:46] [INFO    ] [Round 1] Aggregated 4 node(s) via fedavg Рєњ Acc=0.4146 Loss=1.8882
[09:01:46] [INFO    ]   Рќ║ Global Acc=0.4146 | Participants=4/4 | Energy=5.8800 kWh | COРѓѓ=1186.83g
[09:01:46] [INFO    ] 
Round 02/10 Рћѓ Standard FL
[09:01:47] [INFO    ]   Node 0 Oslo       ­Ъї▒ TRAIN  (Renewable: 0.42 | Carbon: 80g COРѓѓ/kWh | Mix: Рўђ1% ­Ъїг41% ­Ъфе59%)
[09:01:47] [INFO    ]     РћћРћђ Acc=0.8987 | Loss=0.3741 | Compress=1.00
[09:01:47] [INFO    ]   Node 1 Melbourne  ­Ъї▒ TRAIN  (Renewable: 0.24 | Carbon: 686g COРѓѓ/kWh | Mix: Рўђ21% ­Ъїг3% ­Ъфе76%)
[09:01:47] [INFO    ]     РћћРћђ Acc=0.9250 | Loss=0.2644 | Compress=0.10
[09:01:47] [INFO    ] [San Jos├Е] Early stop at epoch 1: renewable 0.09 < 0.20
[09:01:47] [INFO    ]   Node 2 San Jos├Е   ­Ъї▒ TRAIN  (Renewable: 0.09 | Carbon: 37g COРѓѓ/kWh | Mix: Рўђ2% ­Ъїг6% ­Ъфе92%)
[09:01:47] [INFO    ]     РћћРћђ Acc=0.4320 | Loss=1.8190 | Compress=1.00
[09:01:48] [INFO    ] [London] Early stop at epoch 1: renewable 0.18 < 0.20
[09:01:48] [INFO    ]   Node 3 London     ­Ъї▒ TRAIN  (Renewable: 0.18 | Carbon: 188g COРѓѓ/kWh | Mix: Рўђ0% ­Ъїг18% ­Ъфе82%)
[09:01:48] [INFO    ]     РћћРћђ Acc=0.8560 | Loss=0.4948 | Compress=1.00
[09:01:50] [INFO    ] [Round 2] Aggregated 4 node(s) via fedavg Рєњ Acc=0.0980 Loss=nan
[09:01:50] [INFO    ]   Рќ║ Global Acc=0.0980 | Participants=4/4 | Energy=5.8800 kWh | COРѓѓ=1457.61g
[09:01:50] [INFO    ] 
Round 03/10 Рћѓ Standard FL
[09:01:50] [INFO    ]   Node 0 Oslo       ­Ъї▒ TRAIN  (Renewable: 0.44 | Carbon: 78g COРѓѓ/kWh | Mix: Рўђ5% ­Ъїг39% ­Ъфе56%)
[09:01:50] [INFO    ]     РћћРћђ Acc=0.9127 | Loss=0.3082 | Compress=1.00
[09:01:51] [INFO    ] [Melbourne] Early stop at epoch 1: renewable 0.11 < 0.20
[09:01:51] [INFO    ]   Node 1 Melbourne  ­Ъї▒ TRAIN  (Renewable: 0.11 | Carbon: 774g COРѓѓ/kWh | Mix: Рўђ6% ­Ъїг5% ­Ъфе89%)
[09:01:51] [INFO    ]     РћћРћђ Acc=0.9365 | Loss=0.2137 | Compress=0.10
[09:01:51] [INFO    ] [San Jos├Е] Early stop at epoch 1: renewable 0.12 < 0.20
[09:01:51] [INFO    ]   Node 2 San Jos├Е   ­Ъї▒ TRAIN  (Renewable: 0.12 | Carbon: 36g COРѓѓ/kWh | Mix: Рўђ6% ­Ъїг6% ­Ъфе88%)
[09:01:51] [INFO    ]     РћћРћђ Acc=0.3800 | Loss=2.5233 | Compress=1.00
[09:01:52] [INFO    ]   Node 3 London     ­Ъї▒ TRAIN  (Renewable: 0.24 | Carbon: 178g COРѓѓ/kWh | Mix: Рўђ3% ­Ъїг20% ­Ъфе76%)
[09:01:52] [INFO    ]     РћћРћђ Acc=0.8567 | Loss=0.4991 | Compress=1.00
[09:01:54] [INFO    ] [Round 3] Aggregated 4 node(s) via fedavg Рєњ Acc=0.0980 Loss=nan
[09:01:54] [INFO    ]   Рќ║ Global Acc=0.0980 | Participants=4/4 | Energy=5.8800 kWh | COРѓѓ=1566.55g
[09:01:54] [INFO    ] 
Round 04/10 Рћѓ Standard FL
[09:01:54] [INFO    ]   Node 0 Oslo       ­Ъї▒ TRAIN  (Renewable: 0.39 | Carbon: 83g COРѓѓ/kWh | Mix: Рўђ11% ­Ъїг27% ­Ъфе62%)
[09:01:54] [INFO    ]     РћћРћђ Acc=0.9153 | Loss=0.2822 | Compress=1.00
[09:01:55] [INFO    ] [Melbourne] Early stop at epoch 1: renewable 0.11 < 0.20
[09:01:55] [INFO    ]   Node 1 Melbourne  ­Ъї▒ TRAIN  (Renewable: 0.11 | Carbon: 773g COРѓѓ/kWh | Mix: Рўђ2% ­Ъїг8% ­Ъфе89%)
[09:01:55] [INFO    ]     РћћРћђ Acc=0.9340 | Loss=0.2159 | Compress=0.10
[09:01:55] [INFO    ] [San Jos├Е] Early stop at epoch 1: renewable 0.07 < 0.20
[09:01:55] [INFO    ]   Node 2 San Jos├Е   ­Ъї▒ TRAIN  (Renewable: 0.07 | Carbon: 38g COРѓѓ/kWh | Mix: Рўђ0% ­Ъїг6% ­Ъфе94%)
[09:01:55] [INFO    ]     РћћРћђ Acc=0.3540 | Loss=3.1576 | Compress=1.00
[09:01:56] [INFO    ]   Node 3 London     ­Ъї▒ TRAIN  (Renewable: 0.30 | Carbon: 167g COРѓѓ/kWh | Mix: Рўђ12% ­Ъїг18% ­Ъфе70%)
[09:01:56] [INFO    ]     РћћРћђ Acc=0.8547 | Loss=0.5369 | Compress=1.00
[09:01:57] [INFO    ] [Round 4] Aggregated 4 node(s) via fedavg Рєњ Acc=0.0980 Loss=nan
[09:01:57] [INFO    ]   Рќ║ Global Acc=0.0980 | Participants=4/4 | Energy=5.8800 kWh | COРѓѓ=1560.08g
[09:01:57] [INFO    ] 
Round 05/10 Рћѓ Standard FL
[09:01:58] [INFO    ]   Node 0 Oslo       ­Ъї▒ TRAIN  (Renewable: 0.35 | Carbon: 86g COРѓѓ/kWh | Mix: Рўђ12% ­Ъїг22% ­Ъфе66%)
[09:01:58] [INFO    ]     РћћРћђ Acc=0.9163 | Loss=0.2977 | Compress=1.00
[09:01:59] [INFO    ] [Melbourne] Early stop at epoch 1: renewable 0.15 < 0.20
[09:01:59] [INFO    ]   Node 1 Melbourne  ­Ъї▒ TRAIN  (Renewable: 0.15 | Carbon: 748g COРѓѓ/kWh | Mix: Рўђ2% ­Ъїг12% ­Ъфе86%)
[09:01:59] [INFO    ]     РћћРћђ Acc=0.9430 | Loss=0.1942 | Compress=0.10
[09:01:59] [INFO    ] [San Jos├Е] Early stop at epoch 1: renewable 0.11 < 0.20
[09:01:59] [INFO    ]   Node 2 San Jos├Е   ­Ъї▒ TRAIN  (Renewable: 0.11 | Carbon: 37g COРѓѓ/kWh | Mix: Рўђ5% ­Ъїг5% ­Ъфе90%)
[09:01:59] [INFO    ]     РћћРћђ Acc=0.3540 | Loss=3.5025 | Compress=1.00
[09:01:59] [INFO    ]   Node 3 London     ­Ъї▒ TRAIN  (Renewable: 0.37 | Carbon: 155g COРѓѓ/kWh | Mix: Рўђ15% ­Ъїг21% ­Ъфе64%)
[09:01:59] [INFO    ]     РћћРћђ Acc=0.8427 | Loss=0.5921 | Compress=1.00
[09:02:01] [INFO    ] [Round 5] Aggregated 4 node(s) via fedavg Рєњ Acc=0.0980 Loss=nan
[09:02:01] [INFO    ]   Рќ║ Global Acc=0.0980 | Participants=4/4 | Energy=5.8800 kWh | COРѓѓ=1508.81g
[09:02:01] [INFO    ] 
Round 06/10 Рћѓ Standard FL
[09:02:02] [INFO    ]   Node 0 Oslo       ­Ъї▒ TRAIN  (Renewable: 0.46 | Carbon: 76g COРѓѓ/kWh | Mix: Рўђ5% ­Ъїг40% ­Ъфе55%)
[09:02:02] [INFO    ]     РћћРћђ Acc=0.9283 | Loss=0.2556 | Compress=1.00
[09:02:03] [INFO    ] [Melbourne] Early stop at epoch 1: renewable 0.17 < 0.20
[09:02:03] [INFO    ]   Node 1 Melbourne  ­Ъї▒ TRAIN  (Renewable: 0.17 | Carbon: 737g COРѓѓ/kWh | Mix: Рўђ2% ­Ъїг14% ­Ъфе84%)
[09:02:03] [INFO    ]     РћћРћђ Acc=0.9410 | Loss=0.2015 | Compress=0.10
[09:02:03] [INFO    ]   Node 2 San Jos├Е   ­Ъї▒ TRAIN  (Renewable: 0.27 | Carbon: 31g COРѓѓ/kWh | Mix: Рўђ20% ­Ъїг6% ­Ъфе74%)
[09:02:03] [INFO    ]     РћћРћђ Acc=0.3640 | Loss=3.6180 | Compress=1.00
[09:02:03] [INFO    ]   Node 3 London     ­Ъї▒ TRAIN  (Renewable: 0.30 | Carbon: 166g COРѓѓ/kWh | Mix: Рўђ11% ­Ъїг18% ­Ъфе70%)
[09:02:03] [INFO    ]     РћћРћђ Acc=0.8640 | Loss=0.5896 | Compress=1.00
[09:02:05] [INFO    ] [Round 6] Aggregated 4 node(s) via fedavg Рєњ Acc=0.0980 Loss=nan
[09:02:05] [INFO    ]   Рќ║ Global Acc=0.0980 | Participants=4/4 | Energy=5.8800 kWh | COРѓѓ=1486.23g
[09:02:05] [INFO    ] 
Round 07/10 Рћѓ Standard FL
[09:02:06] [INFO    ]   Node 0 Oslo       ­Ъї▒ TRAIN  (Renewable: 0.40 | Carbon: 82g COРѓѓ/kWh | Mix: Рўђ0% ­Ъїг39% ­Ъфе61%)
[09:02:06] [INFO    ]     РћћРћђ Acc=0.9227 | Loss=0.2708 | Compress=1.00
[09:02:07] [INFO    ] [Melbourne] Early stop at epoch 1: renewable 0.18 < 0.20
[09:02:07] [INFO    ]   Node 1 Melbourne  ­Ъї▒ TRAIN  (Renewable: 0.18 | Carbon: 726g COРѓѓ/kWh | Mix: Рўђ2% ­Ъїг15% ­Ъфе82%)
[09:02:07] [INFO    ]     РћћРћђ Acc=0.9470 | Loss=0.1730 | Compress=0.10
[09:02:07] [INFO    ]   Node 2 San Jos├Е   ­Ъї▒ TRAIN  (Renewable: 0.41 | Carbon: 27g COРѓѓ/kWh | Mix: Рўђ34% ­Ъїг6% ­Ъфе60%)
[09:02:07] [INFO    ]     РћћРћђ Acc=0.4120 | Loss=3.2795 | Compress=1.00
[09:02:07] [INFO    ] [London] Early stop at epoch 1: renewable 0.18 < 0.20
[09:02:07] [INFO    ]   Node 3 London     ­Ъї▒ TRAIN  (Renewable: 0.18 | Carbon: 189g COРѓѓ/kWh | Mix: Рўђ4% ­Ъїг13% ­Ъфе83%)
[09:02:07] [INFO    ]     РћћРћђ Acc=0.8553 | Loss=0.5731 | Compress=1.00
[09:02:09] [INFO    ] [Round 7] Aggregated 4 node(s) via fedavg Рєњ Acc=0.0980 Loss=nan
[09:02:09] [INFO    ]   Рќ║ Global Acc=0.0980 | Participants=4/4 | Energy=5.8800 kWh | COРѓѓ=1503.91g
[09:02:09] [INFO    ] 
Round 08/10 Рћѓ Standard FL
[09:02:10] [INFO    ]   Node 0 Oslo       ­Ъї▒ TRAIN  (Renewable: 0.32 | Carbon: 89g COРѓѓ/kWh | Mix: Рўђ0% ­Ъїг31% ­Ъфе69%)
[09:02:10] [INFO    ]     РћћРћђ Acc=0.9387 | Loss=0.2190 | Compress=1.00
[09:02:10] [INFO    ]   Node 1 Melbourne  ­Ъї▒ TRAIN  (Renewable: 0.21 | Carbon: 705g COРѓѓ/kWh | Mix: Рўђ7% ­Ъїг13% ­Ъфе80%)
[09:02:10] [INFO    ]     РћћРћђ Acc=0.9520 | Loss=0.1485 | Compress=0.10
[09:02:11] [INFO    ]   Node 2 San Jos├Е   ­Ъї▒ TRAIN  (Renewable: 0.40 | Carbon: 27g COРѓѓ/kWh | Mix: Рўђ34% ­Ъїг5% ­Ъфе61%)
[09:02:11] [INFO    ]     РћћРћђ Acc=0.4830 | Loss=2.6949 | Compress=1.00
[09:02:11] [INFO    ] [London] Early stop at epoch 1: renewable 0.08 < 0.20
[09:02:11] [INFO    ]   Node 3 London     ­Ъї▒ TRAIN  (Renewable: 0.08 | Carbon: 206g COРѓѓ/kWh | Mix: Рўђ0% ­Ъїг7% ­Ъфе93%)
[09:02:11] [INFO    ]     РћћРћђ Acc=0.8780 | Loss=0.4817 | Compress=1.00
[09:02:13] [INFO    ] [Round 8] Aggregated 4 node(s) via fedavg Рєњ Acc=0.0980 Loss=nan
[09:02:13] [INFO    ]   Рќ║ Global Acc=0.0980 | Participants=4/4 | Energy=5.8800 kWh | COРѓѓ=1510.79g
[09:02:13] [INFO    ] 
Round 09/10 Рћѓ Standard FL
[09:02:14] [INFO    ]   Node 0 Oslo       ­Ъї▒ TRAIN  (Renewable: 0.41 | Carbon: 81g COРѓѓ/kWh | Mix: Рўђ0% ­Ъїг40% ­Ъфе60%)
[09:02:14] [INFO    ]     РћћРћђ Acc=0.9443 | Loss=0.1967 | Compress=1.00
[09:02:14] [INFO    ]   Node 1 Melbourne  ­Ъї▒ TRAIN  (Renewable: 0.42 | Carbon: 564g COРѓѓ/kWh | Mix: Рўђ24% ­Ъїг17% ­Ъфе59%)
[09:02:14] [INFO    ]     РћћРћђ Acc=0.9640 | Loss=0.1435 | Compress=0.10
[09:02:15] [INFO    ]   Node 2 San Jos├Е   ­Ъї▒ TRAIN  (Renewable: 0.24 | Carbon: 32g COРѓѓ/kWh | Mix: Рўђ20% ­Ъїг4% ­Ъфе77%)
[09:02:15] [INFO    ]     РћћРћђ Acc=0.5200 | Loss=2.3006 | Compress=1.00
[09:02:15] [INFO    ] [London] Early stop at epoch 1: renewable 0.07 < 0.20
[09:02:15] [INFO    ]   Node 3 London     ­Ъї▒ TRAIN  (Renewable: 0.07 | Carbon: 207g COРѓѓ/kWh | Mix: Рўђ0% ­Ъїг6% ­Ъфе94%)
[09:02:15] [INFO    ]     РћћРћђ Acc=0.8813 | Loss=0.4463 | Compress=1.00
[09:02:17] [INFO    ] [Round 9] Aggregated 4 node(s) via fedavg Рєњ Acc=0.0980 Loss=nan
[09:02:17] [INFO    ]   Рќ║ Global Acc=0.0980 | Participants=4/4 | Energy=5.8800 kWh | COРѓѓ=1300.27g
[09:02:17] [INFO    ] 
Round 10/10 Рћѓ Standard FL
[09:02:18] [INFO    ]   Node 0 Oslo       ­Ъї▒ TRAIN  (Renewable: 0.37 | Carbon: 85g COРѓѓ/kWh | Mix: Рўђ1% ­Ъїг35% ­Ъфе64%)
[09:02:18] [INFO    ]     РћћРћђ Acc=0.9497 | Loss=0.1784 | Compress=1.00
[09:02:18] [INFO    ]   Node 1 Melbourne  ­Ъї▒ TRAIN  (Renewable: 0.56 | Carbon: 470g COРѓѓ/kWh | Mix: Рўђ44% ­Ъїг11% ­Ъфе45%)
[09:02:18] [INFO    ]     РћћРћђ Acc=0.9610 | Loss=0.1310 | Compress=0.10
[09:02:18] [INFO    ] [San Jos├Е] Early stop at epoch 1: renewable 0.13 < 0.20
[09:02:18] [INFO    ]   Node 2 San Jos├Е   ­Ъї▒ TRAIN  (Renewable: 0.13 | Carbon: 36g COРѓѓ/kWh | Mix: Рўђ6% ­Ъїг5% ­Ъфе88%)
[09:02:18] [INFO    ]     РћћРћђ Acc=0.5750 | Loss=1.8544 | Compress=1.00
[09:02:19] [INFO    ] [London] Early stop at epoch 1: renewable 0.10 < 0.20
[09:02:19] [INFO    ]   Node 3 London     ­Ъї▒ TRAIN  (Renewable: 0.10 | Carbon: 202g COРѓѓ/kWh | Mix: Рўђ0% ­Ъїг9% ­Ъфе91%)
[09:02:19] [INFO    ]     РћћРћђ Acc=0.9147 | Loss=0.3538 | Compress=1.00
[09:02:21] [INFO    ] [Round 10] Aggregated 4 node(s) via fedavg Рєњ Acc=0.0980 Loss=nan
[09:02:21] [INFO    ]   Рќ║ Global Acc=0.0980 | Participants=4/4 | Energy=5.8800 kWh | COРѓѓ=1165.02g
[09:02:21] [INFO    ] 
  ­ЪЊЮ Technical report Рєњ results_experiment/A_101112/reports/technical_report.md
[09:02:21] [INFO    ]   ­ЪЊІ Metrics JSON Рєњ results_experiment/A_101112/metrics/experiment_results.json
[09:02:21] [INFO    ] 
  РЈ▒  Total execution: 39.0s
[09:02:21] [INFO    ] РћЂРћЂРћЂРћЂРћЂРћЂРћЂРћЂРћЂРћЂРћЂРћЂРћЂРћЂРћЂРћЂРћЂРћЂРћЂРћЂРћЂРћЂРћЂРћЂРћЂРћЂРћЂРћЂРћЂРћЂРћЂРћЂРћЂРћЂРћЂРћЂРћЂРћЂРћЂРћЂРћЂРћЂРћЂРћЂРћЂРћЂРћЂРћЂРћЂРћЂРћЂРћЂРћЂРћЂРћЂРћЂРћЂРћЂРћЂРћЂРћЂРћЂРћЂРћЂРћЂРћЂРћЂРћЂРћЂРћЂ
[09:02:21] [INFO    ]   ­Ъї▒ Training complete. The planet thanks you.
[09:02:21] [INFO    ] РћЂРћЂРћЂРћЂРћЂРћЂРћЂРћЂРћЂРћЂРћЂРћЂРћЂРћЂРћЂРћЂРћЂРћЂРћЂРћЂРћЂРћЂРћЂРћЂРћЂРћЂРћЂРћЂРћЂРћЂРћЂРћЂРћЂРћЂРћЂРћЂРћЂРћЂРћЂРћЂРћЂРћЂРћЂРћЂРћЂРћЂРћЂРћЂРћЂРћЂРћЂРћЂРћЂРћЂРћЂРћЂРћЂРћЂРћЂРћЂРћЂРћЂРћЂРћЂРћЂРћЂРћЂРћЂРћЂРћЂ

[09:12:05] [INFO    ] РћЂРћЂРћЂРћЂРћЂРћЂРћЂРћЂРћЂРћЂРћЂРћЂРћЂРћЂРћЂРћЂРћЂРћЂРћЂРћЂРћЂРћЂРћЂРћЂРћЂРћЂРћЂРћЂРћЂРћЂРћЂРћЂРћЂРћЂРћЂРћЂРћЂРћЂРћЂРћЂРћЂРћЂРћЂРћЂРћЂРћЂРћЂРћЂРћЂРћЂРћЂРћЂРћЂРћЂРћЂРћЂРћЂРћЂРћЂРћЂРћЂРћЂРћЂРћЂРћЂРћЂРћЂРћЂРћЂРћЂ
[09:12:05] [INFO    ]   ­ЪїЇ  CLIMATE-FED ORCHESTRATOR v2.0  Рћђ  Carbon-Aware FL Platform
[09:12:05] [INFO    ] РћЂРћЂРћЂРћЂРћЂРћЂРћЂРћЂРћЂРћЂРћЂРћЂРћЂРћЂРћЂРћЂРћЂРћЂРћЂРћЂРћЂРћЂРћЂРћЂРћЂРћЂРћЂРћЂРћЂРћЂРћЂРћЂРћЂРћЂРћЂРћЂРћЂРћЂРћЂРћЂРћЂРћЂРћЂРћЂРћЂРћЂРћЂРћЂРћЂРћЂРћЂРћЂРћЂРћЂРћЂРћЂРћЂРћЂРћЂРћЂРћЂРћЂРћЂРћЂРћЂРћЂРћЂРћЂРћЂРћЂ
[09:12:05] [INFO    ]   Mode: STANDARD | Rounds: 10 | Seed: 101112
[09:12:05] [INFO    ]   Device: cpu
[09:12:05] [INFO    ] 
  Initializing Renewable Grid...
[09:12:05] [INFO    ]     РюЊ Node-0: Oslo, Norway (Solar: 12%, Wind: 68%, Grid: 120g COРѓѓ/kWh)
[09:12:05] [INFO    ]     РюЊ Node-1: Melbourne, Australia (Solar: 45%, Wind: 23%, Grid: 850g COРѓѓ/kWh)
[09:12:05] [INFO    ]     РюЊ Node-2: San Jos├Е, Costa Rica (Solar: 34%, Wind: 12%, Grid: 40g COРѓѓ/kWh)
[09:12:05] [INFO    ]     РюЊ Node-3: London, United Kingdom (Solar: 15%, Wind: 35%, Grid: 220g COРѓѓ/kWh)
[09:12:05] [INFO    ] 
  GreenNet-Mini: 105,914 parameters | ~2.1 MFLOPs per forward pass
[09:12:05] [INFO    ] 
  Partitioning MNIST (Dirichlet ╬▒=0.5, Non-IID)...
[09:12:05] [INFO    ] [Oslo] 3000 samples | Classes: [0, 1, 2, 3, 4, 5, 6, 7, 8, 9] | Distribution: [381, 1510, 37, 58, 595, 46, 5, 231, 136, 1]
[09:12:05] [INFO    ] [Melbourne] 2000 samples | Classes: [0, 1, 2, 3, 4] | Distribution: [1427, 53, 157, 165, 198, 0, 0, 0, 0, 0]
[09:12:05] [INFO    ] [San Jos├Е] 1000 samples | Classes: [5, 6, 7, 8, 9] | Distribution: [0, 0, 0, 0, 0, 300, 19, 305, 176, 200]
[09:12:05] [INFO    ] [London] 1500 samples | Classes: [0, 2, 4, 6, 8] | Distribution: [87, 0, 56, 0, 1067, 0, 114, 0, 176, 0]
[09:12:05] [INFO    ] 
РЋљРЋљРЋљРЋљРЋљРЋљРЋљРЋљРЋљРЋљРЋљРЋљРЋљРЋљРЋљРЋљРЋљРЋљРЋљРЋљРЋљРЋљРЋљРЋљРЋљРЋљРЋљРЋљРЋљРЋљРЋљРЋљРЋљРЋљРЋљРЋљРЋљРЋљРЋљРЋљРЋљРЋљРЋљРЋљРЋљРЋљРЋљРЋљРЋљРЋљРЋљРЋљРЋљРЋљРЋљРЋљРЋљРЋљРЋљРЋљРЋљРЋљРЋљРЋљРЋљРЋљРЋљРЋљРЋљРЋљ
[09:12:05] [INFO    ]   ­ЪЪА Arm: Standard FL
[09:12:05] [INFO    ] РЋљРЋљРЋљРЋљРЋљРЋљРЋљРЋљРЋљРЋљРЋљРЋљРЋљРЋљРЋљРЋљРЋљРЋљРЋљРЋљРЋљРЋљРЋљРЋљРЋљРЋљРЋљРЋљРЋљРЋљРЋљРЋљРЋљРЋљРЋљРЋљРЋљРЋљРЋљРЋљРЋљРЋљРЋљРЋљРЋљРЋљРЋљРЋљРЋљРЋљРЋљРЋљРЋљРЋљРЋљРЋљРЋљРЋљРЋљРЋљРЋљРЋљРЋљРЋљРЋљРЋљРЋљРЋљРЋљРЋљ
[09:12:05] [INFO    ] 
Round 01/10 Рћѓ Standard FL
[09:12:06] [INFO    ]   Node 0 Oslo       ­Ъї▒ TRAIN  (Renewable: 0.45 | Carbon: 77g COРѓѓ/kWh | Mix: Рўђ0% ­Ъїг44% ­Ъфе55%)
[09:12:06] [INFO    ]     РћћРћђ Acc=0.7587 | Loss=0.8579 | Compress=1.00
[09:12:07] [INFO    ]   Node 1 Melbourne  ­Ъї▒ TRAIN  (Renewable: 0.51 | Carbon: 502g COРѓѓ/kWh | Mix: Рўђ45% ­Ъїг6% ­Ъфе49%)
[09:12:07] [INFO    ]     РћћРћђ Acc=0.7400 | Loss=0.8425 | Compress=0.10
[09:12:07] [INFO    ] [San Jos├Е] Early stop at epoch 1: renewable 0.08 < 0.20
[09:12:07] [INFO    ]   Node 2 San Jos├Е   ­Ъї▒ TRAIN  (Renewable: 0.08 | Carbon: 37g COРѓѓ/kWh | Mix: Рўђ0% ­Ъїг7% ­Ъфе92%)
[09:12:07] [INFO    ]     РћћРћђ Acc=0.3870 | Loss=1.7398 | Compress=1.00
[09:12:07] [INFO    ] [London] Early stop at epoch 1: renewable 0.16 < 0.20
[09:12:07] [INFO    ]   Node 3 London     ­Ъї▒ TRAIN  (Renewable: 0.16 | Carbon: 191g COРѓѓ/kWh | Mix: Рўђ0% ­Ъїг16% ­Ъфе84%)
[09:12:07] [INFO    ]     РћћРћђ Acc=0.5933 | Loss=1.3444 | Compress=1.00
[09:12:09] [INFO    ] [Round 1] Aggregated 4 node(s) via fedavg Рєњ Acc=0.4146 Loss=1.8882
[09:12:09] [INFO    ]   Рќ║ Global Acc=0.4146 | Participants=4/4 | Energy=5.8800 kWh | COРѓѓ=1186.83g
[09:12:09] [INFO    ] 
Round 02/10 Рћѓ Standard FL
[09:12:10] [INFO    ]   Node 0 Oslo       ­Ъї▒ TRAIN  (Renewable: 0.42 | Carbon: 80g COРѓѓ/kWh | Mix: Рўђ1% ­Ъїг41% ­Ъфе59%)
[09:12:10] [INFO    ]     РћћРћђ Acc=0.8987 | Loss=0.3741 | Compress=1.00
[09:12:11] [INFO    ]   Node 1 Melbourne  ­Ъї▒ TRAIN  (Renewable: 0.24 | Carbon: 686g COРѓѓ/kWh | Mix: Рўђ21% ­Ъїг3% ­Ъфе76%)
[09:12:11] [INFO    ]     РћћРћђ Acc=0.9250 | Loss=0.2644 | Compress=0.10
[09:12:11] [INFO    ] [San Jos├Е] Early stop at epoch 1: renewable 0.09 < 0.20
[09:12:11] [INFO    ]   Node 2 San Jos├Е   ­Ъї▒ TRAIN  (Renewable: 0.09 | Carbon: 37g COРѓѓ/kWh | Mix: Рўђ2% ­Ъїг6% ­Ъфе92%)
[09:12:11] [INFO    ]     РћћРћђ Acc=0.4320 | Loss=1.8190 | Compress=1.00
[09:12:11] [INFO    ] [London] Early stop at epoch 1: renewable 0.18 < 0.20
[09:12:11] [INFO    ]   Node 3 London     ­Ъї▒ TRAIN  (Renewable: 0.18 | Carbon: 188g COРѓѓ/kWh | Mix: Рўђ0% ­Ъїг18% ­Ъфе82%)
[09:12:11] [INFO    ]     РћћРћђ Acc=0.8560 | Loss=0.4948 | Compress=1.00
[09:12:13] [INFO    ] [Round 2] Aggregated 4 node(s) via fedavg Рєњ Acc=0.5979 Loss=1.5885
[09:12:13] [INFO    ]   Рќ║ Global Acc=0.5979 | Participants=4/4 | Energy=5.8800 kWh | COРѓѓ=1457.61g
[09:12:13] [INFO    ] 
Round 03/10 Рћѓ Standard FL
[09:12:14] [INFO    ]   Node 0 Oslo       ­Ъї▒ TRAIN  (Renewable: 0.44 | Carbon: 78g COРѓѓ/kWh | Mix: Рўђ5% ­Ъїг39% ­Ъфе56%)
[09:12:14] [INFO    ]     РћћРћђ Acc=0.9293 | Loss=0.2521 | Compress=1.00
[09:12:14] [INFO    ] [Melbourne] Early stop at epoch 1: renewable 0.11 < 0.20
[09:12:14] [INFO    ]   Node 1 Melbourne  ­Ъї▒ TRAIN  (Renewable: 0.11 | Carbon: 774g COРѓѓ/kWh | Mix: Рўђ6% ­Ъїг5% ­Ъфе89%)
[09:12:14] [INFO    ]     РћћРћђ Acc=0.9585 | Loss=0.1597 | Compress=0.10
[09:12:15] [INFO    ] [San Jos├Е] Early stop at epoch 1: renewable 0.12 < 0.20
[09:12:15] [INFO    ]   Node 2 San Jos├Е   ­Ъї▒ TRAIN  (Renewable: 0.12 | Carbon: 36g COРѓѓ/kWh | Mix: Рўђ6% ­Ъїг6% ­Ъфе88%)
[09:12:15] [INFO    ]     РћћРћђ Acc=0.5220 | Loss=1.5943 | Compress=1.00
[09:12:15] [INFO    ]   Node 3 London     ­Ъї▒ TRAIN  (Renewable: 0.24 | Carbon: 178g COРѓѓ/kWh | Mix: Рўђ3% ­Ъїг20% ­Ъфе76%)
[09:12:15] [INFO    ]     РћћРћђ Acc=0.8947 | Loss=0.3510 | Compress=1.00
[09:12:17] [INFO    ] [Round 3] Aggregated 4 node(s) via fedavg Рєњ Acc=0.6232 Loss=1.3984
[09:12:17] [INFO    ]   Рќ║ Global Acc=0.6232 | Participants=4/4 | Energy=5.8800 kWh | COРѓѓ=1566.55g
[09:12:17] [INFO    ] 
Round 04/10 Рћѓ Standard FL
[09:12:18] [INFO    ]   Node 0 Oslo       ­Ъї▒ TRAIN  (Renewable: 0.39 | Carbon: 83g COРѓѓ/kWh | Mix: Рўђ11% ­Ъїг27% ­Ъфе62%)
[09:12:18] [INFO    ]     РћћРћђ Acc=0.9430 | Loss=0.1964 | Compress=1.00
[09:12:18] [INFO    ] [Melbourne] Early stop at epoch 1: renewable 0.11 < 0.20
[09:12:18] [INFO    ]   Node 1 Melbourne  ­Ъї▒ TRAIN  (Renewable: 0.11 | Carbon: 773g COРѓѓ/kWh | Mix: Рўђ2% ­Ъїг8% ­Ъфе89%)
[09:12:18] [INFO    ]     РћћРћђ Acc=0.9590 | Loss=0.1441 | Compress=0.10
[09:12:19] [INFO    ] [San Jos├Е] Early stop at epoch 1: renewable 0.07 < 0.20
[09:12:19] [INFO    ]   Node 2 San Jos├Е   ­Ъї▒ TRAIN  (Renewable: 0.07 | Carbon: 38g COРѓѓ/kWh | Mix: Рўђ0% ­Ъїг6% ­Ъфе94%)
[09:12:19] [INFO    ]     РћћРћђ Acc=0.5970 | Loss=1.3574 | Compress=1.00
[09:12:19] [INFO    ]   Node 3 London     ­Ъї▒ TRAIN  (Renewable: 0.30 | Carbon: 167g COРѓѓ/kWh | Mix: Рўђ12% ­Ъїг18% ­Ъфе70%)
[09:12:19] [INFO    ]     РћћРћђ Acc=0.9107 | Loss=0.2923 | Compress=1.00
[09:12:21] [INFO    ] [Round 4] Aggregated 4 node(s) via fedavg Рєњ Acc=0.6724 Loss=1.2136
[09:12:21] [INFO    ]   Рќ║ Global Acc=0.6724 | Participants=4/4 | Energy=5.8800 kWh | COРѓѓ=1560.08g
[09:12:21] [INFO    ] 
Round 05/10 Рћѓ Standard FL
[09:12:22] [INFO    ]   Node 0 Oslo       ­Ъї▒ TRAIN  (Renewable: 0.35 | Carbon: 86g COРѓѓ/kWh | Mix: Рўђ12% ­Ъїг22% ­Ъфе66%)
[09:12:22] [INFO    ]     РћћРћђ Acc=0.9513 | Loss=0.1600 | Compress=1.00
[09:12:22] [INFO    ] [Melbourne] Early stop at epoch 1: renewable 0.15 < 0.20
[09:12:22] [INFO    ]   Node 1 Melbourne  ­Ъї▒ TRAIN  (Renewable: 0.15 | Carbon: 748g COРѓѓ/kWh | Mix: Рўђ2% ­Ъїг12% ­Ъфе86%)
[09:12:22] [INFO    ]     РћћРћђ Acc=0.9715 | Loss=0.1067 | Compress=0.10
[09:12:23] [INFO    ] [San Jos├Е] Early stop at epoch 1: renewable 0.11 < 0.20
[09:12:23] [INFO    ]   Node 2 San Jos├Е   ­Ъї▒ TRAIN  (Renewable: 0.11 | Carbon: 37g COРѓѓ/kWh | Mix: Рўђ5% ­Ъїг5% ­Ъфе90%)
[09:12:23] [INFO    ]     РћћРћђ Acc=0.6570 | Loss=1.2066 | Compress=1.00
[09:12:23] [INFO    ]   Node 3 London     ­Ъї▒ TRAIN  (Renewable: 0.37 | Carbon: 155g COРѓѓ/kWh | Mix: Рўђ15% ­Ъїг21% ­Ъфе64%)
[09:12:23] [INFO    ]     РћћРћђ Acc=0.9400 | Loss=0.2241 | Compress=1.00
[09:12:25] [INFO    ] [Round 5] Aggregated 4 node(s) via fedavg Рєњ Acc=0.6952 Loss=1.1021
[09:12:25] [INFO    ]   Рќ║ Global Acc=0.6952 | Participants=4/4 | Energy=5.8800 kWh | COРѓѓ=1508.81g
[09:12:25] [INFO    ] 
Round 06/10 Рћѓ Standard FL
[09:12:26] [INFO    ]   Node 0 Oslo       ­Ъї▒ TRAIN  (Renewable: 0.46 | Carbon: 76g COРѓѓ/kWh | Mix: Рўђ5% ­Ъїг40% ­Ъфе55%)
[09:12:26] [INFO    ]     РћћРћђ Acc=0.9607 | Loss=0.1318 | Compress=1.00
[09:12:26] [INFO    ] [Melbourne] Early stop at epoch 1: renewable 0.17 < 0.20
[09:12:26] [INFO    ]   Node 1 Melbourne  ­Ъї▒ TRAIN  (Renewable: 0.17 | Carbon: 737g COРѓѓ/kWh | Mix: Рўђ2% ­Ъїг14% ­Ъфе84%)
[09:12:26] [INFO    ]     РћћРћђ Acc=0.9715 | Loss=0.1031 | Compress=0.10
[09:12:27] [INFO    ]   Node 2 San Jos├Е   ­Ъї▒ TRAIN  (Renewable: 0.27 | Carbon: 31g COРѓѓ/kWh | Mix: Рўђ20% ­Ъїг6% ­Ъфе74%)
[09:12:27] [INFO    ]     РћћРћђ Acc=0.6620 | Loss=1.1745 | Compress=1.00
[09:12:27] [INFO    ]   Node 3 London     ­Ъї▒ TRAIN  (Renewable: 0.30 | Carbon: 166g COРѓѓ/kWh | Mix: Рўђ11% ­Ъїг18% ­Ъфе70%)
[09:12:27] [INFO    ]     РћћРћђ Acc=0.9360 | Loss=0.2093 | Compress=1.00
[09:12:29] [INFO    ] [Round 6] Aggregated 4 node(s) via fedavg Рєњ Acc=0.7220 Loss=1.0174
[09:12:29] [INFO    ]   Рќ║ Global Acc=0.7220 | Participants=4/4 | Energy=5.8800 kWh | COРѓѓ=1486.23g
[09:12:29] [INFO    ] 
Round 07/10 Рћѓ Standard FL
[09:12:30] [INFO    ]   Node 0 Oslo       ­Ъї▒ TRAIN  (Renewable: 0.40 | Carbon: 82g COРѓѓ/kWh | Mix: Рўђ0% ­Ъїг39% ­Ъфе61%)
[09:12:30] [INFO    ]     РћћРћђ Acc=0.9627 | Loss=0.1264 | Compress=1.00
[09:12:30] [INFO    ] [Melbourne] Early stop at epoch 1: renewable 0.18 < 0.20
[09:12:30] [INFO    ]   Node 1 Melbourne  ­Ъї▒ TRAIN  (Renewable: 0.18 | Carbon: 726g COРѓѓ/kWh | Mix: Рўђ2% ­Ъїг15% ­Ъфе82%)
[09:12:30] [INFO    ]     РћћРћђ Acc=0.9785 | Loss=0.0795 | Compress=0.10
[09:12:31] [INFO    ]   Node 2 San Jos├Е   ­Ъї▒ TRAIN  (Renewable: 0.41 | Carbon: 27g COРѓѓ/kWh | Mix: Рўђ34% ­Ъїг6% ­Ъфе60%)
[09:12:31] [INFO    ]     РћћРћђ Acc=0.6980 | Loss=1.0085 | Compress=1.00
[09:12:31] [INFO    ] [London] Early stop at epoch 1: renewable 0.18 < 0.20
[09:12:31] [INFO    ]   Node 3 London     ­Ъї▒ TRAIN  (Renewable: 0.18 | Carbon: 189g COРѓѓ/kWh | Mix: Рўђ4% ­Ъїг13% ­Ъфе83%)
[09:12:31] [INFO    ]     РћћРћђ Acc=0.9400 | Loss=0.1787 | Compress=1.00
[09:12:33] [INFO    ] [Round 7] Aggregated 4 node(s) via fedavg Рєњ Acc=0.7464 Loss=0.9208
[09:12:33] [INFO    ]   Рќ║ Global Acc=0.7464 | Participants=4/4 | Energy=5.8800 kWh | COРѓѓ=1503.91g
[09:12:33] [INFO    ] 
Round 08/10 Рћѓ Standard FL
[09:12:34] [INFO    ]   Node 0 Oslo       ­Ъї▒ TRAIN  (Renewable: 0.32 | Carbon: 89g COРѓѓ/kWh | Mix: Рўђ0% ­Ъїг31% ­Ъфе69%)
[09:12:34] [INFO    ]     РћћРћђ Acc=0.9707 | Loss=0.1050 | Compress=1.00
[09:12:34] [INFO    ]   Node 1 Melbourne  ­Ъї▒ TRAIN  (Renewable: 0.21 | Carbon: 705g COРѓѓ/kWh | Mix: Рўђ7% ­Ъїг13% ­Ъфе80%)
[09:12:34] [INFO    ]     РћћРћђ Acc=0.9780 | Loss=0.0765 | Compress=0.10
[09:12:35] [INFO    ]   Node 2 San Jos├Е   ­Ъї▒ TRAIN  (Renewable: 0.40 | Carbon: 27g COРѓѓ/kWh | Mix: Рўђ34% ­Ъїг5% ­Ъфе61%)
[09:12:35] [INFO    ]     РћћРћђ Acc=0.7220 | Loss=0.9258 | Compress=1.00
[09:12:35] [INFO    ] [London] Early stop at epoch 1: renewable 0.08 < 0.20
[09:12:35] [INFO    ]   Node 3 London     ­Ъї▒ TRAIN  (Renewable: 0.08 | Carbon: 206g COРѓѓ/kWh | Mix: Рўђ0% ­Ъїг7% ­Ъфе93%)
[09:12:35] [INFO    ]     РћћРћђ Acc=0.9553 | Loss=0.1538 | Compress=1.00
[09:12:37] [INFO    ] [Round 8] Aggregated 4 node(s) via fedavg Рєњ Acc=0.7627 Loss=0.8724
[09:12:37] [INFO    ]   Рќ║ Global Acc=0.7627 | Participants=4/4 | Energy=5.8800 kWh | COРѓѓ=1510.79g
[09:12:37] [INFO    ] 
Round 09/10 Рћѓ Standard FL
[09:12:38] [INFO    ]   Node 0 Oslo       ­Ъї▒ TRAIN  (Renewable: 0.41 | Carbon: 81g COРѓѓ/kWh | Mix: Рўђ0% ­Ъїг40% ­Ъфе60%)
[09:12:38] [INFO    ]     РћћРћђ Acc=0.9740 | Loss=0.0925 | Compress=1.00
[09:12:38] [INFO    ]   Node 1 Melbourne  ­Ъї▒ TRAIN  (Renewable: 0.42 | Carbon: 564g COРѓѓ/kWh | Mix: Рўђ24% ­Ъїг17% ­Ъфе59%)
[09:12:38] [INFO    ]     РћћРћђ Acc=0.9845 | Loss=0.0674 | Compress=0.10
[09:12:39] [INFO    ]   Node 2 San Jos├Е   ­Ъї▒ TRAIN  (Renewable: 0.24 | Carbon: 32g COРѓѓ/kWh | Mix: Рўђ20% ­Ъїг4% ­Ъфе77%)
[09:12:39] [INFO    ]     РћћРћђ Acc=0.7380 | Loss=0.8685 | Compress=1.00
[09:12:39] [INFO    ] [London] Early stop at epoch 1: renewable 0.07 < 0.20
[09:12:39] [INFO    ]   Node 3 London     ­Ъї▒ TRAIN  (Renewable: 0.07 | Carbon: 207g COРѓѓ/kWh | Mix: Рўђ0% ­Ъїг6% ­Ъфе94%)
[09:12:39] [INFO    ]     РћћРћђ Acc=0.9540 | Loss=0.1611 | Compress=1.00
[09:12:41] [INFO    ] [Round 9] Aggregated 4 node(s) via fedavg Рєњ Acc=0.7841 Loss=0.8019
[09:12:41] [INFO    ]   Рќ║ Global Acc=0.7841 | Participants=4/4 | Energy=5.8800 kWh | COРѓѓ=1300.27g
[09:12:41] [INFO    ] 
Round 10/10 Рћѓ Standard FL
[09:12:42] [INFO    ]   Node 0 Oslo       ­Ъї▒ TRAIN  (Renewable: 0.37 | Carbon: 85g COРѓѓ/kWh | Mix: Рўђ1% ­Ъїг35% ­Ъфе64%)
[09:12:42] [INFO    ]     РћћРћђ Acc=0.9743 | Loss=0.0827 | Compress=1.00
[09:12:42] [INFO    ]   Node 1 Melbourne  ­Ъї▒ TRAIN  (Renewable: 0.56 | Carbon: 470g COРѓѓ/kWh | Mix: Рўђ44% ­Ъїг11% ­Ъфе45%)
[09:12:42] [INFO    ]     РћћРћђ Acc=0.9820 | Loss=0.0649 | Compress=0.10
[09:12:43] [INFO    ] [San Jos├Е] Early stop at epoch 1: renewable 0.13 < 0.20
[09:12:43] [INFO    ]   Node 2 San Jos├Е   ­Ъї▒ TRAIN  (Renewable: 0.13 | Carbon: 36g COРѓѓ/kWh | Mix: Рўђ6% ­Ъїг5% ­Ъфе88%)
[09:12:43] [INFO    ]     РћћРћђ Acc=0.7520 | Loss=0.8058 | Compress=1.00
[09:12:43] [INFO    ] [London] Early stop at epoch 1: renewable 0.10 < 0.20
[09:12:43] [INFO    ]   Node 3 London     ­Ъї▒ TRAIN  (Renewable: 0.10 | Carbon: 202g COРѓѓ/kWh | Mix: Рўђ0% ­Ъїг9% ­Ъфе91%)
[09:12:43] [INFO    ]     РћћРћђ Acc=0.9573 | Loss=0.1450 | Compress=1.00
[09:12:45] [INFO    ] [Round 10] Aggregated 4 node(s) via fedavg Рєњ Acc=0.8046 Loss=0.7163
[09:12:45] [INFO    ]   Рќ║ Global Acc=0.8046 | Participants=4/4 | Energy=5.8800 kWh | COРѓѓ=1165.02g
[09:12:45] [INFO    ] 
  ­ЪЊЮ Technical report Рєњ results_experiment/A_101112/reports/technical_report.md
[09:12:45] [INFO    ]   ­ЪЊІ Metrics JSON Рєњ results_experiment/A_101112/metrics/experiment_results.json
[09:12:45] [INFO    ] 
  РЈ▒  Total execution: 39.8s
[09:12:45] [INFO    ] РћЂРћЂРћЂРћЂРћЂРћЂРћЂРћЂРћЂРћЂРћЂРћЂРћЂРћЂРћЂРћЂРћЂРћЂРћЂРћЂРћЂРћЂРћЂРћЂРћЂРћЂРћЂРћЂРћЂРћЂРћЂРћЂРћЂРћЂРћЂРћЂРћЂРћЂРћЂРћЂРћЂРћЂРћЂРћЂРћЂРћЂРћЂРћЂРћЂРћЂРћЂРћЂРћЂРћЂРћЂРћЂРћЂРћЂРћЂРћЂРћЂРћЂРћЂРћЂРћЂРћЂРћЂРћЂРћЂРћЂ
[09:12:45] [INFO    ]   ­Ъї▒ Training complete. The planet thanks you.
[09:12:45] [INFO    ] РћЂРћЂРћЂРћЂРћЂРћЂРћЂРћЂРћЂРћЂРћЂРћЂРћЂРћЂРћЂРћЂРћЂРћЂРћЂРћЂРћЂРћЂРћЂРћЂРћЂРћЂРћЂРћЂРћЂРћЂРћЂРћЂРћЂРћЂРћЂРћЂРћЂРћЂРћЂРћЂРћЂРћЂРћЂРћЂРћЂРћЂРћЂРћЂРћЂРћЂРћЂРћЂРћЂРћЂРћЂРћЂРћЂРћЂРћЂРћЂРћЂРћЂРћЂРћЂРћЂРћЂРћЂРћЂРћЂРћЂ

[09:23:25] [INFO    ] РћЂРћЂРћЂРћЂРћЂРћЂРћЂРћЂРћЂРћЂРћЂРћЂРћЂРћЂРћЂРћЂРћЂРћЂРћЂРћЂРћЂРћЂРћЂРћЂРћЂРћЂРћЂРћЂРћЂРћЂРћЂРћЂРћЂРћЂРћЂРћЂРћЂРћЂРћЂРћЂРћЂРћЂРћЂРћЂРћЂРћЂРћЂРћЂРћЂРћЂРћЂРћЂРћЂРћЂРћЂРћЂРћЂРћЂРћЂРћЂРћЂРћЂРћЂРћЂРћЂРћЂРћЂРћЂРћЂРћЂ
[09:23:25] [INFO    ]   ­ЪїЇ  CLIMATE-FED ORCHESTRATOR v2.0  Рћђ  Carbon-Aware FL Platform
[09:23:25] [INFO    ] РћЂРћЂРћЂРћЂРћЂРћЂРћЂРћЂРћЂРћЂРћЂРћЂРћЂРћЂРћЂРћЂРћЂРћЂРћЂРћЂРћЂРћЂРћЂРћЂРћЂРћЂРћЂРћЂРћЂРћЂРћЂРћЂРћЂРћЂРћЂРћЂРћЂРћЂРћЂРћЂРћЂРћЂРћЂРћЂРћЂРћЂРћЂРћЂРћЂРћЂРћЂРћЂРћЂРћЂРћЂРћЂРћЂРћЂРћЂРћЂРћЂРћЂРћЂРћЂРћЂРћЂРћЂРћЂРћЂРћЂ
[09:23:25] [INFO    ]   Mode: STANDARD | Rounds: 10 | Seed: 101112
[09:23:25] [INFO    ]   Device: cpu
[09:23:25] [INFO    ] 
  Initializing Renewable Grid...
[09:23:25] [INFO    ]     РюЊ Node-0: Oslo, Norway (Solar: 12%, Wind: 68%, Grid: 120g COРѓѓ/kWh)
[09:23:25] [INFO    ]     РюЊ Node-1: Melbourne, Australia (Solar: 45%, Wind: 23%, Grid: 850g COРѓѓ/kWh)
[09:23:25] [INFO    ]     РюЊ Node-2: San Jos├Е, Costa Rica (Solar: 34%, Wind: 12%, Grid: 40g COРѓѓ/kWh)
[09:23:25] [INFO    ]     РюЊ Node-3: London, United Kingdom (Solar: 15%, Wind: 35%, Grid: 220g COРѓѓ/kWh)
[09:23:25] [INFO    ] 
  GreenNet-Mini: 105,914 parameters | ~2.1 MFLOPs per forward pass
[09:23:25] [INFO    ] 
  Partitioning MNIST (Dirichlet ╬▒=0.5, Non-IID)...
[09:23:25] [INFO    ] [Oslo] 3000 samples | Classes: [0, 1, 2, 3, 4, 5, 6, 7, 8, 9] | Distribution: [381, 1510, 37, 58, 595, 46, 5, 231, 136, 1]
[09:23:25] [INFO    ] [Melbourne] 2000 samples | Classes: [0, 1, 2, 3, 4] | Distribution: [1427, 53, 157, 165, 198, 0, 0, 0, 0, 0]
[09:23:25] [INFO    ] [San Jos├Е] 1000 samples | Classes: [5, 6, 7, 8, 9] | Distribution: [0, 0, 0, 0, 0, 300, 19, 305, 176, 200]
[09:23:25] [INFO    ] [London] 1500 samples | Classes: [0, 2, 4, 6, 8] | Distribution: [87, 0, 56, 0, 1067, 0, 114, 0, 176, 0]
[09:23:25] [INFO    ] 
РЋљРЋљРЋљРЋљРЋљРЋљРЋљРЋљРЋљРЋљРЋљРЋљРЋљРЋљРЋљРЋљРЋљРЋљРЋљРЋљРЋљРЋљРЋљРЋљРЋљРЋљРЋљРЋљРЋљРЋљРЋљРЋљРЋљРЋљРЋљРЋљРЋљРЋљРЋљРЋљРЋљРЋљРЋљРЋљРЋљРЋљРЋљРЋљРЋљРЋљРЋљРЋљРЋљРЋљРЋљРЋљРЋљРЋљРЋљРЋљРЋљРЋљРЋљРЋљРЋљРЋљРЋљРЋљРЋљРЋљ
[09:23:25] [INFO    ]   ­ЪЪА Arm: Standard FL
[09:23:25] [INFO    ] РЋљРЋљРЋљРЋљРЋљРЋљРЋљРЋљРЋљРЋљРЋљРЋљРЋљРЋљРЋљРЋљРЋљРЋљРЋљРЋљРЋљРЋљРЋљРЋљРЋљРЋљРЋљРЋљРЋљРЋљРЋљРЋљРЋљРЋљРЋљРЋљРЋљРЋљРЋљРЋљРЋљРЋљРЋљРЋљРЋљРЋљРЋљРЋљРЋљРЋљРЋљРЋљРЋљРЋљРЋљРЋљРЋљРЋљРЋљРЋљРЋљРЋљРЋљРЋљРЋљРЋљРЋљРЋљРЋљРЋљ
[09:23:25] [INFO    ] 
Round 01/10 Рћѓ Standard FL
[09:23:26] [INFO    ]   Node 0 Oslo       ­Ъї▒ TRAIN  (Renewable: 0.45 | Carbon: 77g COРѓѓ/kWh | Mix: Рўђ0% ­Ъїг44% ­Ъфе55%)
[09:23:26] [INFO    ]     РћћРћђ Acc=0.7587 | Loss=0.8579 | Compress=1.00
[09:23:26] [INFO    ]   Node 1 Melbourne  ­Ъї▒ TRAIN  (Renewable: 0.51 | Carbon: 502g COРѓѓ/kWh | Mix: Рўђ45% ­Ъїг6% ­Ъфе49%)
[09:23:26] [INFO    ]     РћћРћђ Acc=0.7400 | Loss=0.8425 | Compress=0.10
[09:23:27] [INFO    ] [San Jos├Е] Early stop at epoch 1: renewable 0.08 < 0.20
[09:23:27] [INFO    ]   Node 2 San Jos├Е   ­Ъї▒ TRAIN  (Renewable: 0.08 | Carbon: 37g COРѓѓ/kWh | Mix: Рўђ0% ­Ъїг7% ­Ъфе92%)
[09:23:27] [INFO    ]     РћћРћђ Acc=0.3870 | Loss=1.7398 | Compress=1.00
[09:23:27] [INFO    ] [London] Early stop at epoch 1: renewable 0.16 < 0.20
[09:23:27] [INFO    ]   Node 3 London     ­Ъї▒ TRAIN  (Renewable: 0.16 | Carbon: 191g COРѓѓ/kWh | Mix: Рўђ0% ­Ъїг16% ­Ъфе84%)
[09:23:27] [INFO    ]     РћћРћђ Acc=0.5933 | Loss=1.3444 | Compress=1.00
[09:23:29] [INFO    ] [Round 1] Aggregated 4 node(s) via fedavg Рєњ Acc=0.4146 Loss=1.8882
[09:23:29] [INFO    ]   Рќ║ Global Acc=0.4146 | Participants=4/4 | Energy=5.8800 kWh | COРѓѓ=1186.83g
[09:23:29] [INFO    ] 
Round 02/10 Рћѓ Standard FL
[09:23:30] [INFO    ]   Node 0 Oslo       ­Ъї▒ TRAIN  (Renewable: 0.42 | Carbon: 80g COРѓѓ/kWh | Mix: Рўђ1% ­Ъїг41% ­Ъфе59%)
[09:23:30] [INFO    ]     РћћРћђ Acc=0.8987 | Loss=0.3741 | Compress=1.00
[09:23:30] [INFO    ]   Node 1 Melbourne  ­Ъї▒ TRAIN  (Renewable: 0.24 | Carbon: 686g COРѓѓ/kWh | Mix: Рўђ21% ­Ъїг3% ­Ъфе76%)
[09:23:30] [INFO    ]     РћћРћђ Acc=0.9250 | Loss=0.2644 | Compress=0.10
[09:23:31] [INFO    ] [San Jos├Е] Early stop at epoch 1: renewable 0.09 < 0.20
[09:23:31] [INFO    ]   Node 2 San Jos├Е   ­Ъї▒ TRAIN  (Renewable: 0.09 | Carbon: 37g COРѓѓ/kWh | Mix: Рўђ2% ­Ъїг6% ­Ъфе92%)
[09:23:31] [INFO    ]     РћћРћђ Acc=0.4320 | Loss=1.8190 | Compress=1.00
[09:23:31] [INFO    ] [London] Early stop at epoch 1: renewable 0.18 < 0.20
[09:23:31] [INFO    ]   Node 3 London     ­Ъї▒ TRAIN  (Renewable: 0.18 | Carbon: 188g COРѓѓ/kWh | Mix: Рўђ0% ­Ъїг18% ­Ъфе82%)
[09:23:31] [INFO    ]     РћћРћђ Acc=0.8560 | Loss=0.4948 | Compress=1.00
[09:23:33] [INFO    ] [Round 2] Aggregated 4 node(s) via fedavg Рєњ Acc=0.5979 Loss=1.5885
[09:23:33] [INFO    ]   Рќ║ Global Acc=0.5979 | Participants=4/4 | Energy=5.8800 kWh | COРѓѓ=1457.61g
[09:23:33] [INFO    ] 
Round 03/10 Рћѓ Standard FL
[09:23:34] [INFO    ]   Node 0 Oslo       ­Ъї▒ TRAIN  (Renewable: 0.44 | Carbon: 78g COРѓѓ/kWh | Mix: Рўђ5% ­Ъїг39% ­Ъфе56%)
[09:23:34] [INFO    ]     РћћРћђ Acc=0.9293 | Loss=0.2521 | Compress=1.00
[09:23:35] [INFO    ] [Melbourne] Early stop at epoch 1: renewable 0.11 < 0.20
[09:23:35] [INFO    ]   Node 1 Melbourne  ­Ъї▒ TRAIN  (Renewable: 0.11 | Carbon: 774g COРѓѓ/kWh | Mix: Рўђ6% ­Ъїг5% ­Ъфе89%)
[09:23:35] [INFO    ]     РћћРћђ Acc=0.9585 | Loss=0.1597 | Compress=0.10
[09:23:35] [INFO    ] [San Jos├Е] Early stop at epoch 1: renewable 0.12 < 0.20
[09:23:35] [INFO    ]   Node 2 San Jos├Е   ­Ъї▒ TRAIN  (Renewable: 0.12 | Carbon: 36g COРѓѓ/kWh | Mix: Рўђ6% ­Ъїг6% ­Ъфе88%)
[09:23:35] [INFO    ]     РћћРћђ Acc=0.5220 | Loss=1.5943 | Compress=1.00
[09:23:35] [INFO    ]   Node 3 London     ­Ъї▒ TRAIN  (Renewable: 0.24 | Carbon: 178g COРѓѓ/kWh | Mix: Рўђ3% ­Ъїг20% ­Ъфе76%)
[09:23:35] [INFO    ]     РћћРћђ Acc=0.8947 | Loss=0.3510 | Compress=1.00
[09:23:37] [INFO    ] [Round 3] Aggregated 4 node(s) via fedavg Рєњ Acc=0.6232 Loss=1.3984
[09:23:37] [INFO    ]   Рќ║ Global Acc=0.6232 | Participants=4/4 | Energy=5.8800 kWh | COРѓѓ=1566.55g
[09:23:37] [INFO    ] 
Round 04/10 Рћѓ Standard FL
[09:23:38] [INFO    ]   Node 0 Oslo       ­Ъї▒ TRAIN  (Renewable: 0.39 | Carbon: 83g COРѓѓ/kWh | Mix: Рўђ11% ­Ъїг27% ­Ъфе62%)
[09:23:38] [INFO    ]     РћћРћђ Acc=0.9430 | Loss=0.1964 | Compress=1.00
[09:23:39] [INFO    ] [Melbourne] Early stop at epoch 1: renewable 0.11 < 0.20
[09:23:39] [INFO    ]   Node 1 Melbourne  ­Ъї▒ TRAIN  (Renewable: 0.11 | Carbon: 773g COРѓѓ/kWh | Mix: Рўђ2% ­Ъїг8% ­Ъфе89%)
[09:23:39] [INFO    ]     РћћРћђ Acc=0.9590 | Loss=0.1441 | Compress=0.10
[09:23:39] [INFO    ] [San Jos├Е] Early stop at epoch 1: renewable 0.07 < 0.20
[09:23:39] [INFO    ]   Node 2 San Jos├Е   ­Ъї▒ TRAIN  (Renewable: 0.07 | Carbon: 38g COРѓѓ/kWh | Mix: Рўђ0% ­Ъїг6% ­Ъфе94%)
[09:23:39] [INFO    ]     РћћРћђ Acc=0.5970 | Loss=1.3574 | Compress=1.00
[09:23:40] [INFO    ]   Node 3 London     ­Ъї▒ TRAIN  (Renewable: 0.30 | Carbon: 167g COРѓѓ/kWh | Mix: Рўђ12% ­Ъїг18% ­Ъфе70%)
[09:23:40] [INFO    ]     РћћРћђ Acc=0.9107 | Loss=0.2923 | Compress=1.00
[09:23:42] [INFO    ] [Round 4] Aggregated 4 node(s) via fedavg Рєњ Acc=0.6724 Loss=1.2136
[09:23:42] [INFO    ]   Рќ║ Global Acc=0.6724 | Participants=4/4 | Energy=5.8800 kWh | COРѓѓ=1560.08g
[09:23:42] [INFO    ] 
Round 05/10 Рћѓ Standard FL
[09:23:43] [INFO    ]   Node 0 Oslo       ­Ъї▒ TRAIN  (Renewable: 0.35 | Carbon: 86g COРѓѓ/kWh | Mix: Рўђ12% ­Ъїг22% ­Ъфе66%)
[09:23:43] [INFO    ]     РћћРћђ Acc=0.9513 | Loss=0.1600 | Compress=1.00
[09:23:43] [INFO    ] [Melbourne] Early stop at epoch 1: renewable 0.15 < 0.20
[09:23:43] [INFO    ]   Node 1 Melbourne  ­Ъї▒ TRAIN  (Renewable: 0.15 | Carbon: 748g COРѓѓ/kWh | Mix: Рўђ2% ­Ъїг12% ­Ъфе86%)
[09:23:43] [INFO    ]     РћћРћђ Acc=0.9715 | Loss=0.1067 | Compress=0.10
[09:23:44] [INFO    ] [San Jos├Е] Early stop at epoch 1: renewable 0.11 < 0.20
[09:23:44] [INFO    ]   Node 2 San Jos├Е   ­Ъї▒ TRAIN  (Renewable: 0.11 | Carbon: 37g COРѓѓ/kWh | Mix: Рўђ5% ­Ъїг5% ­Ъфе90%)
[09:23:44] [INFO    ]     РћћРћђ Acc=0.6570 | Loss=1.2066 | Compress=1.00
[09:23:44] [INFO    ]   Node 3 London     ­Ъї▒ TRAIN  (Renewable: 0.37 | Carbon: 155g COРѓѓ/kWh | Mix: Рўђ15% ­Ъїг21% ­Ъфе64%)
[09:23:44] [INFO    ]     РћћРћђ Acc=0.9400 | Loss=0.2241 | Compress=1.00
[09:23:46] [INFO    ] [Round 5] Aggregated 4 node(s) via fedavg Рєњ Acc=0.6952 Loss=1.1021
[09:23:46] [INFO    ]   Рќ║ Global Acc=0.6952 | Participants=4/4 | Energy=5.8800 kWh | COРѓѓ=1508.81g
[09:23:46] [INFO    ] 
Round 06/10 Рћѓ Standard FL
[09:23:47] [INFO    ]   Node 0 Oslo       ­Ъї▒ TRAIN  (Renewable: 0.46 | Carbon: 76g COРѓѓ/kWh | Mix: Рўђ5% ­Ъїг40% ­Ъфе55%)
[09:23:47] [INFO    ]     РћћРћђ Acc=0.9607 | Loss=0.1318 | Compress=1.00
[09:23:48] [INFO    ] [Melbourne] Early stop at epoch 1: renewable 0.17 < 0.20
[09:23:48] [INFO    ]   Node 1 Melbourne  ­Ъї▒ TRAIN  (Renewable: 0.17 | Carbon: 737g COРѓѓ/kWh | Mix: Рўђ2% ­Ъїг14% ­Ъфе84%)
[09:23:48] [INFO    ]     РћћРћђ Acc=0.9715 | Loss=0.1031 | Compress=0.10
[09:23:48] [INFO    ]   Node 2 San Jos├Е   ­Ъї▒ TRAIN  (Renewable: 0.27 | Carbon: 31g COРѓѓ/kWh | Mix: Рўђ20% ­Ъїг6% ­Ъфе74%)
[09:23:48] [INFO    ]     РћћРћђ Acc=0.6620 | Loss=1.1745 | Compress=1.00
[09:23:48] [INFO    ]   Node 3 London     ­Ъї▒ TRAIN  (Renewable: 0.30 | Carbon: 166g COРѓѓ/kWh | Mix: Рўђ11% ­Ъїг18% ­Ъфе70%)
[09:23:48] [INFO    ]     РћћРћђ Acc=0.9360 | Loss=0.2093 | Compress=1.00
[09:23:50] [INFO    ] [Round 6] Aggregated 4 node(s) via fedavg Рєњ Acc=0.7220 Loss=1.0174
[09:23:50] [INFO    ]   Рќ║ Global Acc=0.7220 | Participants=4/4 | Energy=5.8800 kWh | COРѓѓ=1486.23g
[09:23:50] [INFO    ] 
Round 07/10 Рћѓ Standard FL
[09:23:51] [INFO    ]   Node 0 Oslo       ­Ъї▒ TRAIN  (Renewable: 0.40 | Carbon: 82g COРѓѓ/kWh | Mix: Рўђ0% ­Ъїг39% ­Ъфе61%)
[09:23:51] [INFO    ]     РћћРћђ Acc=0.9627 | Loss=0.1264 | Compress=1.00
[09:23:52] [INFO    ] [Melbourne] Early stop at epoch 1: renewable 0.18 < 0.20
[09:23:52] [INFO    ]   Node 1 Melbourne  ­Ъї▒ TRAIN  (Renewable: 0.18 | Carbon: 726g COРѓѓ/kWh | Mix: Рўђ2% ­Ъїг15% ­Ъфе82%)
[09:23:52] [INFO    ]     РћћРћђ Acc=0.9785 | Loss=0.0795 | Compress=0.10
[09:23:52] [INFO    ]   Node 2 San Jos├Е   ­Ъї▒ TRAIN  (Renewable: 0.41 | Carbon: 27g COРѓѓ/kWh | Mix: Рўђ34% ­Ъїг6% ­Ъфе60%)
[09:23:52] [INFO    ]     РћћРћђ Acc=0.6980 | Loss=1.0085 | Compress=1.00
[09:23:52] [INFO    ] [London] Early stop at epoch 1: renewable 0.18 < 0.20
[09:23:52] [INFO    ]   Node 3 London     ­Ъї▒ TRAIN  (Renewable: 0.18 | Carbon: 189g COРѓѓ/kWh | Mix: Рўђ4% ­Ъїг13% ­Ъфе83%)
[09:23:52] [INFO    ]     РћћРћђ Acc=0.9400 | Loss=0.1787 | Compress=1.00
[09:23:54] [INFO    ] [Round 7] Aggregated 4 node(s) via fedavg Рєњ Acc=0.7464 Loss=0.9208
[09:23:54] [INFO    ]   Рќ║ Global Acc=0.7464 | Participants=4/4 | Energy=5.8800 kWh | COРѓѓ=1503.91g
[09:23:54] [INFO    ] 
Round 08/10 Рћѓ Standard FL
[09:23:55] [INFO    ]   Node 0 Oslo       ­Ъї▒ TRAIN  (Renewable: 0.32 | Carbon: 89g COРѓѓ/kWh | Mix: Рўђ0% ­Ъїг31% ­Ъфе69%)
[09:23:55] [INFO    ]     РћћРћђ Acc=0.9707 | Loss=0.1050 | Compress=1.00
[09:23:56] [INFO    ]   Node 1 Melbourne  ­Ъї▒ TRAIN  (Renewable: 0.21 | Carbon: 705g COРѓѓ/kWh | Mix: Рўђ7% ­Ъїг13% ­Ъфе80%)
[09:23:56] [INFO    ]     РћћРћђ Acc=0.9780 | Loss=0.0765 | Compress=0.10
[09:23:56] [INFO    ]   Node 2 San Jos├Е   ­Ъї▒ TRAIN  (Renewable: 0.40 | Carbon: 27g COРѓѓ/kWh | Mix: Рўђ34% ­Ъїг5% ­Ъфе61%)
[09:23:56] [INFO    ]     РћћРћђ Acc=0.7220 | Loss=0.9258 | Compress=1.00
[09:23:56] [INFO    ] [London] Early stop at epoch 1: renewable 0.08 < 0.20
[09:23:56] [INFO    ]   Node 3 London     ­Ъї▒ TRAIN  (Renewable: 0.08 | Carbon: 206g COРѓѓ/kWh | Mix: Рўђ0% ­Ъїг7% ­Ъфе93%)
[09:23:56] [INFO    ]     РћћРћђ Acc=0.9553 | Loss=0.1538 | Compress=1.00
[09:23:58] [INFO    ] [Round 8] Aggregated 4 node(s) via fedavg Рєњ Acc=0.7627 Loss=0.8724
[09:23:58] [INFO    ]   Рќ║ Global Acc=0.7627 | Participants=4/4 | Energy=5.8800 kWh | COРѓѓ=1510.79g
[09:23:58] [INFO    ] 
Round 09/10 Рћѓ Standard FL
[09:23:59] [INFO    ]   Node 0 Oslo       ­Ъї▒ TRAIN  (Renewable: 0.41 | Carbon: 81g COРѓѓ/kWh | Mix: Рўђ0% ­Ъїг40% ­Ъфе60%)
[09:23:59] [INFO    ]     РћћРћђ Acc=0.9740 | Loss=0.0925 | Compress=1.00
[09:24:00] [INFO    ]   Node 1 Melbourne  ­Ъї▒ TRAIN  (Renewable: 0.42 | Carbon: 564g COРѓѓ/kWh | Mix: Рўђ24% ­Ъїг17% ­Ъфе59%)
[09:24:00] [INFO    ]     РћћРћђ Acc=0.9845 | Loss=0.0674 | Compress=0.10
[09:24:00] [INFO    ]   Node 2 San Jos├Е   ­Ъї▒ TRAIN  (Renewable: 0.24 | Carbon: 32g COРѓѓ/kWh | Mix: Рўђ20% ­Ъїг4% ­Ъфе77%)
[09:24:00] [INFO    ]     РћћРћђ Acc=0.7380 | Loss=0.8685 | Compress=1.00
[09:24:01] [INFO    ] [London] Early stop at epoch 1: renewable 0.07 < 0.20
[09:24:01] [INFO    ]   Node 3 London     ­Ъї▒ TRAIN  (Renewable: 0.07 | Carbon: 207g COРѓѓ/kWh | Mix: Рўђ0% ­Ъїг6% ­Ъфе94%)
[09:24:01] [INFO    ]     РћћРћђ Acc=0.9540 | Loss=0.1611 | Compress=1.00
[09:24:03] [INFO    ] [Round 9] Aggregated 4 node(s) via fedavg Рєњ Acc=0.7841 Loss=0.8019
[09:24:03] [INFO    ]   Рќ║ Global Acc=0.7841 | Participants=4/4 | Energy=5.8800 kWh | COРѓѓ=1300.27g
[09:24:03] [INFO    ] 
Round 10/10 Рћѓ Standard FL
[09:24:03] [INFO    ]   Node 0 Oslo       ­Ъї▒ TRAIN  (Renewable: 0.37 | Carbon: 85g COРѓѓ/kWh | Mix: Рўђ1% ­Ъїг35% ­Ъфе64%)
[09:24:03] [INFO    ]     РћћРћђ Acc=0.9743 | Loss=0.0827 | Compress=1.00
[09:24:04] [INFO    ]   Node 1 Melbourne  ­Ъї▒ TRAIN  (Renewable: 0.56 | Carbon: 470g COРѓѓ/kWh | Mix: Рўђ44% ­Ъїг11% ­Ъфе45%)
[09:24:04] [INFO    ]     РћћРћђ Acc=0.9820 | Loss=0.0649 | Compress=0.10
[09:24:04] [INFO    ] [San Jos├Е] Early stop at epoch 1: renewable 0.13 < 0.20
[09:24:04] [INFO    ]   Node 2 San Jos├Е   ­Ъї▒ TRAIN  (Renewable: 0.13 | Carbon: 36g COРѓѓ/kWh | Mix: Рўђ6% ­Ъїг5% ­Ъфе88%)
[09:24:04] [INFO    ]     РћћРћђ Acc=0.7520 | Loss=0.8058 | Compress=1.00
[09:24:05] [INFO    ] [London] Early stop at epoch 1: renewable 0.10 < 0.20
[09:24:05] [INFO    ]   Node 3 London     ­Ъї▒ TRAIN  (Renewable: 0.10 | Carbon: 202g COРѓѓ/kWh | Mix: Рўђ0% ­Ъїг9% ­Ъфе91%)
[09:24:05] [INFO    ]     РћћРћђ Acc=0.9573 | Loss=0.1450 | Compress=1.00
[09:24:07] [INFO    ] [Round 10] Aggregated 4 node(s) via fedavg Рєњ Acc=0.8046 Loss=0.7163
[09:24:07] [INFO    ]   Рќ║ Global Acc=0.8046 | Participants=4/4 | Energy=5.8800 kWh | COРѓѓ=1165.02g
[09:24:07] [INFO    ] 
  ­ЪЊЮ Technical report Рєњ results_experiment/A_101112/reports/technical_report.md
[09:24:07] [INFO    ]   ­ЪЊІ Metrics JSON Рєњ results_experiment/A_101112/metrics/experiment_results.json
[09:24:07] [INFO    ] 
  РЈ▒  Total execution: 41.9s
[09:24:07] [INFO    ] РћЂРћЂРћЂРћЂРћЂРћЂРћЂРћЂРћЂРћЂРћЂРћЂРћЂРћЂРћЂРћЂРћЂРћЂРћЂРћЂРћЂРћЂРћЂРћЂРћЂРћЂРћЂРћЂРћЂРћЂРћЂРћЂРћЂРћЂРћЂРћЂРћЂРћЂРћЂРћЂРћЂРћЂРћЂРћЂРћЂРћЂРћЂРћЂРћЂРћЂРћЂРћЂРћЂРћЂРћЂРћЂРћЂРћЂРћЂРћЂРћЂРћЂРћЂРћЂРћЂРћЂРћЂРћЂРћЂРћЂ
[09:24:07] [INFO    ]   ­Ъї▒ Training complete. The planet thanks you.
[09:24:07] [INFO    ] РћЂРћЂРћЂРћЂРћЂРћЂРћЂРћЂРћЂРћЂРћЂРћЂРћЂРћЂРћЂРћЂРћЂРћЂРћЂРћЂРћЂРћЂРћЂРћЂРћЂРћЂРћЂРћЂРћЂРћЂРћЂРћЂРћЂРћЂРћЂРћЂРћЂРћЂРћЂРћЂРћЂРћЂРћЂРћЂРћЂРћЂРћЂРћЂРћЂРћЂРћЂРћЂРћЂРћЂРћЂРћЂРћЂРћЂРћЂРћЂРћЂРћЂРћЂРћЂРћЂРћЂРћЂРћЂРћЂРћЂ

[09:46:38] [INFO    ] РћЂРћЂРћЂРћЂРћЂРћЂРћЂРћЂРћЂРћЂРћЂРћЂРћЂРћЂРћЂРћЂРћЂРћЂРћЂРћЂРћЂРћЂРћЂРћЂРћЂРћЂРћЂРћЂРћЂРћЂРћЂРћЂРћЂРћЂРћЂРћЂРћЂРћЂРћЂРћЂРћЂРћЂРћЂРћЂРћЂРћЂРћЂРћЂРћЂРћЂРћЂРћЂРћЂРћЂРћЂРћЂРћЂРћЂРћЂРћЂРћЂРћЂРћЂРћЂРћЂРћЂРћЂРћЂРћЂРћЂ
[09:46:38] [INFO    ]   ­ЪїЇ  CLIMATE-FED ORCHESTRATOR v2.0  Рћђ  Carbon-Aware FL Platform
[09:46:38] [INFO    ] РћЂРћЂРћЂРћЂРћЂРћЂРћЂРћЂРћЂРћЂРћЂРћЂРћЂРћЂРћЂРћЂРћЂРћЂРћЂРћЂРћЂРћЂРћЂРћЂРћЂРћЂРћЂРћЂРћЂРћЂРћЂРћЂРћЂРћЂРћЂРћЂРћЂРћЂРћЂРћЂРћЂРћЂРћЂРћЂРћЂРћЂРћЂРћЂРћЂРћЂРћЂРћЂРћЂРћЂРћЂРћЂРћЂРћЂРћЂРћЂРћЂРћЂРћЂРћЂРћЂРћЂРћЂРћЂРћЂРћЂ
[09:46:38] [INFO    ]   Mode: STANDARD | Rounds: 10 | Seed: 101112
[09:46:38] [INFO    ]   Device: cpu
[09:46:38] [INFO    ] 
  Initializing Renewable Grid...
[09:46:38] [INFO    ]     РюЊ Node-0: Oslo, Norway (Solar: 12%, Wind: 68%, Grid: 120g COРѓѓ/kWh)
[09:46:38] [INFO    ]     РюЊ Node-1: Melbourne, Australia (Solar: 45%, Wind: 23%, Grid: 850g COРѓѓ/kWh)
[09:46:38] [INFO    ]     РюЊ Node-2: San Jos├Е, Costa Rica (Solar: 34%, Wind: 12%, Grid: 40g COРѓѓ/kWh)
[09:46:38] [INFO    ]     РюЊ Node-3: London, United Kingdom (Solar: 15%, Wind: 35%, Grid: 220g COРѓѓ/kWh)
[09:46:38] [INFO    ] 
  GreenNet-Mini: 105,914 parameters | ~2.1 MFLOPs per forward pass
[09:46:38] [INFO    ] 
  Partitioning MNIST (Dirichlet ╬▒=0.5, Non-IID)...
[09:46:38] [INFO    ] [Oslo] 3000 samples | Classes: [0, 1, 2, 3, 4, 5, 6, 7, 8, 9] | Distribution: [381, 1510, 37, 58, 595, 46, 5, 231, 136, 1]
[09:46:38] [INFO    ] [Melbourne] 2000 samples | Classes: [0, 1, 2, 3, 4] | Distribution: [1427, 53, 157, 165, 198, 0, 0, 0, 0, 0]
[09:46:38] [INFO    ] [San Jos├Е] 1000 samples | Classes: [5, 6, 7, 8, 9] | Distribution: [0, 0, 0, 0, 0, 300, 19, 305, 176, 200]
[09:46:38] [INFO    ] [London] 1500 samples | Classes: [0, 2, 4, 6, 8] | Distribution: [87, 0, 56, 0, 1067, 0, 114, 0, 176, 0]
[09:46:38] [INFO    ] 
РЋљРЋљРЋљРЋљРЋљРЋљРЋљРЋљРЋљРЋљРЋљРЋљРЋљРЋљРЋљРЋљРЋљРЋљРЋљРЋљРЋљРЋљРЋљРЋљРЋљРЋљРЋљРЋљРЋљРЋљРЋљРЋљРЋљРЋљРЋљРЋљРЋљРЋљРЋљРЋљРЋљРЋљРЋљРЋљРЋљРЋљРЋљРЋљРЋљРЋљРЋљРЋљРЋљРЋљРЋљРЋљРЋљРЋљРЋљРЋљРЋљРЋљРЋљРЋљРЋљРЋљРЋљРЋљРЋљРЋљ
[09:46:38] [INFO    ]   ­ЪЪА Arm: Standard FL
[09:46:38] [INFO    ] РЋљРЋљРЋљРЋљРЋљРЋљРЋљРЋљРЋљРЋљРЋљРЋљРЋљРЋљРЋљРЋљРЋљРЋљРЋљРЋљРЋљРЋљРЋљРЋљРЋљРЋљРЋљРЋљРЋљРЋљРЋљРЋљРЋљРЋљРЋљРЋљРЋљРЋљРЋљРЋљРЋљРЋљРЋљРЋљРЋљРЋљРЋљРЋљРЋљРЋљРЋљРЋљРЋљРЋљРЋљРЋљРЋљРЋљРЋљРЋљРЋљРЋљРЋљРЋљРЋљРЋљРЋљРЋљРЋљРЋљ
[09:46:38] [INFO    ] 
Round 01/10 Рћѓ Standard FL
[09:46:39] [INFO    ]   Node 0 Oslo       ­Ъї▒ TRAIN  (Renewable: 0.45 | Carbon: 77g COРѓѓ/kWh | Mix: Рўђ0% ­Ъїг44% ­Ъфе55%)
[09:46:39] [INFO    ]     РћћРћђ Acc=0.7587 | Loss=0.8579 | Compress=1.00
[09:46:39] [INFO    ]   Node 1 Melbourne  ­Ъї▒ TRAIN  (Renewable: 0.51 | Carbon: 502g COРѓѓ/kWh | Mix: Рўђ45% ­Ъїг6% ­Ъфе49%)
[09:46:39] [INFO    ]     РћћРћђ Acc=0.7400 | Loss=0.8425 | Compress=0.10
[09:46:40] [INFO    ] [San Jos├Е] Early stop at epoch 1: renewable 0.08 < 0.20
[09:46:40] [INFO    ]   Node 2 San Jos├Е   ­Ъї▒ TRAIN  (Renewable: 0.08 | Carbon: 37g COРѓѓ/kWh | Mix: Рўђ0% ­Ъїг7% ­Ъфе92%)
[09:46:40] [INFO    ]     РћћРћђ Acc=0.3870 | Loss=1.7398 | Compress=1.00
[09:46:40] [INFO    ] [London] Early stop at epoch 1: renewable 0.16 < 0.20
[09:46:40] [INFO    ]   Node 3 London     ­Ъї▒ TRAIN  (Renewable: 0.16 | Carbon: 191g COРѓѓ/kWh | Mix: Рўђ0% ­Ъїг16% ­Ъфе84%)
[09:46:40] [INFO    ]     РћћРћђ Acc=0.5933 | Loss=1.3444 | Compress=1.00
[09:46:42] [INFO    ] [Round 1] Aggregated 4 node(s) via fedavg Рєњ Acc=0.4146 Loss=1.8882
[09:46:42] [INFO    ]   Рќ║ Global Acc=0.4146 | Participants=4/4 | Energy=5.8800 kWh | COРѓѓ=1186.83g
[09:46:42] [INFO    ] 
Round 02/10 Рћѓ Standard FL
[09:46:43] [INFO    ]   Node 0 Oslo       ­Ъї▒ TRAIN  (Renewable: 0.42 | Carbon: 80g COРѓѓ/kWh | Mix: Рўђ1% ­Ъїг41% ­Ъфе59%)
[09:46:43] [INFO    ]     РћћРћђ Acc=0.8987 | Loss=0.3741 | Compress=1.00
[09:46:44] [INFO    ]   Node 1 Melbourne  ­Ъї▒ TRAIN  (Renewable: 0.24 | Carbon: 686g COРѓѓ/kWh | Mix: Рўђ21% ­Ъїг3% ­Ъфе76%)
[09:46:44] [INFO    ]     РћћРћђ Acc=0.9250 | Loss=0.2644 | Compress=0.10
[09:46:44] [INFO    ] [San Jos├Е] Early stop at epoch 1: renewable 0.09 < 0.20
[09:46:44] [INFO    ]   Node 2 San Jos├Е   ­Ъї▒ TRAIN  (Renewable: 0.09 | Carbon: 37g COРѓѓ/kWh | Mix: Рўђ2% ­Ъїг6% ­Ъфе92%)
[09:46:44] [INFO    ]     РћћРћђ Acc=0.4320 | Loss=1.8190 | Compress=1.00
[09:46:44] [INFO    ] [London] Early stop at epoch 1: renewable 0.18 < 0.20
[09:46:44] [INFO    ]   Node 3 London     ­Ъї▒ TRAIN  (Renewable: 0.18 | Carbon: 188g COРѓѓ/kWh | Mix: Рўђ0% ­Ъїг18% ­Ъфе82%)
[09:46:44] [INFO    ]     РћћРћђ Acc=0.8560 | Loss=0.4948 | Compress=1.00
[09:46:46] [INFO    ] [Round 2] Aggregated 4 node(s) via fedavg Рєњ Acc=0.5979 Loss=1.5885
[09:46:46] [INFO    ]   Рќ║ Global Acc=0.5979 | Participants=4/4 | Energy=5.8800 kWh | COРѓѓ=1457.61g
[09:46:46] [INFO    ] 
Round 03/10 Рћѓ Standard FL
[09:46:47] [INFO    ]   Node 0 Oslo       ­Ъї▒ TRAIN  (Renewable: 0.44 | Carbon: 78g COРѓѓ/kWh | Mix: Рўђ5% ­Ъїг39% ­Ъфе56%)
[09:46:47] [INFO    ]     РћћРћђ Acc=0.9293 | Loss=0.2521 | Compress=1.00
[09:46:48] [INFO    ] [Melbourne] Early stop at epoch 1: renewable 0.11 < 0.20
[09:46:48] [INFO    ]   Node 1 Melbourne  ­Ъї▒ TRAIN  (Renewable: 0.11 | Carbon: 774g COРѓѓ/kWh | Mix: Рўђ6% ­Ъїг5% ­Ъфе89%)
[09:46:48] [INFO    ]     РћћРћђ Acc=0.9585 | Loss=0.1597 | Compress=0.10
[09:46:48] [INFO    ] [San Jos├Е] Early stop at epoch 1: renewable 0.12 < 0.20
[09:46:48] [INFO    ]   Node 2 San Jos├Е   ­Ъї▒ TRAIN  (Renewable: 0.12 | Carbon: 36g COРѓѓ/kWh | Mix: Рўђ6% ­Ъїг6% ­Ъфе88%)
[09:46:48] [INFO    ]     РћћРћђ Acc=0.5220 | Loss=1.5943 | Compress=1.00
[09:46:48] [INFO    ]   Node 3 London     ­Ъї▒ TRAIN  (Renewable: 0.24 | Carbon: 178g COРѓѓ/kWh | Mix: Рўђ3% ­Ъїг20% ­Ъфе76%)
[09:46:48] [INFO    ]     РћћРћђ Acc=0.8947 | Loss=0.3510 | Compress=1.00
[09:46:50] [INFO    ] [Round 3] Aggregated 4 node(s) via fedavg Рєњ Acc=0.6232 Loss=1.3984
[09:46:50] [INFO    ]   Рќ║ Global Acc=0.6232 | Participants=4/4 | Energy=5.8800 kWh | COРѓѓ=1566.55g
[09:46:50] [INFO    ] 
Round 04/10 Рћѓ Standard FL
[09:46:51] [INFO    ]   Node 0 Oslo       ­Ъї▒ TRAIN  (Renewable: 0.39 | Carbon: 83g COРѓѓ/kWh | Mix: Рўђ11% ­Ъїг27% ­Ъфе62%)
[09:46:51] [INFO    ]     РћћРћђ Acc=0.9430 | Loss=0.1964 | Compress=1.00
[09:46:52] [INFO    ] [Melbourne] Early stop at epoch 1: renewable 0.11 < 0.20
[09:46:52] [INFO    ]   Node 1 Melbourne  ­Ъї▒ TRAIN  (Renewable: 0.11 | Carbon: 773g COРѓѓ/kWh | Mix: Рўђ2% ­Ъїг8% ­Ъфе89%)
[09:46:52] [INFO    ]     РћћРћђ Acc=0.9590 | Loss=0.1441 | Compress=0.10
[09:46:52] [INFO    ] [San Jos├Е] Early stop at epoch 1: renewable 0.07 < 0.20
[09:46:52] [INFO    ]   Node 2 San Jos├Е   ­Ъї▒ TRAIN  (Renewable: 0.07 | Carbon: 38g COРѓѓ/kWh | Mix: Рўђ0% ­Ъїг6% ­Ъфе94%)
[09:46:52] [INFO    ]     РћћРћђ Acc=0.5970 | Loss=1.3574 | Compress=1.00
[09:46:53] [INFO    ]   Node 3 London     ­Ъї▒ TRAIN  (Renewable: 0.30 | Carbon: 167g COРѓѓ/kWh | Mix: Рўђ12% ­Ъїг18% ­Ъфе70%)
[09:46:53] [INFO    ]     РћћРћђ Acc=0.9107 | Loss=0.2923 | Compress=1.00
[09:46:55] [INFO    ] [Round 4] Aggregated 4 node(s) via fedavg Рєњ Acc=0.6724 Loss=1.2136
[09:46:55] [INFO    ]   Рќ║ Global Acc=0.6724 | Participants=4/4 | Energy=5.8800 kWh | COРѓѓ=1560.08g
[09:46:55] [INFO    ] 
Round 05/10 Рћѓ Standard FL
[09:46:55] [INFO    ]   Node 0 Oslo       ­Ъї▒ TRAIN  (Renewable: 0.35 | Carbon: 86g COРѓѓ/kWh | Mix: Рўђ12% ­Ъїг22% ­Ъфе66%)
[09:46:55] [INFO    ]     РћћРћђ Acc=0.9513 | Loss=0.1600 | Compress=1.00
[09:46:56] [INFO    ] [Melbourne] Early stop at epoch 1: renewable 0.15 < 0.20
[09:46:56] [INFO    ]   Node 1 Melbourne  ­Ъї▒ TRAIN  (Renewable: 0.15 | Carbon: 748g COРѓѓ/kWh | Mix: Рўђ2% ­Ъїг12% ­Ъфе86%)
[09:46:56] [INFO    ]     РћћРћђ Acc=0.9715 | Loss=0.1067 | Compress=0.10
[09:46:56] [INFO    ] [San Jos├Е] Early stop at epoch 1: renewable 0.11 < 0.20
[09:46:56] [INFO    ]   Node 2 San Jos├Е   ­Ъї▒ TRAIN  (Renewable: 0.11 | Carbon: 37g COРѓѓ/kWh | Mix: Рўђ5% ­Ъїг5% ­Ъфе90%)
[09:46:56] [INFO    ]     РћћРћђ Acc=0.6570 | Loss=1.2066 | Compress=1.00
[09:46:57] [INFO    ]   Node 3 London     ­Ъї▒ TRAIN  (Renewable: 0.37 | Carbon: 155g COРѓѓ/kWh | Mix: Рўђ15% ­Ъїг21% ­Ъфе64%)
[09:46:57] [INFO    ]     РћћРћђ Acc=0.9400 | Loss=0.2241 | Compress=1.00
[09:46:59] [INFO    ] [Round 5] Aggregated 4 node(s) via fedavg Рєњ Acc=0.6952 Loss=1.1021
[09:46:59] [INFO    ]   Рќ║ Global Acc=0.6952 | Participants=4/4 | Energy=5.8800 kWh | COРѓѓ=1508.81g
[09:46:59] [INFO    ] 
Round 06/10 Рћѓ Standard FL
[09:47:00] [INFO    ]   Node 0 Oslo       ­Ъї▒ TRAIN  (Renewable: 0.46 | Carbon: 76g COРѓѓ/kWh | Mix: Рўђ5% ­Ъїг40% ­Ъфе55%)
[09:47:00] [INFO    ]     РћћРћђ Acc=0.9607 | Loss=0.1318 | Compress=1.00
[09:47:00] [INFO    ] [Melbourne] Early stop at epoch 1: renewable 0.17 < 0.20
[09:47:00] [INFO    ]   Node 1 Melbourne  ­Ъї▒ TRAIN  (Renewable: 0.17 | Carbon: 737g COРѓѓ/kWh | Mix: Рўђ2% ­Ъїг14% ­Ъфе84%)
[09:47:00] [INFO    ]     РћћРћђ Acc=0.9715 | Loss=0.1031 | Compress=0.10
[09:47:00] [INFO    ]   Node 2 San Jos├Е   ­Ъї▒ TRAIN  (Renewable: 0.27 | Carbon: 31g COРѓѓ/kWh | Mix: Рўђ20% ­Ъїг6% ­Ъфе74%)
[09:47:00] [INFO    ]     РћћРћђ Acc=0.6620 | Loss=1.1745 | Compress=1.00
[09:47:01] [INFO    ]   Node 3 London     ­Ъї▒ TRAIN  (Renewable: 0.30 | Carbon: 166g COРѓѓ/kWh | Mix: Рўђ11% ­Ъїг18% ­Ъфе70%)
[09:47:01] [INFO    ]     РћћРћђ Acc=0.9360 | Loss=0.2093 | Compress=1.00
[09:47:03] [INFO    ] [Round 6] Aggregated 4 node(s) via fedavg Рєњ Acc=0.7220 Loss=1.0174
[09:47:03] [INFO    ]   Рќ║ Global Acc=0.7220 | Participants=4/4 | Energy=5.8800 kWh | COРѓѓ=1486.23g
[09:47:03] [INFO    ] 
Round 07/10 Рћѓ Standard FL
[09:47:04] [INFO    ]   Node 0 Oslo       ­Ъї▒ TRAIN  (Renewable: 0.40 | Carbon: 82g COРѓѓ/kWh | Mix: Рўђ0% ­Ъїг39% ­Ъфе61%)
[09:47:04] [INFO    ]     РћћРћђ Acc=0.9627 | Loss=0.1264 | Compress=1.00
[09:47:04] [INFO    ] [Melbourne] Early stop at epoch 1: renewable 0.18 < 0.20
[09:47:04] [INFO    ]   Node 1 Melbourne  ­Ъї▒ TRAIN  (Renewable: 0.18 | Carbon: 726g COРѓѓ/kWh | Mix: Рўђ2% ­Ъїг15% ­Ъфе82%)
[09:47:04] [INFO    ]     РћћРћђ Acc=0.9785 | Loss=0.0795 | Compress=0.10
[09:47:04] [INFO    ]   Node 2 San Jos├Е   ­Ъї▒ TRAIN  (Renewable: 0.41 | Carbon: 27g COРѓѓ/kWh | Mix: Рўђ34% ­Ъїг6% ­Ъфе60%)
[09:47:04] [INFO    ]     РћћРћђ Acc=0.6980 | Loss=1.0085 | Compress=1.00
[09:47:05] [INFO    ] [London] Early stop at epoch 1: renewable 0.18 < 0.20
[09:47:05] [INFO    ]   Node 3 London     ­Ъї▒ TRAIN  (Renewable: 0.18 | Carbon: 189g COРѓѓ/kWh | Mix: Рўђ4% ­Ъїг13% ­Ъфе83%)
[09:47:05] [INFO    ]     РћћРћђ Acc=0.9400 | Loss=0.1787 | Compress=1.00
[09:47:07] [INFO    ] [Round 7] Aggregated 4 node(s) via fedavg Рєњ Acc=0.7464 Loss=0.9208
[09:47:07] [INFO    ]   Рќ║ Global Acc=0.7464 | Participants=4/4 | Energy=5.8800 kWh | COРѓѓ=1503.91g
[09:47:07] [INFO    ] 
Round 08/10 Рћѓ Standard FL
[09:47:08] [INFO    ]   Node 0 Oslo       ­Ъї▒ TRAIN  (Renewable: 0.32 | Carbon: 89g COРѓѓ/kWh | Mix: Рўђ0% ­Ъїг31% ­Ъфе69%)
[09:47:08] [INFO    ]     РћћРћђ Acc=0.9707 | Loss=0.1050 | Compress=1.00
[09:47:08] [INFO    ]   Node 1 Melbourne  ­Ъї▒ TRAIN  (Renewable: 0.21 | Carbon: 705g COРѓѓ/kWh | Mix: Рўђ7% ­Ъїг13% ­Ъфе80%)
[09:47:08] [INFO    ]     РћћРћђ Acc=0.9780 | Loss=0.0765 | Compress=0.10
[09:47:08] [INFO    ]   Node 2 San Jos├Е   ­Ъї▒ TRAIN  (Renewable: 0.40 | Carbon: 27g COРѓѓ/kWh | Mix: Рўђ34% ­Ъїг5% ­Ъфе61%)
[09:47:08] [INFO    ]     РћћРћђ Acc=0.7220 | Loss=0.9258 | Compress=1.00
[09:47:09] [INFO    ] [London] Early stop at epoch 1: renewable 0.08 < 0.20
[09:47:09] [INFO    ]   Node 3 London     ­Ъї▒ TRAIN  (Renewable: 0.08 | Carbon: 206g COРѓѓ/kWh | Mix: Рўђ0% ­Ъїг7% ­Ъфе93%)
[09:47:09] [INFO    ]     РћћРћђ Acc=0.9553 | Loss=0.1538 | Compress=1.00
[09:47:11] [INFO    ] [Round 8] Aggregated 4 node(s) via fedavg Рєњ Acc=0.7627 Loss=0.8724
[09:47:11] [INFO    ]   Рќ║ Global Acc=0.7627 | Participants=4/4 | Energy=5.8800 kWh | COРѓѓ=1510.79g
[09:47:11] [INFO    ] 
Round 09/10 Рћѓ Standard FL
[09:47:12] [INFO    ]   Node 0 Oslo       ­Ъї▒ TRAIN  (Renewable: 0.41 | Carbon: 81g COРѓѓ/kWh | Mix: Рўђ0% ­Ъїг40% ­Ъфе60%)
[09:47:12] [INFO    ]     РћћРћђ Acc=0.9740 | Loss=0.0925 | Compress=1.00
[09:47:12] [INFO    ]   Node 1 Melbourne  ­Ъї▒ TRAIN  (Renewable: 0.42 | Carbon: 564g COРѓѓ/kWh | Mix: Рўђ24% ­Ъїг17% ­Ъфе59%)
[09:47:12] [INFO    ]     РћћРћђ Acc=0.9845 | Loss=0.0674 | Compress=0.10
[09:47:13] [INFO    ]   Node 2 San Jos├Е   ­Ъї▒ TRAIN  (Renewable: 0.24 | Carbon: 32g COРѓѓ/kWh | Mix: Рўђ20% ­Ъїг4% ­Ъфе77%)
[09:47:13] [INFO    ]     РћћРћђ Acc=0.7380 | Loss=0.8685 | Compress=1.00
[09:47:13] [INFO    ] [London] Early stop at epoch 1: renewable 0.07 < 0.20
[09:47:13] [INFO    ]   Node 3 London     ­Ъї▒ TRAIN  (Renewable: 0.07 | Carbon: 207g COРѓѓ/kWh | Mix: Рўђ0% ­Ъїг6% ­Ъфе94%)
[09:47:13] [INFO    ]     РћћРћђ Acc=0.9540 | Loss=0.1611 | Compress=1.00
[09:47:15] [INFO    ] [Round 9] Aggregated 4 node(s) via fedavg Рєњ Acc=0.7841 Loss=0.8019
[09:47:15] [INFO    ]   Рќ║ Global Acc=0.7841 | Participants=4/4 | Energy=5.8800 kWh | COРѓѓ=1300.27g
[09:47:15] [INFO    ] 
Round 10/10 Рћѓ Standard FL
[09:47:16] [INFO    ]   Node 0 Oslo       ­Ъї▒ TRAIN  (Renewable: 0.37 | Carbon: 85g COРѓѓ/kWh | Mix: Рўђ1% ­Ъїг35% ­Ъфе64%)
[09:47:16] [INFO    ]     РћћРћђ Acc=0.9743 | Loss=0.0827 | Compress=1.00
[09:47:16] [INFO    ]   Node 1 Melbourne  ­Ъї▒ TRAIN  (Renewable: 0.56 | Carbon: 470g COРѓѓ/kWh | Mix: Рўђ44% ­Ъїг11% ­Ъфе45%)
[09:47:16] [INFO    ]     РћћРћђ Acc=0.9820 | Loss=0.0649 | Compress=0.10
[09:47:17] [INFO    ] [San Jos├Е] Early stop at epoch 1: renewable 0.13 < 0.20
[09:47:17] [INFO    ]   Node 2 San Jos├Е   ­Ъї▒ TRAIN  (Renewable: 0.13 | Carbon: 36g COРѓѓ/kWh | Mix: Рўђ6% ­Ъїг5% ­Ъфе88%)
[09:47:17] [INFO    ]     РћћРћђ Acc=0.7520 | Loss=0.8058 | Compress=1.00
[09:47:17] [INFO    ] [London] Early stop at epoch 1: renewable 0.10 < 0.20
[09:47:17] [INFO    ]   Node 3 London     ­Ъї▒ TRAIN  (Renewable: 0.10 | Carbon: 202g COРѓѓ/kWh | Mix: Рўђ0% ­Ъїг9% ­Ъфе91%)
[09:47:17] [INFO    ]     РћћРћђ Acc=0.9573 | Loss=0.1450 | Compress=1.00
[09:47:19] [INFO    ] [Round 10] Aggregated 4 node(s) via fedavg Рєњ Acc=0.8046 Loss=0.7163
[09:47:19] [INFO    ]   Рќ║ Global Acc=0.8046 | Participants=4/4 | Energy=5.8800 kWh | COРѓѓ=1165.02g
[09:47:19] [INFO    ] 
  ­ЪЊЮ Technical report Рєњ results_experiment/A_101112/reports/technical_report.md
[09:47:19] [INFO    ]   ­ЪЊІ Metrics JSON Рєњ results_experiment/A_101112/metrics/experiment_results.json
[09:47:19] [INFO    ] 
  РЈ▒  Total execution: 41.2s
[09:47:19] [INFO    ] РћЂРћЂРћЂРћЂРћЂРћЂРћЂРћЂРћЂРћЂРћЂРћЂРћЂРћЂРћЂРћЂРћЂРћЂРћЂРћЂРћЂРћЂРћЂРћЂРћЂРћЂРћЂРћЂРћЂРћЂРћЂРћЂРћЂРћЂРћЂРћЂРћЂРћЂРћЂРћЂРћЂРћЂРћЂРћЂРћЂРћЂРћЂРћЂРћЂРћЂРћЂРћЂРћЂРћЂРћЂРћЂРћЂРћЂРћЂРћЂРћЂРћЂРћЂРћЂРћЂРћЂРћЂРћЂРћЂРћЂ
[09:47:19] [INFO    ]   ­Ъї▒ Training complete. The planet thanks you.
[09:47:19] [INFO    ] РћЂРћЂРћЂРћЂРћЂРћЂРћЂРћЂРћЂРћЂРћЂРћЂРћЂРћЂРћЂРћЂРћЂРћЂРћЂРћЂРћЂРћЂРћЂРћЂРћЂРћЂРћЂРћЂРћЂРћЂРћЂРћЂРћЂРћЂРћЂРћЂРћЂРћЂРћЂРћЂРћЂРћЂРћЂРћЂРћЂРћЂРћЂРћЂРћЂРћЂРћЂРћЂРћЂРћЂРћЂРћЂРћЂРћЂРћЂРћЂРћЂРћЂРћЂРћЂРћЂРћЂРћЂРћЂРћЂРћЂ

