[09:02:24] [INFO    ] РћЂРћЂРћЂРћЂРћЂРћЂРћЂРћЂРћЂРћЂРћЂРћЂРћЂРћЂРћЂРћЂРћЂРћЂРћЂРћЂРћЂРћЂРћЂРћЂРћЂРћЂРћЂРћЂРћЂРћЂРћЂРћЂРћЂРћЂРћЂРћЂРћЂРћЂРћЂРћЂРћЂРћЂРћЂРћЂРћЂРћЂРћЂРћЂРћЂРћЂРћЂРћЂРћЂРћЂРћЂРћЂРћЂРћЂРћЂРћЂРћЂРћЂРћЂРћЂРћЂРћЂРћЂРћЂРћЂРћЂ
[09:02:24] [INFO    ]   ­ЪїЇ  CLIMATE-FED ORCHESTRATOR v2.0  Рћђ  Carbon-Aware FL Platform
[09:02:24] [INFO    ] РћЂРћЂРћЂРћЂРћЂРћЂРћЂРћЂРћЂРћЂРћЂРћЂРћЂРћЂРћЂРћЂРћЂРћЂРћЂРћЂРћЂРћЂРћЂРћЂРћЂРћЂРћЂРћЂРћЂРћЂРћЂРћЂРћЂРћЂРћЂРћЂРћЂРћЂРћЂРћЂРћЂРћЂРћЂРћЂРћЂРћЂРћЂРћЂРћЂРћЂРћЂРћЂРћЂРћЂРћЂРћЂРћЂРћЂРћЂРћЂРћЂРћЂРћЂРћЂРћЂРћЂРћЂРћЂРћЂРћЂ
[09:02:24] [INFO    ]   Mode: NAIVE | Rounds: 10 | Seed: 101112
[09:02:24] [INFO    ]   Device: cpu
[09:02:24] [INFO    ] 
  Initializing Renewable Grid...
[09:02:24] [INFO    ]     РюЊ Node-0: Oslo, Norway (Solar: 12%, Wind: 68%, Grid: 120g COРѓѓ/kWh)
[09:02:24] [INFO    ]     РюЊ Node-1: Melbourne, Australia (Solar: 45%, Wind: 23%, Grid: 850g COРѓѓ/kWh)
[09:02:24] [INFO    ]     РюЊ Node-2: San Jos├Е, Costa Rica (Solar: 34%, Wind: 12%, Grid: 40g COРѓѓ/kWh)
[09:02:24] [INFO    ]     РюЊ Node-3: London, United Kingdom (Solar: 15%, Wind: 35%, Grid: 220g COРѓѓ/kWh)
[09:02:24] [INFO    ] 
  GreenNet-Mini: 105,914 parameters | ~2.1 MFLOPs per forward pass
[09:02:24] [INFO    ] 
  Partitioning MNIST (Dirichlet ╬▒=0.5, Non-IID)...
[09:02:24] [INFO    ] [Oslo] 3000 samples | Classes: [0, 1, 2, 3, 4, 5, 6, 7, 8, 9] | Distribution: [381, 1510, 37, 58, 595, 46, 5, 231, 136, 1]
[09:02:24] [INFO    ] [Melbourne] 2000 samples | Classes: [0, 1, 2, 3, 4] | Distribution: [1427, 53, 157, 165, 198, 0, 0, 0, 0, 0]
[09:02:24] [INFO    ] [San Jos├Е] 1000 samples | Classes: [5, 6, 7, 8, 9] | Distribution: [0, 0, 0, 0, 0, 300, 19, 305, 176, 200]
[09:02:24] [INFO    ] [London] 1500 samples | Classes: [0, 2, 4, 6, 8] | Distribution: [87, 0, 56, 0, 1067, 0, 114, 0, 176, 0]
[09:02:24] [INFO    ] 
РЋљРЋљРЋљРЋљРЋљРЋљРЋљРЋљРЋљРЋљРЋљРЋљРЋљРЋљРЋљРЋљРЋљРЋљРЋљРЋљРЋљРЋљРЋљРЋљРЋљРЋљРЋљРЋљРЋљРЋљРЋљРЋљРЋљРЋљРЋљРЋљРЋљРЋљРЋљРЋљРЋљРЋљРЋљРЋљРЋљРЋљРЋљРЋљРЋљРЋљРЋљРЋљРЋљРЋљРЋљРЋљРЋљРЋљРЋљРЋљРЋљРЋљРЋљРЋљРЋљРЋљРЋљРЋљРЋљРЋљ
[09:02:24] [INFO    ]   ­Ъћх Arm: Naive Carbon-Aware
[09:02:24] [INFO    ] РЋљРЋљРЋљРЋљРЋљРЋљРЋљРЋљРЋљРЋљРЋљРЋљРЋљРЋљРЋљРЋљРЋљРЋљРЋљРЋљРЋљРЋљРЋљРЋљРЋљРЋљРЋљРЋљРЋљРЋљРЋљРЋљРЋљРЋљРЋљРЋљРЋљРЋљРЋљРЋљРЋљРЋљРЋљРЋљРЋљРЋљРЋљРЋљРЋљРЋљРЋљРЋљРЋљРЋљРЋљРЋљРЋљРЋљРЋљРЋљРЋљРЋљРЋљРЋљРЋљРЋљРЋљРЋљРЋљРЋљ
[09:02:24] [INFO    ] 
Round 01/10 Рћѓ Naive Carbon-Aware
[09:02:24] [INFO    ]   Node 0 Oslo       РЏћ IDLE (Naive: score 0.45 < threshold 0.45)
[09:02:25] [INFO    ]   Node 1 Melbourne  ­Ъї▒ TRAIN  (Renewable: 0.51 | Carbon: 502g COРѓѓ/kWh | Mix: Рўђ45% ­Ъїг6% ­Ъфе49%)
[09:02:25] [INFO    ]     РћћРћђ Acc=0.7495 | Loss=0.8317 | Compress=0.10
[09:02:25] [INFO    ]   Node 2 San Jos├Е   РЏћ IDLE (Naive: score 0.08 < threshold 0.45)
[09:02:25] [INFO    ]   Node 3 London     РЏћ IDLE (Naive: score 0.16 < threshold 0.45)
[09:02:26] [INFO    ] [Round 1] Aggregated 1 node(s) via renewable_weighted Рєњ Acc=0.3790 Loss=2.6110
[09:02:26] [INFO    ]   Рќ║ Global Acc=0.3790 | Participants=1/4 | Energy=1.6800 kWh | COРѓѓ=759.33g
[09:02:26] [INFO    ] 
Round 02/10 Рћѓ Naive Carbon-Aware
[09:02:26] [INFO    ]   Node 0 Oslo       РЏћ IDLE (Naive: score 0.42 < threshold 0.45)
[09:02:26] [INFO    ]   Node 1 Melbourne  РЏћ IDLE (Naive: score 0.24 < threshold 0.45)
[09:02:26] [INFO    ]   Node 2 San Jos├Е   РЏћ IDLE (Naive: score 0.09 < threshold 0.45)
[09:02:26] [INFO    ]   Node 3 London     РЏћ IDLE (Naive: score 0.18 < threshold 0.45)
[09:02:26] [WARNING ] [Round 2] No active nodes Рђћ global model unchanged.
[09:02:28] [INFO    ]   Рќ║ Global Acc=0.3790 | Participants=0/4 | Energy=0.2800 kWh | COРѓѓ=69.41g
[09:02:28] [INFO    ] 
Round 03/10 Рћѓ Naive Carbon-Aware
[09:02:28] [INFO    ]   Node 0 Oslo       РЏћ IDLE (Naive: score 0.44 < threshold 0.45)
[09:02:28] [INFO    ]   Node 1 Melbourne  РЏћ IDLE (Naive: score 0.11 < threshold 0.45)
[09:02:28] [INFO    ]   Node 2 San Jos├Е   РЏћ IDLE (Naive: score 0.12 < threshold 0.45)
[09:02:28] [INFO    ]   Node 3 London     РЏћ IDLE (Naive: score 0.24 < threshold 0.45)
[09:02:28] [WARNING ] [Round 3] No active nodes Рђћ global model unchanged.
[09:02:30] [INFO    ]   Рќ║ Global Acc=0.3790 | Participants=0/4 | Energy=0.2800 kWh | COРѓѓ=74.60g
[09:02:30] [INFO    ] 
Round 04/10 Рћѓ Naive Carbon-Aware
[09:02:30] [INFO    ]   Node 0 Oslo       РЏћ IDLE (Naive: score 0.39 < threshold 0.45)
[09:02:30] [INFO    ]   Node 1 Melbourne  РЏћ IDLE (Naive: score 0.11 < threshold 0.45)
[09:02:30] [INFO    ]   Node 2 San Jos├Е   РЏћ IDLE (Naive: score 0.07 < threshold 0.45)
[09:02:30] [INFO    ]   Node 3 London     РЏћ IDLE (Naive: score 0.30 < threshold 0.45)
[09:02:30] [WARNING ] [Round 4] No active nodes Рђћ global model unchanged.
[09:02:32] [INFO    ]   Рќ║ Global Acc=0.3790 | Participants=0/4 | Energy=0.2800 kWh | COРѓѓ=74.29g
[09:02:32] [INFO    ] 
Round 05/10 Рћѓ Naive Carbon-Aware
[09:02:32] [INFO    ]   Node 0 Oslo       РЏћ IDLE (Naive: score 0.35 < threshold 0.45)
[09:02:32] [INFO    ]   Node 1 Melbourne  РЏћ IDLE (Naive: score 0.15 < threshold 0.45)
[09:02:32] [INFO    ]   Node 2 San Jos├Е   РЏћ IDLE (Naive: score 0.11 < threshold 0.45)
[09:02:32] [INFO    ]   Node 3 London     РЏћ IDLE (Naive: score 0.37 < threshold 0.45)
[09:02:32] [WARNING ] [Round 5] No active nodes Рђћ global model unchanged.
[09:02:34] [INFO    ]   Рќ║ Global Acc=0.3790 | Participants=0/4 | Energy=0.2800 kWh | COРѓѓ=71.85g
[09:02:34] [INFO    ] 
Round 06/10 Рћѓ Naive Carbon-Aware
[09:02:35] [INFO    ]   Node 0 Oslo       ­Ъї▒ TRAIN  (Renewable: 0.46 | Carbon: 76g COРѓѓ/kWh | Mix: Рўђ5% ­Ъїг40% ­Ъфе55%)
[09:02:35] [INFO    ]     РћћРћђ Acc=0.8283 | Loss=0.6348 | Compress=1.00
[09:02:35] [INFO    ]   Node 1 Melbourne  РЏћ IDLE (Naive: score 0.17 < threshold 0.45)
[09:02:35] [INFO    ]   Node 2 San Jos├Е   РЏћ IDLE (Naive: score 0.27 < threshold 0.45)
[09:02:35] [INFO    ]   Node 3 London     РЏћ IDLE (Naive: score 0.30 < threshold 0.45)
[09:02:37] [INFO    ] [Round 6] Aggregated 1 node(s) via renewable_weighted Рєњ Acc=0.0980 Loss=nan
[09:02:37] [INFO    ]   Рќ║ Global Acc=0.0980 | Participants=1/4 | Energy=1.6800 kWh | COРѓѓ=177.00g
[09:02:37] [INFO    ] 
Round 07/10 Рћѓ Naive Carbon-Aware
[09:02:37] [INFO    ]   Node 0 Oslo       РЏћ IDLE (Naive: score 0.40 < threshold 0.45)
[09:02:37] [INFO    ]   Node 1 Melbourne  РЏћ IDLE (Naive: score 0.18 < threshold 0.45)
[09:02:37] [INFO    ]   Node 2 San Jos├Е   РЏћ IDLE (Naive: score 0.41 < threshold 0.45)
[09:02:37] [INFO    ]   Node 3 London     РЏћ IDLE (Naive: score 0.18 < threshold 0.45)
[09:02:37] [WARNING ] [Round 7] No active nodes Рђћ global model unchanged.
[09:02:38] [INFO    ]   Рќ║ Global Acc=0.0980 | Participants=0/4 | Energy=0.2800 kWh | COРѓѓ=71.61g
[09:02:38] [INFO    ] 
Round 08/10 Рћѓ Naive Carbon-Aware
[09:02:38] [INFO    ]   Node 0 Oslo       РЏћ IDLE (Naive: score 0.32 < threshold 0.45)
[09:02:38] [INFO    ]   Node 1 Melbourne  РЏћ IDLE (Naive: score 0.21 < threshold 0.45)
[09:02:38] [INFO    ]   Node 2 San Jos├Е   РЏћ IDLE (Naive: score 0.40 < threshold 0.45)
[09:02:38] [INFO    ]   Node 3 London     РЏћ IDLE (Naive: score 0.08 < threshold 0.45)
[09:02:38] [WARNING ] [Round 8] No active nodes Рђћ global model unchanged.
[09:02:40] [INFO    ]   Рќ║ Global Acc=0.0980 | Participants=0/4 | Energy=0.2800 kWh | COРѓѓ=71.94g
[09:02:40] [INFO    ] 
Round 09/10 Рћѓ Naive Carbon-Aware
[09:02:40] [INFO    ]   Node 0 Oslo       РЏћ IDLE (Naive: score 0.41 < threshold 0.45)
[09:02:40] [INFO    ]   Node 1 Melbourne  РЏћ IDLE (Naive: score 0.42 < threshold 0.45)
[09:02:40] [INFO    ]   Node 2 San Jos├Е   РЏћ IDLE (Naive: score 0.24 < threshold 0.45)
[09:02:40] [INFO    ]   Node 3 London     РЏћ IDLE (Naive: score 0.07 < threshold 0.45)
[09:02:40] [WARNING ] [Round 9] No active nodes Рђћ global model unchanged.
[09:02:42] [INFO    ]   Рќ║ Global Acc=0.0980 | Participants=0/4 | Energy=0.2800 kWh | COРѓѓ=61.92g
[09:02:42] [INFO    ] 
Round 10/10 Рћѓ Naive Carbon-Aware
[09:02:42] [INFO    ]   Node 0 Oslo       РЏћ IDLE (Naive: score 0.37 < threshold 0.45)
[09:02:43] [INFO    ]   Node 1 Melbourne  ­Ъї▒ TRAIN  (Renewable: 0.56 | Carbon: 470g COРѓѓ/kWh | Mix: Рўђ44% ­Ъїг11% ­Ъфе45%)
[09:02:43] [INFO    ]     РћћРћђ Acc=0.9520 | Loss=0.1521 | Compress=0.10
[09:02:43] [INFO    ]   Node 2 San Jos├Е   РЏћ IDLE (Naive: score 0.13 < threshold 0.45)
[09:02:43] [INFO    ]   Node 3 London     РЏћ IDLE (Naive: score 0.10 < threshold 0.45)
[09:02:45] [INFO    ] [Round 10] Aggregated 1 node(s) via renewable_weighted Рєњ Acc=0.0980 Loss=nan
[09:02:45] [INFO    ]   Рќ║ Global Acc=0.0980 | Participants=1/4 | Energy=1.6800 kWh | COРѓѓ=713.53g
[09:02:45] [INFO    ] 
  ­ЪЊЮ Technical report Рєњ results_experiment/B_101112/reports/technical_report.md
[09:02:45] [INFO    ]   ­ЪЊІ Metrics JSON Рєњ results_experiment/B_101112/metrics/experiment_results.json
[09:02:45] [INFO    ] 
  РЈ▒  Total execution: 20.6s
[09:02:45] [INFO    ] РћЂРћЂРћЂРћЂРћЂРћЂРћЂРћЂРћЂРћЂРћЂРћЂРћЂРћЂРћЂРћЂРћЂРћЂРћЂРћЂРћЂРћЂРћЂРћЂРћЂРћЂРћЂРћЂРћЂРћЂРћЂРћЂРћЂРћЂРћЂРћЂРћЂРћЂРћЂРћЂРћЂРћЂРћЂРћЂРћЂРћЂРћЂРћЂРћЂРћЂРћЂРћЂРћЂРћЂРћЂРћЂРћЂРћЂРћЂРћЂРћЂРћЂРћЂРћЂРћЂРћЂРћЂРћЂРћЂРћЂ
[09:02:45] [INFO    ]   ­Ъї▒ Training complete. The planet thanks you.
[09:02:45] [INFO    ] РћЂРћЂРћЂРћЂРћЂРћЂРћЂРћЂРћЂРћЂРћЂРћЂРћЂРћЂРћЂРћЂРћЂРћЂРћЂРћЂРћЂРћЂРћЂРћЂРћЂРћЂРћЂРћЂРћЂРћЂРћЂРћЂРћЂРћЂРћЂРћЂРћЂРћЂРћЂРћЂРћЂРћЂРћЂРћЂРћЂРћЂРћЂРћЂРћЂРћЂРћЂРћЂРћЂРћЂРћЂРћЂРћЂРћЂРћЂРћЂРћЂРћЂРћЂРћЂРћЂРћЂРћЂРћЂРћЂРћЂ

[09:12:48] [INFO    ] РћЂРћЂРћЂРћЂРћЂРћЂРћЂРћЂРћЂРћЂРћЂРћЂРћЂРћЂРћЂРћЂРћЂРћЂРћЂРћЂРћЂРћЂРћЂРћЂРћЂРћЂРћЂРћЂРћЂРћЂРћЂРћЂРћЂРћЂРћЂРћЂРћЂРћЂРћЂРћЂРћЂРћЂРћЂРћЂРћЂРћЂРћЂРћЂРћЂРћЂРћЂРћЂРћЂРћЂРћЂРћЂРћЂРћЂРћЂРћЂРћЂРћЂРћЂРћЂРћЂРћЂРћЂРћЂРћЂРћЂ
[09:12:48] [INFO    ]   ­ЪїЇ  CLIMATE-FED ORCHESTRATOR v2.0  Рћђ  Carbon-Aware FL Platform
[09:12:48] [INFO    ] РћЂРћЂРћЂРћЂРћЂРћЂРћЂРћЂРћЂРћЂРћЂРћЂРћЂРћЂРћЂРћЂРћЂРћЂРћЂРћЂРћЂРћЂРћЂРћЂРћЂРћЂРћЂРћЂРћЂРћЂРћЂРћЂРћЂРћЂРћЂРћЂРћЂРћЂРћЂРћЂРћЂРћЂРћЂРћЂРћЂРћЂРћЂРћЂРћЂРћЂРћЂРћЂРћЂРћЂРћЂРћЂРћЂРћЂРћЂРћЂРћЂРћЂРћЂРћЂРћЂРћЂРћЂРћЂРћЂРћЂ
[09:12:48] [INFO    ]   Mode: NAIVE | Rounds: 10 | Seed: 101112
[09:12:48] [INFO    ]   Device: cpu
[09:12:48] [INFO    ] 
  Initializing Renewable Grid...
[09:12:48] [INFO    ]     РюЊ Node-0: Oslo, Norway (Solar: 12%, Wind: 68%, Grid: 120g COРѓѓ/kWh)
[09:12:48] [INFO    ]     РюЊ Node-1: Melbourne, Australia (Solar: 45%, Wind: 23%, Grid: 850g COРѓѓ/kWh)
[09:12:48] [INFO    ]     РюЊ Node-2: San Jos├Е, Costa Rica (Solar: 34%, Wind: 12%, Grid: 40g COРѓѓ/kWh)
[09:12:48] [INFO    ]     РюЊ Node-3: London, United Kingdom (Solar: 15%, Wind: 35%, Grid: 220g COРѓѓ/kWh)
[09:12:48] [INFO    ] 
  GreenNet-Mini: 105,914 parameters | ~2.1 MFLOPs per forward pass
[09:12:48] [INFO    ] 
  Partitioning MNIST (Dirichlet ╬▒=0.5, Non-IID)...
[09:12:48] [INFO    ] [Oslo] 3000 samples | Classes: [0, 1, 2, 3, 4, 5, 6, 7, 8, 9] | Distribution: [381, 1510, 37, 58, 595, 46, 5, 231, 136, 1]
[09:12:48] [INFO    ] [Melbourne] 2000 samples | Classes: [0, 1, 2, 3, 4] | Distribution: [1427, 53, 157, 165, 198, 0, 0, 0, 0, 0]
[09:12:48] [INFO    ] [San Jos├Е] 1000 samples | Classes: [5, 6, 7, 8, 9] | Distribution: [0, 0, 0, 0, 0, 300, 19, 305, 176, 200]
[09:12:48] [INFO    ] [London] 1500 samples | Classes: [0, 2, 4, 6, 8] | Distribution: [87, 0, 56, 0, 1067, 0, 114, 0, 176, 0]
[09:12:48] [INFO    ] 
РЋљРЋљРЋљРЋљРЋљРЋљРЋљРЋљРЋљРЋљРЋљРЋљРЋљРЋљРЋљРЋљРЋљРЋљРЋљРЋљРЋљРЋљРЋљРЋљРЋљРЋљРЋљРЋљРЋљРЋљРЋљРЋљРЋљРЋљРЋљРЋљРЋљРЋљРЋљРЋљРЋљРЋљРЋљРЋљРЋљРЋљРЋљРЋљРЋљРЋљРЋљРЋљРЋљРЋљРЋљРЋљРЋљРЋљРЋљРЋљРЋљРЋљРЋљРЋљРЋљРЋљРЋљРЋљРЋљРЋљ
[09:12:48] [INFO    ]   ­Ъћх Arm: Naive Carbon-Aware
[09:12:48] [INFO    ] РЋљРЋљРЋљРЋљРЋљРЋљРЋљРЋљРЋљРЋљРЋљРЋљРЋљРЋљРЋљРЋљРЋљРЋљРЋљРЋљРЋљРЋљРЋљРЋљРЋљРЋљРЋљРЋљРЋљРЋљРЋљРЋљРЋљРЋљРЋљРЋљРЋљРЋљРЋљРЋљРЋљРЋљРЋљРЋљРЋљРЋљРЋљРЋљРЋљРЋљРЋљРЋљРЋљРЋљРЋљРЋљРЋљРЋљРЋљРЋљРЋљРЋљРЋљРЋљРЋљРЋљРЋљРЋљРЋљРЋљ
[09:12:48] [INFO    ] 
Round 01/10 Рћѓ Naive Carbon-Aware
[09:12:49] [INFO    ]   Node 0 Oslo       ­Ъї▒ TRAIN  (Renewable: 0.45 | Carbon: 77g COРѓѓ/kWh | Mix: Рўђ0% ­Ъїг44% ­Ъфе55%)
[09:12:49] [INFO    ]     РћћРћђ Acc=0.7587 | Loss=0.8579 | Compress=1.00
[09:12:50] [INFO    ]   Node 1 Melbourne  ­Ъї▒ TRAIN  (Renewable: 0.51 | Carbon: 502g COРѓѓ/kWh | Mix: Рўђ45% ­Ъїг6% ­Ъфе49%)
[09:12:50] [INFO    ]     РћћРћђ Acc=0.7400 | Loss=0.8425 | Compress=0.10
[09:12:50] [INFO    ]   Node 2 San Jos├Е   РЏћ IDLE (Naive: score 0.08 < threshold 0.25)
[09:12:50] [INFO    ]   Node 3 London     РЏћ IDLE (Naive: score 0.16 < threshold 0.25)
[09:12:52] [INFO    ] [Round 1] Aggregated 2 node(s) via renewable_weighted Рєњ Acc=0.4648 Loss=2.0943
[09:12:52] [INFO    ]   Рќ║ Global Acc=0.4648 | Participants=2/4 | Energy=3.0800 kWh | COРѓѓ=866.98g
[09:12:52] [INFO    ] 
Round 02/10 Рћѓ Naive Carbon-Aware
[09:12:53] [INFO    ]   Node 0 Oslo       ­Ъї▒ TRAIN  (Renewable: 0.42 | Carbon: 80g COРѓѓ/kWh | Mix: Рўђ1% ­Ъїг41% ­Ъфе59%)
[09:12:53] [INFO    ]     РћћРћђ Acc=0.9107 | Loss=0.3248 | Compress=1.00
[09:12:53] [INFO    ]   Node 1 Melbourne  РЏћ IDLE (Naive: score 0.24 < threshold 0.25)
[09:12:53] [INFO    ]   Node 2 San Jos├Е   РЏћ IDLE (Naive: score 0.09 < threshold 0.25)
[09:12:53] [INFO    ]   Node 3 London     РЏћ IDLE (Naive: score 0.18 < threshold 0.25)
[09:12:54] [INFO    ] [Round 2] Aggregated 1 node(s) via renewable_weighted Рєњ Acc=0.6059 Loss=2.0269
[09:12:54] [INFO    ]   Рќ║ Global Acc=0.6059 | Participants=1/4 | Energy=1.6800 kWh | COРѓѓ=181.58g
[09:12:54] [INFO    ] 
Round 03/10 Рћѓ Naive Carbon-Aware
[09:12:55] [INFO    ]   Node 0 Oslo       ­Ъї▒ TRAIN  (Renewable: 0.44 | Carbon: 78g COРѓѓ/kWh | Mix: Рўђ5% ­Ъїг39% ­Ъфе56%)
[09:12:55] [INFO    ]     РћћРћђ Acc=0.9447 | Loss=0.1856 | Compress=1.00
[09:12:55] [INFO    ]   Node 1 Melbourne  РЏћ IDLE (Naive: score 0.11 < threshold 0.25)
[09:12:55] [INFO    ]   Node 2 San Jos├Е   РЏћ IDLE (Naive: score 0.12 < threshold 0.25)
[09:12:55] [INFO    ]   Node 3 London     РЏћ IDLE (Naive: score 0.24 < threshold 0.25)
[09:12:57] [INFO    ] [Round 3] Aggregated 1 node(s) via renewable_weighted Рєњ Acc=0.6556 Loss=1.8275
[09:12:57] [INFO    ]   Рќ║ Global Acc=0.6556 | Participants=1/4 | Energy=1.6800 kWh | COРѓѓ=183.32g
[09:12:57] [INFO    ] 
Round 04/10 Рћѓ Naive Carbon-Aware
[09:12:58] [INFO    ]   Node 0 Oslo       ­Ъї▒ TRAIN  (Renewable: 0.39 | Carbon: 83g COРѓѓ/kWh | Mix: Рўђ11% ­Ъїг27% ­Ъфе62%)
[09:12:58] [INFO    ]     РћћРћђ Acc=0.9663 | Loss=0.1267 | Compress=1.00
[09:12:58] [INFO    ]   Node 1 Melbourne  РЏћ IDLE (Naive: score 0.11 < threshold 0.25)
[09:12:58] [INFO    ]   Node 2 San Jos├Е   РЏћ IDLE (Naive: score 0.07 < threshold 0.25)
[09:12:58] [INFO    ]   Node 3 London     ­Ъї▒ TRAIN  (Renewable: 0.30 | Carbon: 167g COРѓѓ/kWh | Mix: Рўђ12% ­Ъїг18% ­Ъфе70%)
[09:12:58] [INFO    ]     РћћРћђ Acc=0.9080 | Loss=0.3770 | Compress=1.00
[09:13:00] [INFO    ] [Round 4] Aggregated 2 node(s) via renewable_weighted Рєњ Acc=0.6665 Loss=1.7484
[09:13:00] [INFO    ]   Рќ║ Global Acc=0.6665 | Participants=2/4 | Energy=3.0800 kWh | COРѓѓ=424.36g
[09:13:00] [INFO    ] 
Round 05/10 Рћѓ Naive Carbon-Aware
[09:13:01] [INFO    ]   Node 0 Oslo       ­Ъї▒ TRAIN  (Renewable: 0.35 | Carbon: 86g COРѓѓ/kWh | Mix: Рўђ12% ­Ъїг22% ­Ъфе66%)
[09:13:01] [INFO    ]     РћћРћђ Acc=0.9640 | Loss=0.1252 | Compress=1.00
[09:13:01] [INFO    ]   Node 1 Melbourne  РЏћ IDLE (Naive: score 0.15 < threshold 0.25)
[09:13:01] [INFO    ]   Node 2 San Jos├Е   РЏћ IDLE (Naive: score 0.11 < threshold 0.25)
[09:13:02] [INFO    ]   Node 3 London     ­Ъї▒ TRAIN  (Renewable: 0.37 | Carbon: 155g COРѓѓ/kWh | Mix: Рўђ15% ­Ъїг21% ­Ъфе64%)
[09:13:02] [INFO    ]     РћћРћђ Acc=0.9233 | Loss=0.2757 | Compress=1.00
[09:13:03] [INFO    ] [Round 5] Aggregated 2 node(s) via renewable_weighted Рєњ Acc=0.6523 Loss=1.6472
[09:13:03] [INFO    ]   Рќ║ Global Acc=0.6523 | Participants=2/4 | Energy=3.0800 kWh | COРѓѓ=409.71g
[09:13:03] [INFO    ] 
Round 06/10 Рћѓ Naive Carbon-Aware
[09:13:04] [INFO    ]   Node 0 Oslo       ­Ъї▒ TRAIN  (Renewable: 0.46 | Carbon: 76g COРѓѓ/kWh | Mix: Рўђ5% ­Ъїг40% ­Ъфе55%)
[09:13:04] [INFO    ]     РћћРћђ Acc=0.9673 | Loss=0.1115 | Compress=1.00
[09:13:04] [INFO    ]   Node 1 Melbourne  РЏћ IDLE (Naive: score 0.17 < threshold 0.25)
[09:13:05] [INFO    ]   Node 2 San Jos├Е   ­Ъї▒ TRAIN  (Renewable: 0.27 | Carbon: 31g COРѓѓ/kWh | Mix: Рўђ20% ­Ъїг6% ­Ъфе74%)
[09:13:05] [INFO    ]     РћћРћђ Acc=0.6560 | Loss=1.5134 | Compress=1.00
[09:13:05] [INFO    ]   Node 3 London     ­Ъї▒ TRAIN  (Renewable: 0.30 | Carbon: 166g COРѓѓ/kWh | Mix: Рўђ11% ­Ъїг18% ­Ъфе70%)
[09:13:05] [INFO    ]     РћћРћђ Acc=0.9393 | Loss=0.1942 | Compress=1.00
[09:13:07] [INFO    ] [Round 6] Aggregated 3 node(s) via renewable_weighted Рєњ Acc=0.7583 Loss=1.0997
[09:13:07] [INFO    ]   Рќ║ Global Acc=0.7583 | Participants=3/4 | Energy=4.4800 kWh | COРѓѓ=454.09g
[09:13:07] [INFO    ] 
Round 07/10 Рћѓ Naive Carbon-Aware
[09:13:08] [INFO    ]   Node 0 Oslo       ­Ъї▒ TRAIN  (Renewable: 0.40 | Carbon: 82g COРѓѓ/kWh | Mix: Рўђ0% ­Ъїг39% ­Ъфе61%)
[09:13:08] [INFO    ]     РћћРћђ Acc=0.9753 | Loss=0.0871 | Compress=1.00
[09:13:08] [INFO    ]   Node 1 Melbourne  РЏћ IDLE (Naive: score 0.18 < threshold 0.25)
[09:13:08] [INFO    ]   Node 2 San Jos├Е   ­Ъї▒ TRAIN  (Renewable: 0.41 | Carbon: 27g COРѓѓ/kWh | Mix: Рўђ34% ­Ъїг6% ­Ъфе60%)
[09:13:08] [INFO    ]     РћћРћђ Acc=0.7150 | Loss=1.0867 | Compress=1.00
[09:13:08] [INFO    ]   Node 3 London     РЏћ IDLE (Naive: score 0.18 < threshold 0.25)
[09:13:10] [INFO    ] [Round 7] Aggregated 2 node(s) via renewable_weighted Рєњ Acc=0.7523 Loss=0.8732
[09:13:10] [INFO    ]   Рќ║ Global Acc=0.7523 | Participants=2/4 | Energy=3.0800 kWh | COРѓѓ=223.60g
[09:13:10] [INFO    ] 
Round 08/10 Рћѓ Naive Carbon-Aware
[09:13:11] [INFO    ]   Node 0 Oslo       ­Ъї▒ TRAIN  (Renewable: 0.32 | Carbon: 89g COРѓѓ/kWh | Mix: Рўђ0% ­Ъїг31% ­Ъфе69%)
[09:13:11] [INFO    ]     РћћРћђ Acc=0.9763 | Loss=0.0782 | Compress=1.00
[09:13:11] [INFO    ]   Node 1 Melbourne  РЏћ IDLE (Naive: score 0.21 < threshold 0.25)
[09:13:11] [INFO    ]   Node 2 San Jos├Е   ­Ъї▒ TRAIN  (Renewable: 0.40 | Carbon: 27g COРѓѓ/kWh | Mix: Рўђ34% ­Ъїг5% ­Ъфе61%)
[09:13:11] [INFO    ]     РћћРћђ Acc=0.7890 | Loss=0.8107 | Compress=1.00
[09:13:11] [INFO    ]   Node 3 London     РЏћ IDLE (Naive: score 0.08 < threshold 0.25)
[09:13:13] [INFO    ] [Round 8] Aggregated 2 node(s) via renewable_weighted Рєњ Acc=0.7803 Loss=0.6753
[09:13:13] [INFO    ]   Рќ║ Global Acc=0.7803 | Participants=2/4 | Energy=3.0800 kWh | COРѓѓ=235.50g
[09:13:13] [INFO    ] 
Round 09/10 Рћѓ Naive Carbon-Aware
[09:13:14] [INFO    ]   Node 0 Oslo       ­Ъї▒ TRAIN  (Renewable: 0.41 | Carbon: 81g COРѓѓ/kWh | Mix: Рўђ0% ­Ъїг40% ­Ъфе60%)
[09:13:14] [INFO    ]     РћћРћђ Acc=0.9753 | Loss=0.0817 | Compress=1.00
[09:13:14] [INFO    ]   Node 1 Melbourne  ­Ъї▒ TRAIN  (Renewable: 0.42 | Carbon: 564g COРѓѓ/kWh | Mix: Рўђ24% ­Ъїг17% ­Ъфе59%)
[09:13:14] [INFO    ]     РћћРћђ Acc=0.9695 | Loss=0.1008 | Compress=0.10
[09:13:14] [INFO    ]   Node 2 San Jos├Е   РЏћ IDLE (Naive: score 0.24 < threshold 0.25)
[09:13:14] [INFO    ]   Node 3 London     РЏћ IDLE (Naive: score 0.07 < threshold 0.25)
[09:13:16] [INFO    ] [Round 9] Aggregated 2 node(s) via renewable_weighted Рєњ Acc=0.7167 Loss=1.1421
[09:13:16] [INFO    ]   Рќ║ Global Acc=0.7167 | Participants=2/4 | Energy=3.0800 kWh | COРѓѓ=964.90g
[09:13:16] [INFO    ] 
Round 10/10 Рћѓ Naive Carbon-Aware
[09:13:17] [INFO    ]   Node 0 Oslo       ­Ъї▒ TRAIN  (Renewable: 0.37 | Carbon: 85g COРѓѓ/kWh | Mix: Рўђ1% ­Ъїг35% ­Ъфе64%)
[09:13:17] [INFO    ]     РћћРћђ Acc=0.9813 | Loss=0.0634 | Compress=1.00
[09:13:18] [INFO    ]   Node 1 Melbourne  ­Ъї▒ TRAIN  (Renewable: 0.56 | Carbon: 470g COРѓѓ/kWh | Mix: Рўђ44% ­Ъїг11% ­Ъфе45%)
[09:13:18] [INFO    ]     РћћРћђ Acc=0.9835 | Loss=0.0664 | Compress=0.10
[09:13:18] [INFO    ]   Node 2 San Jos├Е   РЏћ IDLE (Naive: score 0.13 < threshold 0.25)
[09:13:18] [INFO    ]   Node 3 London     РЏћ IDLE (Naive: score 0.10 < threshold 0.25)
[09:13:20] [INFO    ] [Round 10] Aggregated 2 node(s) via renewable_weighted Рєњ Acc=0.6992 Loss=1.3291
[09:13:20] [INFO    ]   Рќ║ Global Acc=0.6992 | Participants=2/4 | Energy=3.0800 kWh | COРѓѓ=831.93g
[09:13:20] [INFO    ] 
  ­ЪЊЮ Technical report Рєњ results_experiment/B_101112/reports/technical_report.md
[09:13:20] [INFO    ]   ­ЪЊІ Metrics JSON Рєњ results_experiment/B_101112/metrics/experiment_results.json
[09:13:20] [INFO    ] 
  РЈ▒  Total execution: 31.4s
[09:13:20] [INFO    ] РћЂРћЂРћЂРћЂРћЂРћЂРћЂРћЂРћЂРћЂРћЂРћЂРћЂРћЂРћЂРћЂРћЂРћЂРћЂРћЂРћЂРћЂРћЂРћЂРћЂРћЂРћЂРћЂРћЂРћЂРћЂРћЂРћЂРћЂРћЂРћЂРћЂРћЂРћЂРћЂРћЂРћЂРћЂРћЂРћЂРћЂРћЂРћЂРћЂРћЂРћЂРћЂРћЂРћЂРћЂРћЂРћЂРћЂРћЂРћЂРћЂРћЂРћЂРћЂРћЂРћЂРћЂРћЂРћЂРћЂ
[09:13:20] [INFO    ]   ­Ъї▒ Training complete. The planet thanks you.
[09:13:20] [INFO    ] РћЂРћЂРћЂРћЂРћЂРћЂРћЂРћЂРћЂРћЂРћЂРћЂРћЂРћЂРћЂРћЂРћЂРћЂРћЂРћЂРћЂРћЂРћЂРћЂРћЂРћЂРћЂРћЂРћЂРћЂРћЂРћЂРћЂРћЂРћЂРћЂРћЂРћЂРћЂРћЂРћЂРћЂРћЂРћЂРћЂРћЂРћЂРћЂРћЂРћЂРћЂРћЂРћЂРћЂРћЂРћЂРћЂРћЂРћЂРћЂРћЂРћЂРћЂРћЂРћЂРћЂРћЂРћЂРћЂРћЂ

[09:24:10] [INFO    ] РћЂРћЂРћЂРћЂРћЂРћЂРћЂРћЂРћЂРћЂРћЂРћЂРћЂРћЂРћЂРћЂРћЂРћЂРћЂРћЂРћЂРћЂРћЂРћЂРћЂРћЂРћЂРћЂРћЂРћЂРћЂРћЂРћЂРћЂРћЂРћЂРћЂРћЂРћЂРћЂРћЂРћЂРћЂРћЂРћЂРћЂРћЂРћЂРћЂРћЂРћЂРћЂРћЂРћЂРћЂРћЂРћЂРћЂРћЂРћЂРћЂРћЂРћЂРћЂРћЂРћЂРћЂРћЂРћЂРћЂ
[09:24:10] [INFO    ]   ­ЪїЇ  CLIMATE-FED ORCHESTRATOR v2.0  Рћђ  Carbon-Aware FL Platform
[09:24:10] [INFO    ] РћЂРћЂРћЂРћЂРћЂРћЂРћЂРћЂРћЂРћЂРћЂРћЂРћЂРћЂРћЂРћЂРћЂРћЂРћЂРћЂРћЂРћЂРћЂРћЂРћЂРћЂРћЂРћЂРћЂРћЂРћЂРћЂРћЂРћЂРћЂРћЂРћЂРћЂРћЂРћЂРћЂРћЂРћЂРћЂРћЂРћЂРћЂРћЂРћЂРћЂРћЂРћЂРћЂРћЂРћЂРћЂРћЂРћЂРћЂРћЂРћЂРћЂРћЂРћЂРћЂРћЂРћЂРћЂРћЂРћЂ
[09:24:10] [INFO    ]   Mode: NAIVE | Rounds: 10 | Seed: 101112
[09:24:10] [INFO    ]   Device: cpu
[09:24:10] [INFO    ] 
  Initializing Renewable Grid...
[09:24:10] [INFO    ]     РюЊ Node-0: Oslo, Norway (Solar: 12%, Wind: 68%, Grid: 120g COРѓѓ/kWh)
[09:24:10] [INFO    ]     РюЊ Node-1: Melbourne, Australia (Solar: 45%, Wind: 23%, Grid: 850g COРѓѓ/kWh)
[09:24:10] [INFO    ]     РюЊ Node-2: San Jos├Е, Costa Rica (Solar: 34%, Wind: 12%, Grid: 40g COРѓѓ/kWh)
[09:24:10] [INFO    ]     РюЊ Node-3: London, United Kingdom (Solar: 15%, Wind: 35%, Grid: 220g COРѓѓ/kWh)
[09:24:10] [INFO    ] 
  GreenNet-Mini: 105,914 parameters | ~2.1 MFLOPs per forward pass
[09:24:10] [INFO    ] 
  Partitioning MNIST (Dirichlet ╬▒=0.5, Non-IID)...
[09:24:10] [INFO    ] [Oslo] 3000 samples | Classes: [0, 1, 2, 3, 4, 5, 6, 7, 8, 9] | Distribution: [381, 1510, 37, 58, 595, 46, 5, 231, 136, 1]
[09:24:10] [INFO    ] [Melbourne] 2000 samples | Classes: [0, 1, 2, 3, 4] | Distribution: [1427, 53, 157, 165, 198, 0, 0, 0, 0, 0]
[09:24:10] [INFO    ] [San Jos├Е] 1000 samples | Classes: [5, 6, 7, 8, 9] | Distribution: [0, 0, 0, 0, 0, 300, 19, 305, 176, 200]
[09:24:10] [INFO    ] [London] 1500 samples | Classes: [0, 2, 4, 6, 8] | Distribution: [87, 0, 56, 0, 1067, 0, 114, 0, 176, 0]
[09:24:10] [INFO    ] 
РЋљРЋљРЋљРЋљРЋљРЋљРЋљРЋљРЋљРЋљРЋљРЋљРЋљРЋљРЋљРЋљРЋљРЋљРЋљРЋљРЋљРЋљРЋљРЋљРЋљРЋљРЋљРЋљРЋљРЋљРЋљРЋљРЋљРЋљРЋљРЋљРЋљРЋљРЋљРЋљРЋљРЋљРЋљРЋљРЋљРЋљРЋљРЋљРЋљРЋљРЋљРЋљРЋљРЋљРЋљРЋљРЋљРЋљРЋљРЋљРЋљРЋљРЋљРЋљРЋљРЋљРЋљРЋљРЋљРЋљ
[09:24:10] [INFO    ]   ­Ъћх Arm: Naive Carbon-Aware
[09:24:10] [INFO    ] РЋљРЋљРЋљРЋљРЋљРЋљРЋљРЋљРЋљРЋљРЋљРЋљРЋљРЋљРЋљРЋљРЋљРЋљРЋљРЋљРЋљРЋљРЋљРЋљРЋљРЋљРЋљРЋљРЋљРЋљРЋљРЋљРЋљРЋљРЋљРЋљРЋљРЋљРЋљРЋљРЋљРЋљРЋљРЋљРЋљРЋљРЋљРЋљРЋљРЋљРЋљРЋљРЋљРЋљРЋљРЋљРЋљРЋљРЋљРЋљРЋљРЋљРЋљРЋљРЋљРЋљРЋљРЋљРЋљРЋљ
[09:24:10] [INFO    ] 
Round 01/10 Рћѓ Naive Carbon-Aware
[09:24:11] [INFO    ]   Node 0 Oslo       ­Ъї▒ TRAIN  (Renewable: 0.45 | Carbon: 77g COРѓѓ/kWh | Mix: Рўђ0% ­Ъїг44% ­Ъфе55%)
[09:24:11] [INFO    ]     РћћРћђ Acc=0.7587 | Loss=0.8579 | Compress=1.00
[09:24:11] [INFO    ]   Node 1 Melbourne  ­Ъї▒ TRAIN  (Renewable: 0.51 | Carbon: 502g COРѓѓ/kWh | Mix: Рўђ45% ­Ъїг6% ­Ъфе49%)
[09:24:11] [INFO    ]     РћћРћђ Acc=0.7400 | Loss=0.8425 | Compress=0.10
[09:24:11] [INFO    ]   Node 2 San Jos├Е   РЏћ IDLE (Naive: score 0.08 < threshold 0.25)
[09:24:11] [INFO    ]   Node 3 London     РЏћ IDLE (Naive: score 0.16 < threshold 0.25)
[09:24:13] [INFO    ] [Round 1] Aggregated 2 node(s) via renewable_weighted Рєњ Acc=0.4648 Loss=2.0943
[09:24:13] [INFO    ]   Рќ║ Global Acc=0.4648 | Participants=2/4 | Energy=3.0800 kWh | COРѓѓ=866.98g
[09:24:13] [INFO    ] 
Round 02/10 Рћѓ Naive Carbon-Aware
[09:24:14] [INFO    ]   Node 0 Oslo       ­Ъї▒ TRAIN  (Renewable: 0.42 | Carbon: 80g COРѓѓ/kWh | Mix: Рўђ1% ­Ъїг41% ­Ъфе59%)
[09:24:14] [INFO    ]     РћћРћђ Acc=0.9107 | Loss=0.3248 | Compress=1.00
[09:24:14] [INFO    ]   Node 1 Melbourne  РЏћ IDLE (Naive: score 0.24 < threshold 0.25)
[09:24:14] [INFO    ]   Node 2 San Jos├Е   РЏћ IDLE (Naive: score 0.09 < threshold 0.25)
[09:24:14] [INFO    ]   Node 3 London     РЏћ IDLE (Naive: score 0.18 < threshold 0.25)
[09:24:16] [INFO    ] [Round 2] Aggregated 1 node(s) via renewable_weighted Рєњ Acc=0.6059 Loss=2.0269
[09:24:16] [INFO    ]   Рќ║ Global Acc=0.6059 | Participants=1/4 | Energy=1.6800 kWh | COРѓѓ=181.58g
[09:24:16] [INFO    ] 
Round 03/10 Рћѓ Naive Carbon-Aware
[09:24:17] [INFO    ]   Node 0 Oslo       ­Ъї▒ TRAIN  (Renewable: 0.44 | Carbon: 78g COРѓѓ/kWh | Mix: Рўђ5% ­Ъїг39% ­Ъфе56%)
[09:24:17] [INFO    ]     РћћРћђ Acc=0.9447 | Loss=0.1856 | Compress=1.00
[09:24:17] [INFO    ]   Node 1 Melbourne  РЏћ IDLE (Naive: score 0.11 < threshold 0.25)
[09:24:17] [INFO    ]   Node 2 San Jos├Е   РЏћ IDLE (Naive: score 0.12 < threshold 0.25)
[09:24:17] [INFO    ]   Node 3 London     РЏћ IDLE (Naive: score 0.24 < threshold 0.25)
[09:24:19] [INFO    ] [Round 3] Aggregated 1 node(s) via renewable_weighted Рєњ Acc=0.6556 Loss=1.8275
[09:24:19] [INFO    ]   Рќ║ Global Acc=0.6556 | Participants=1/4 | Energy=1.6800 kWh | COРѓѓ=183.32g
[09:24:19] [INFO    ] 
Round 04/10 Рћѓ Naive Carbon-Aware
[09:24:20] [INFO    ]   Node 0 Oslo       ­Ъї▒ TRAIN  (Renewable: 0.39 | Carbon: 83g COРѓѓ/kWh | Mix: Рўђ11% ­Ъїг27% ­Ъфе62%)
[09:24:20] [INFO    ]     РћћРћђ Acc=0.9663 | Loss=0.1267 | Compress=1.00
[09:24:20] [INFO    ]   Node 1 Melbourne  РЏћ IDLE (Naive: score 0.11 < threshold 0.25)
[09:24:20] [INFO    ]   Node 2 San Jos├Е   РЏћ IDLE (Naive: score 0.07 < threshold 0.25)
[09:24:20] [INFO    ]   Node 3 London     ­Ъї▒ TRAIN  (Renewable: 0.30 | Carbon: 167g COРѓѓ/kWh | Mix: Рўђ12% ­Ъїг18% ­Ъфе70%)
[09:24:20] [INFO    ]     РћћРћђ Acc=0.9080 | Loss=0.3770 | Compress=1.00
[09:24:22] [INFO    ] [Round 4] Aggregated 2 node(s) via renewable_weighted Рєњ Acc=0.6665 Loss=1.7484
[09:24:22] [INFO    ]   Рќ║ Global Acc=0.6665 | Participants=2/4 | Energy=3.0800 kWh | COРѓѓ=424.36g
[09:24:22] [INFO    ] 
Round 05/10 Рћѓ Naive Carbon-Aware
[09:24:23] [INFO    ]   Node 0 Oslo       ­Ъї▒ TRAIN  (Renewable: 0.35 | Carbon: 86g COРѓѓ/kWh | Mix: Рўђ12% ­Ъїг22% ­Ъфе66%)
[09:24:23] [INFO    ]     РћћРћђ Acc=0.9640 | Loss=0.1252 | Compress=1.00
[09:24:23] [INFO    ]   Node 1 Melbourne  РЏћ IDLE (Naive: score 0.15 < threshold 0.25)
[09:24:23] [INFO    ]   Node 2 San Jos├Е   РЏћ IDLE (Naive: score 0.11 < threshold 0.25)
[09:24:23] [INFO    ]   Node 3 London     ­Ъї▒ TRAIN  (Renewable: 0.37 | Carbon: 155g COРѓѓ/kWh | Mix: Рўђ15% ­Ъїг21% ­Ъфе64%)
[09:24:23] [INFO    ]     РћћРћђ Acc=0.9233 | Loss=0.2757 | Compress=1.00
[09:24:25] [INFO    ] [Round 5] Aggregated 2 node(s) via renewable_weighted Рєњ Acc=0.6523 Loss=1.6472
[09:24:25] [INFO    ]   Рќ║ Global Acc=0.6523 | Participants=2/4 | Energy=3.0800 kWh | COРѓѓ=409.71g
[09:24:25] [INFO    ] 
Round 06/10 Рћѓ Naive Carbon-Aware
[09:24:26] [INFO    ]   Node 0 Oslo       ­Ъї▒ TRAIN  (Renewable: 0.46 | Carbon: 76g COРѓѓ/kWh | Mix: Рўђ5% ­Ъїг40% ­Ъфе55%)
[09:24:26] [INFO    ]     РћћРћђ Acc=0.9673 | Loss=0.1115 | Compress=1.00
[09:24:26] [INFO    ]   Node 1 Melbourne  РЏћ IDLE (Naive: score 0.17 < threshold 0.25)
[09:24:26] [INFO    ]   Node 2 San Jos├Е   ­Ъї▒ TRAIN  (Renewable: 0.27 | Carbon: 31g COРѓѓ/kWh | Mix: Рўђ20% ­Ъїг6% ­Ъфе74%)
[09:24:26] [INFO    ]     РћћРћђ Acc=0.6560 | Loss=1.5134 | Compress=1.00
[09:24:27] [INFO    ]   Node 3 London     ­Ъї▒ TRAIN  (Renewable: 0.30 | Carbon: 166g COРѓѓ/kWh | Mix: Рўђ11% ­Ъїг18% ­Ъфе70%)
[09:24:27] [INFO    ]     РћћРћђ Acc=0.9393 | Loss=0.1942 | Compress=1.00
[09:24:29] [INFO    ] [Round 6] Aggregated 3 node(s) via renewable_weighted Рєњ Acc=0.7583 Loss=1.0997
[09:24:29] [INFO    ]   Рќ║ Global Acc=0.7583 | Participants=3/4 | Energy=4.4800 kWh | COРѓѓ=454.09g
[09:24:29] [INFO    ] 
Round 07/10 Рћѓ Naive Carbon-Aware
[09:24:29] [INFO    ]   Node 0 Oslo       ­Ъї▒ TRAIN  (Renewable: 0.40 | Carbon: 82g COРѓѓ/kWh | Mix: Рўђ0% ­Ъїг39% ­Ъфе61%)
[09:24:29] [INFO    ]     РћћРћђ Acc=0.9753 | Loss=0.0871 | Compress=1.00
[09:24:29] [INFO    ]   Node 1 Melbourne  РЏћ IDLE (Naive: score 0.18 < threshold 0.25)
[09:24:30] [INFO    ]   Node 2 San Jos├Е   ­Ъї▒ TRAIN  (Renewable: 0.41 | Carbon: 27g COРѓѓ/kWh | Mix: Рўђ34% ­Ъїг6% ­Ъфе60%)
[09:24:30] [INFO    ]     РћћРћђ Acc=0.7150 | Loss=1.0867 | Compress=1.00
[09:24:30] [INFO    ]   Node 3 London     РЏћ IDLE (Naive: score 0.18 < threshold 0.25)
[09:24:32] [INFO    ] [Round 7] Aggregated 2 node(s) via renewable_weighted Рєњ Acc=0.7523 Loss=0.8732
[09:24:32] [INFO    ]   Рќ║ Global Acc=0.7523 | Participants=2/4 | Energy=3.0800 kWh | COРѓѓ=223.60g
[09:24:32] [INFO    ] 
Round 08/10 Рћѓ Naive Carbon-Aware
[09:24:32] [INFO    ]   Node 0 Oslo       ­Ъї▒ TRAIN  (Renewable: 0.32 | Carbon: 89g COРѓѓ/kWh | Mix: Рўђ0% ­Ъїг31% ­Ъфе69%)
[09:24:32] [INFO    ]     РћћРћђ Acc=0.9763 | Loss=0.0782 | Compress=1.00
[09:24:32] [INFO    ]   Node 1 Melbourne  РЏћ IDLE (Naive: score 0.21 < threshold 0.25)
[09:24:33] [INFO    ]   Node 2 San Jos├Е   ­Ъї▒ TRAIN  (Renewable: 0.40 | Carbon: 27g COРѓѓ/kWh | Mix: Рўђ34% ­Ъїг5% ­Ъфе61%)
[09:24:33] [INFO    ]     РћћРћђ Acc=0.7890 | Loss=0.8107 | Compress=1.00
[09:24:33] [INFO    ]   Node 3 London     РЏћ IDLE (Naive: score 0.08 < threshold 0.25)
[09:24:35] [INFO    ] [Round 8] Aggregated 2 node(s) via renewable_weighted Рєњ Acc=0.7803 Loss=0.6753
[09:24:35] [INFO    ]   Рќ║ Global Acc=0.7803 | Participants=2/4 | Energy=3.0800 kWh | COРѓѓ=235.50g
[09:24:35] [INFO    ] 
Round 09/10 Рћѓ Naive Carbon-Aware
[09:24:35] [INFO    ]   Node 0 Oslo       ­Ъї▒ TRAIN  (Renewable: 0.41 | Carbon: 81g COРѓѓ/kWh | Mix: Рўђ0% ­Ъїг40% ­Ъфе60%)
[09:24:35] [INFO    ]     РћћРћђ Acc=0.9753 | Loss=0.0817 | Compress=1.00
[09:24:36] [INFO    ]   Node 1 Melbourne  ­Ъї▒ TRAIN  (Renewable: 0.42 | Carbon: 564g COРѓѓ/kWh | Mix: Рўђ24% ­Ъїг17% ­Ъфе59%)
[09:24:36] [INFO    ]     РћћРћђ Acc=0.9695 | Loss=0.1008 | Compress=0.10
[09:24:36] [INFO    ]   Node 2 San Jos├Е   РЏћ IDLE (Naive: score 0.24 < threshold 0.25)
[09:24:36] [INFO    ]   Node 3 London     РЏћ IDLE (Naive: score 0.07 < threshold 0.25)
[09:24:38] [INFO    ] [Round 9] Aggregated 2 node(s) via renewable_weighted Рєњ Acc=0.7167 Loss=1.1421
[09:24:38] [INFO    ]   Рќ║ Global Acc=0.7167 | Participants=2/4 | Energy=3.0800 kWh | COРѓѓ=964.90g
[09:24:38] [INFO    ] 
Round 10/10 Рћѓ Naive Carbon-Aware
[09:24:39] [INFO    ]   Node 0 Oslo       ­Ъї▒ TRAIN  (Renewable: 0.37 | Carbon: 85g COРѓѓ/kWh | Mix: Рўђ1% ­Ъїг35% ­Ъфе64%)
[09:24:39] [INFO    ]     РћћРћђ Acc=0.9813 | Loss=0.0634 | Compress=1.00
[09:24:39] [INFO    ]   Node 1 Melbourne  ­Ъї▒ TRAIN  (Renewable: 0.56 | Carbon: 470g COРѓѓ/kWh | Mix: Рўђ44% ­Ъїг11% ­Ъфе45%)
[09:24:39] [INFO    ]     РћћРћђ Acc=0.9835 | Loss=0.0664 | Compress=0.10
[09:24:39] [INFO    ]   Node 2 San Jos├Е   РЏћ IDLE (Naive: score 0.13 < threshold 0.25)
[09:24:39] [INFO    ]   Node 3 London     РЏћ IDLE (Naive: score 0.10 < threshold 0.25)
[09:24:41] [INFO    ] [Round 10] Aggregated 2 node(s) via renewable_weighted Рєњ Acc=0.6992 Loss=1.3291
[09:24:41] [INFO    ]   Рќ║ Global Acc=0.6992 | Participants=2/4 | Energy=3.0800 kWh | COРѓѓ=831.93g
[09:24:41] [INFO    ] 
  ­ЪЊЮ Technical report Рєњ results_experiment/B_101112/reports/technical_report.md
[09:24:41] [INFO    ]   ­ЪЊІ Metrics JSON Рєњ results_experiment/B_101112/metrics/experiment_results.json
[09:24:41] [INFO    ] 
  РЈ▒  Total execution: 31.4s
[09:24:41] [INFO    ] РћЂРћЂРћЂРћЂРћЂРћЂРћЂРћЂРћЂРћЂРћЂРћЂРћЂРћЂРћЂРћЂРћЂРћЂРћЂРћЂРћЂРћЂРћЂРћЂРћЂРћЂРћЂРћЂРћЂРћЂРћЂРћЂРћЂРћЂРћЂРћЂРћЂРћЂРћЂРћЂРћЂРћЂРћЂРћЂРћЂРћЂРћЂРћЂРћЂРћЂРћЂРћЂРћЂРћЂРћЂРћЂРћЂРћЂРћЂРћЂРћЂРћЂРћЂРћЂРћЂРћЂРћЂРћЂРћЂРћЂ
[09:24:41] [INFO    ]   ­Ъї▒ Training complete. The planet thanks you.
[09:24:41] [INFO    ] РћЂРћЂРћЂРћЂРћЂРћЂРћЂРћЂРћЂРћЂРћЂРћЂРћЂРћЂРћЂРћЂРћЂРћЂРћЂРћЂРћЂРћЂРћЂРћЂРћЂРћЂРћЂРћЂРћЂРћЂРћЂРћЂРћЂРћЂРћЂРћЂРћЂРћЂРћЂРћЂРћЂРћЂРћЂРћЂРћЂРћЂРћЂРћЂРћЂРћЂРћЂРћЂРћЂРћЂРћЂРћЂРћЂРћЂРћЂРћЂРћЂРћЂРћЂРћЂРћЂРћЂРћЂРћЂРћЂРћЂ

[09:47:22] [INFO    ] РћЂРћЂРћЂРћЂРћЂРћЂРћЂРћЂРћЂРћЂРћЂРћЂРћЂРћЂРћЂРћЂРћЂРћЂРћЂРћЂРћЂРћЂРћЂРћЂРћЂРћЂРћЂРћЂРћЂРћЂРћЂРћЂРћЂРћЂРћЂРћЂРћЂРћЂРћЂРћЂРћЂРћЂРћЂРћЂРћЂРћЂРћЂРћЂРћЂРћЂРћЂРћЂРћЂРћЂРћЂРћЂРћЂРћЂРћЂРћЂРћЂРћЂРћЂРћЂРћЂРћЂРћЂРћЂРћЂРћЂ
[09:47:22] [INFO    ]   ­ЪїЇ  CLIMATE-FED ORCHESTRATOR v2.0  Рћђ  Carbon-Aware FL Platform
[09:47:22] [INFO    ] РћЂРћЂРћЂРћЂРћЂРћЂРћЂРћЂРћЂРћЂРћЂРћЂРћЂРћЂРћЂРћЂРћЂРћЂРћЂРћЂРћЂРћЂРћЂРћЂРћЂРћЂРћЂРћЂРћЂРћЂРћЂРћЂРћЂРћЂРћЂРћЂРћЂРћЂРћЂРћЂРћЂРћЂРћЂРћЂРћЂРћЂРћЂРћЂРћЂРћЂРћЂРћЂРћЂРћЂРћЂРћЂРћЂРћЂРћЂРћЂРћЂРћЂРћЂРћЂРћЂРћЂРћЂРћЂРћЂРћЂ
[09:47:22] [INFO    ]   Mode: NAIVE | Rounds: 10 | Seed: 101112
[09:47:22] [INFO    ]   Device: cpu
[09:47:22] [INFO    ] 
  Initializing Renewable Grid...
[09:47:22] [INFO    ]     РюЊ Node-0: Oslo, Norway (Solar: 12%, Wind: 68%, Grid: 120g COРѓѓ/kWh)
[09:47:22] [INFO    ]     РюЊ Node-1: Melbourne, Australia (Solar: 45%, Wind: 23%, Grid: 850g COРѓѓ/kWh)
[09:47:22] [INFO    ]     РюЊ Node-2: San Jos├Е, Costa Rica (Solar: 34%, Wind: 12%, Grid: 40g COРѓѓ/kWh)
[09:47:22] [INFO    ]     РюЊ Node-3: London, United Kingdom (Solar: 15%, Wind: 35%, Grid: 220g COРѓѓ/kWh)
[09:47:22] [INFO    ] 
  GreenNet-Mini: 105,914 parameters | ~2.1 MFLOPs per forward pass
[09:47:22] [INFO    ] 
  Partitioning MNIST (Dirichlet ╬▒=0.5, Non-IID)...
[09:47:22] [INFO    ] [Oslo] 3000 samples | Classes: [0, 1, 2, 3, 4, 5, 6, 7, 8, 9] | Distribution: [381, 1510, 37, 58, 595, 46, 5, 231, 136, 1]
[09:47:22] [INFO    ] [Melbourne] 2000 samples | Classes: [0, 1, 2, 3, 4] | Distribution: [1427, 53, 157, 165, 198, 0, 0, 0, 0, 0]
[09:47:22] [INFO    ] [San Jos├Е] 1000 samples | Classes: [5, 6, 7, 8, 9] | Distribution: [0, 0, 0, 0, 0, 300, 19, 305, 176, 200]
[09:47:22] [INFO    ] [London] 1500 samples | Classes: [0, 2, 4, 6, 8] | Distribution: [87, 0, 56, 0, 1067, 0, 114, 0, 176, 0]
[09:47:22] [INFO    ] 
РЋљРЋљРЋљРЋљРЋљРЋљРЋљРЋљРЋљРЋљРЋљРЋљРЋљРЋљРЋљРЋљРЋљРЋљРЋљРЋљРЋљРЋљРЋљРЋљРЋљРЋљРЋљРЋљРЋљРЋљРЋљРЋљРЋљРЋљРЋљРЋљРЋљРЋљРЋљРЋљРЋљРЋљРЋљРЋљРЋљРЋљРЋљРЋљРЋљРЋљРЋљРЋљРЋљРЋљРЋљРЋљРЋљРЋљРЋљРЋљРЋљРЋљРЋљРЋљРЋљРЋљРЋљРЋљРЋљРЋљ
[09:47:22] [INFO    ]   ­Ъћх Arm: Naive Carbon-Aware
[09:47:22] [INFO    ] РЋљРЋљРЋљРЋљРЋљРЋљРЋљРЋљРЋљРЋљРЋљРЋљРЋљРЋљРЋљРЋљРЋљРЋљРЋљРЋљРЋљРЋљРЋљРЋљРЋљРЋљРЋљРЋљРЋљРЋљРЋљРЋљРЋљРЋљРЋљРЋљРЋљРЋљРЋљРЋљРЋљРЋљРЋљРЋљРЋљРЋљРЋљРЋљРЋљРЋљРЋљРЋљРЋљРЋљРЋљРЋљРЋљРЋљРЋљРЋљРЋљРЋљРЋљРЋљРЋљРЋљРЋљРЋљРЋљРЋљ
[09:47:22] [INFO    ] 
Round 01/10 Рћѓ Naive Carbon-Aware
[09:47:23] [INFO    ]   Node 0 Oslo       ­Ъї▒ TRAIN  (Renewable: 0.45 | Carbon: 77g COРѓѓ/kWh | Mix: Рўђ0% ­Ъїг44% ­Ъфе55%)
[09:47:23] [INFO    ]     РћћРћђ Acc=0.7587 | Loss=0.8579 | Compress=1.00
[09:47:24] [INFO    ]   Node 1 Melbourne  ­Ъї▒ TRAIN  (Renewable: 0.51 | Carbon: 502g COРѓѓ/kWh | Mix: Рўђ45% ­Ъїг6% ­Ъфе49%)
[09:47:24] [INFO    ]     РћћРћђ Acc=0.7400 | Loss=0.8425 | Compress=0.10
[09:47:24] [INFO    ]   Node 2 San Jos├Е   РЏћ IDLE (Naive: score 0.08 < threshold 0.25)
[09:47:24] [INFO    ]   Node 3 London     РЏћ IDLE (Naive: score 0.16 < threshold 0.25)
[09:47:26] [INFO    ] [Round 1] Aggregated 2 node(s) via renewable_weighted Рєњ Acc=0.4648 Loss=2.0943
[09:47:26] [INFO    ]   Рќ║ Global Acc=0.4648 | Participants=2/4 | Energy=3.0800 kWh | COРѓѓ=866.98g
[09:47:26] [INFO    ] 
Round 02/10 Рћѓ Naive Carbon-Aware
[09:47:27] [INFO    ]   Node 0 Oslo       ­Ъї▒ TRAIN  (Renewable: 0.42 | Carbon: 80g COРѓѓ/kWh | Mix: Рўђ1% ­Ъїг41% ­Ъфе59%)
[09:47:27] [INFO    ]     РћћРћђ Acc=0.9107 | Loss=0.3248 | Compress=1.00
[09:47:27] [INFO    ]   Node 1 Melbourne  РЏћ IDLE (Naive: score 0.24 < threshold 0.25)
[09:47:27] [INFO    ]   Node 2 San Jos├Е   РЏћ IDLE (Naive: score 0.09 < threshold 0.25)
[09:47:27] [INFO    ]   Node 3 London     РЏћ IDLE (Naive: score 0.18 < threshold 0.25)
[09:47:29] [INFO    ] [Round 2] Aggregated 1 node(s) via renewable_weighted Рєњ Acc=0.6059 Loss=2.0269
[09:47:29] [INFO    ]   Рќ║ Global Acc=0.6059 | Participants=1/4 | Energy=1.6800 kWh | COРѓѓ=181.58g
[09:47:29] [INFO    ] 
Round 03/10 Рћѓ Naive Carbon-Aware
[09:47:30] [INFO    ]   Node 0 Oslo       ­Ъї▒ TRAIN  (Renewable: 0.44 | Carbon: 78g COРѓѓ/kWh | Mix: Рўђ5% ­Ъїг39% ­Ъфе56%)
[09:47:30] [INFO    ]     РћћРћђ Acc=0.9447 | Loss=0.1856 | Compress=1.00
[09:47:30] [INFO    ]   Node 1 Melbourne  РЏћ IDLE (Naive: score 0.11 < threshold 0.25)
[09:47:30] [INFO    ]   Node 2 San Jos├Е   РЏћ IDLE (Naive: score 0.12 < threshold 0.25)
[09:47:30] [INFO    ]   Node 3 London     РЏћ IDLE (Naive: score 0.24 < threshold 0.25)
[09:47:32] [INFO    ] [Round 3] Aggregated 1 node(s) via renewable_weighted Рєњ Acc=0.6556 Loss=1.8275
[09:47:32] [INFO    ]   Рќ║ Global Acc=0.6556 | Participants=1/4 | Energy=1.6800 kWh | COРѓѓ=183.32g
[09:47:32] [INFO    ] 
Round 04/10 Рћѓ Naive Carbon-Aware
[09:47:32] [INFO    ]   Node 0 Oslo       ­Ъї▒ TRAIN  (Renewable: 0.39 | Carbon: 83g COРѓѓ/kWh | Mix: Рўђ11% ­Ъїг27% ­Ъфе62%)
[09:47:32] [INFO    ]     РћћРћђ Acc=0.9663 | Loss=0.1267 | Compress=1.00
[09:47:32] [INFO    ]   Node 1 Melbourne  РЏћ IDLE (Naive: score 0.11 < threshold 0.25)
[09:47:32] [INFO    ]   Node 2 San Jos├Е   РЏћ IDLE (Naive: score 0.07 < threshold 0.25)
[09:47:33] [INFO    ]   Node 3 London     ­Ъї▒ TRAIN  (Renewable: 0.30 | Carbon: 167g COРѓѓ/kWh | Mix: Рўђ12% ­Ъїг18% ­Ъфе70%)
[09:47:33] [INFO    ]     РћћРћђ Acc=0.9080 | Loss=0.3770 | Compress=1.00
[09:47:35] [INFO    ] [Round 4] Aggregated 2 node(s) via renewable_weighted Рєњ Acc=0.6665 Loss=1.7484
[09:47:35] [INFO    ]   Рќ║ Global Acc=0.6665 | Participants=2/4 | Energy=3.0800 kWh | COРѓѓ=424.36g
[09:47:35] [INFO    ] 
Round 05/10 Рћѓ Naive Carbon-Aware
[09:47:36] [INFO    ]   Node 0 Oslo       ­Ъї▒ TRAIN  (Renewable: 0.35 | Carbon: 86g COРѓѓ/kWh | Mix: Рўђ12% ­Ъїг22% ­Ъфе66%)
[09:47:36] [INFO    ]     РћћРћђ Acc=0.9640 | Loss=0.1252 | Compress=1.00
[09:47:36] [INFO    ]   Node 1 Melbourne  РЏћ IDLE (Naive: score 0.15 < threshold 0.25)
[09:47:36] [INFO    ]   Node 2 San Jos├Е   РЏћ IDLE (Naive: score 0.11 < threshold 0.25)
[09:47:36] [INFO    ]   Node 3 London     ­Ъї▒ TRAIN  (Renewable: 0.37 | Carbon: 155g COРѓѓ/kWh | Mix: Рўђ15% ­Ъїг21% ­Ъфе64%)
[09:47:36] [INFO    ]     РћћРћђ Acc=0.9233 | Loss=0.2757 | Compress=1.00
[09:47:38] [INFO    ] [Round 5] Aggregated 2 node(s) via renewable_weighted Рєњ Acc=0.6523 Loss=1.6472
[09:47:38] [INFO    ]   Рќ║ Global Acc=0.6523 | Participants=2/4 | Energy=3.0800 kWh | COРѓѓ=409.71g
[09:47:38] [INFO    ] 
Round 06/10 Рћѓ Naive Carbon-Aware
[09:47:39] [INFO    ]   Node 0 Oslo       ­Ъї▒ TRAIN  (Renewable: 0.46 | Carbon: 76g COРѓѓ/kWh | Mix: Рўђ5% ­Ъїг40% ­Ъфе55%)
[09:47:39] [INFO    ]     РћћРћђ Acc=0.9673 | Loss=0.1115 | Compress=1.00
[09:47:39] [INFO    ]   Node 1 Melbourne  РЏћ IDLE (Naive: score 0.17 < threshold 0.25)
[09:47:39] [INFO    ]   Node 2 San Jos├Е   ­Ъї▒ TRAIN  (Renewable: 0.27 | Carbon: 31g COРѓѓ/kWh | Mix: Рўђ20% ­Ъїг6% ­Ъфе74%)
[09:47:39] [INFO    ]     РћћРћђ Acc=0.6560 | Loss=1.5134 | Compress=1.00
[09:47:40] [INFO    ]   Node 3 London     ­Ъї▒ TRAIN  (Renewable: 0.30 | Carbon: 166g COРѓѓ/kWh | Mix: Рўђ11% ­Ъїг18% ­Ъфе70%)
[09:47:40] [INFO    ]     РћћРћђ Acc=0.9393 | Loss=0.1942 | Compress=1.00
[09:47:42] [INFO    ] [Round 6] Aggregated 3 node(s) via renewable_weighted Рєњ Acc=0.7583 Loss=1.0997
[09:47:42] [INFO    ]   Рќ║ Global Acc=0.7583 | Participants=3/4 | Energy=4.4800 kWh | COРѓѓ=454.09g
[09:47:42] [INFO    ] 
Round 07/10 Рћѓ Naive Carbon-Aware
[09:47:43] [INFO    ]   Node 0 Oslo       ­Ъї▒ TRAIN  (Renewable: 0.40 | Carbon: 82g COРѓѓ/kWh | Mix: Рўђ0% ­Ъїг39% ­Ъфе61%)
[09:47:43] [INFO    ]     РћћРћђ Acc=0.9753 | Loss=0.0871 | Compress=1.00
[09:47:43] [INFO    ]   Node 1 Melbourne  РЏћ IDLE (Naive: score 0.18 < threshold 0.25)
[09:47:43] [INFO    ]   Node 2 San Jos├Е   ­Ъї▒ TRAIN  (Renewable: 0.41 | Carbon: 27g COРѓѓ/kWh | Mix: Рўђ34% ­Ъїг6% ­Ъфе60%)
[09:47:43] [INFO    ]     РћћРћђ Acc=0.7150 | Loss=1.0867 | Compress=1.00
[09:47:43] [INFO    ]   Node 3 London     РЏћ IDLE (Naive: score 0.18 < threshold 0.25)
[09:47:45] [INFO    ] [Round 7] Aggregated 2 node(s) via renewable_weighted Рєњ Acc=0.7523 Loss=0.8732
[09:47:45] [INFO    ]   Рќ║ Global Acc=0.7523 | Participants=2/4 | Energy=3.0800 kWh | COРѓѓ=223.60g
[09:47:45] [INFO    ] 
Round 08/10 Рћѓ Naive Carbon-Aware
[09:47:46] [INFO    ]   Node 0 Oslo       ­Ъї▒ TRAIN  (Renewable: 0.32 | Carbon: 89g COРѓѓ/kWh | Mix: Рўђ0% ­Ъїг31% ­Ъфе69%)
[09:47:46] [INFO    ]     РћћРћђ Acc=0.9763 | Loss=0.0782 | Compress=1.00
[09:47:46] [INFO    ]   Node 1 Melbourne  РЏћ IDLE (Naive: score 0.21 < threshold 0.25)
[09:47:46] [INFO    ]   Node 2 San Jos├Е   ­Ъї▒ TRAIN  (Renewable: 0.40 | Carbon: 27g COРѓѓ/kWh | Mix: Рўђ34% ­Ъїг5% ­Ъфе61%)
[09:47:46] [INFO    ]     РћћРћђ Acc=0.7890 | Loss=0.8107 | Compress=1.00
[09:47:46] [INFO    ]   Node 3 London     РЏћ IDLE (Naive: score 0.08 < threshold 0.25)
[09:47:48] [INFO    ] [Round 8] Aggregated 2 node(s) via renewable_weighted Рєњ Acc=0.7803 Loss=0.6753
[09:47:48] [INFO    ]   Рќ║ Global Acc=0.7803 | Participants=2/4 | Energy=3.0800 kWh | COРѓѓ=235.50g
[09:47:48] [INFO    ] 
Round 09/10 Рћѓ Naive Carbon-Aware
[09:47:49] [INFO    ]   Node 0 Oslo       ­Ъї▒ TRAIN  (Renewable: 0.41 | Carbon: 81g COРѓѓ/kWh | Mix: Рўђ0% ­Ъїг40% ­Ъфе60%)
[09:47:49] [INFO    ]     РћћРћђ Acc=0.9753 | Loss=0.0817 | Compress=1.00
[09:47:49] [INFO    ]   Node 1 Melbourne  ­Ъї▒ TRAIN  (Renewable: 0.42 | Carbon: 564g COРѓѓ/kWh | Mix: Рўђ24% ­Ъїг17% ­Ъфе59%)
[09:47:49] [INFO    ]     РћћРћђ Acc=0.9695 | Loss=0.1008 | Compress=0.10
[09:47:49] [INFO    ]   Node 2 San Jos├Е   РЏћ IDLE (Naive: score 0.24 < threshold 0.25)
[09:47:49] [INFO    ]   Node 3 London     РЏћ IDLE (Naive: score 0.07 < threshold 0.25)
[09:47:51] [INFO    ] [Round 9] Aggregated 2 node(s) via renewable_weighted Рєњ Acc=0.7167 Loss=1.1421
[09:47:51] [INFO    ]   Рќ║ Global Acc=0.7167 | Participants=2/4 | Energy=3.0800 kWh | COРѓѓ=964.90g
[09:47:51] [INFO    ] 
Round 10/10 Рћѓ Naive Carbon-Aware
[09:47:52] [INFO    ]   Node 0 Oslo       ­Ъї▒ TRAIN  (Renewable: 0.37 | Carbon: 85g COРѓѓ/kWh | Mix: Рўђ1% ­Ъїг35% ­Ъфе64%)
[09:47:52] [INFO    ]     РћћРћђ Acc=0.9813 | Loss=0.0634 | Compress=1.00
[09:47:53] [INFO    ]   Node 1 Melbourne  ­Ъї▒ TRAIN  (Renewable: 0.56 | Carbon: 470g COРѓѓ/kWh | Mix: Рўђ44% ­Ъїг11% ­Ъфе45%)
[09:47:53] [INFO    ]     РћћРћђ Acc=0.9835 | Loss=0.0664 | Compress=0.10
[09:47:53] [INFO    ]   Node 2 San Jos├Е   РЏћ IDLE (Naive: score 0.13 < threshold 0.25)
[09:47:53] [INFO    ]   Node 3 London     РЏћ IDLE (Naive: score 0.10 < threshold 0.25)
[09:47:55] [INFO    ] [Round 10] Aggregated 2 node(s) via renewable_weighted Рєњ Acc=0.6992 Loss=1.3291
[09:47:55] [INFO    ]   Рќ║ Global Acc=0.6992 | Participants=2/4 | Energy=3.0800 kWh | COРѓѓ=831.93g
[09:47:55] [INFO    ] 
  ­ЪЊЮ Technical report Рєњ results_experiment/B_101112/reports/technical_report.md
[09:47:55] [INFO    ]   ­ЪЊІ Metrics JSON Рєњ results_experiment/B_101112/metrics/experiment_results.json
[09:47:55] [INFO    ] 
  РЈ▒  Total execution: 32.5s
[09:47:55] [INFO    ] РћЂРћЂРћЂРћЂРћЂРћЂРћЂРћЂРћЂРћЂРћЂРћЂРћЂРћЂРћЂРћЂРћЂРћЂРћЂРћЂРћЂРћЂРћЂРћЂРћЂРћЂРћЂРћЂРћЂРћЂРћЂРћЂРћЂРћЂРћЂРћЂРћЂРћЂРћЂРћЂРћЂРћЂРћЂРћЂРћЂРћЂРћЂРћЂРћЂРћЂРћЂРћЂРћЂРћЂРћЂРћЂРћЂРћЂРћЂРћЂРћЂРћЂРћЂРћЂРћЂРћЂРћЂРћЂРћЂРћЂ
[09:47:55] [INFO    ]   ­Ъї▒ Training complete. The planet thanks you.
[09:47:55] [INFO    ] РћЂРћЂРћЂРћЂРћЂРћЂРћЂРћЂРћЂРћЂРћЂРћЂРћЂРћЂРћЂРћЂРћЂРћЂРћЂРћЂРћЂРћЂРћЂРћЂРћЂРћЂРћЂРћЂРћЂРћЂРћЂРћЂРћЂРћЂРћЂРћЂРћЂРћЂРћЂРћЂРћЂРћЂРћЂРћЂРћЂРћЂРћЂРћЂРћЂРћЂРћЂРћЂРћЂРћЂРћЂРћЂРћЂРћЂРћЂРћЂРћЂРћЂРћЂРћЂРћЂРћЂРћЂРћЂРћЂРћЂ

